<?xml version="1.0" encoding="UTF-8"?>
<testsuite xmlns:xsi="http://www.w3.org/2001/XMLSchema-instance" xsi:noNamespaceSchemaLocation="https://maven.apache.org/surefire/maven-surefire-plugin/xsd/surefire-test-report-3.0.xsd" version="3.0" name="br.edu.ifce.meuprimeirospringboot.MeuprimeirospringbootApplicationTests" time="15.288" tests="1" errors="0" skipped="0" failures="0">
  <properties>
    <property name="java.specification.version" value="20"/>
    <property name="sun.cpu.isalist" value="amd64"/>
    <property name="sun.jnu.encoding" value="Cp1252"/>
    <property name="java.class.path" value="C:\Users\Ray\Desktop\tjw2025.1\target\test-classes;C:\Users\Ray\Desktop\tjw2025.1\target\classes;C:\Users\Ray\.m2\repository\org\springframework\boot\spring-boot-starter-data-jpa\3.2.3\spring-boot-starter-data-jpa-3.2.3.jar;C:\Users\Ray\.m2\repository\org\springframework\boot\spring-boot-starter-aop\3.2.3\spring-boot-starter-aop-3.2.3.jar;C:\Users\Ray\.m2\repository\org\springframework\spring-aop\6.1.4\spring-aop-6.1.4.jar;C:\Users\Ray\.m2\repository\org\aspectj\aspectjweaver\1.9.21\aspectjweaver-1.9.21.jar;C:\Users\Ray\.m2\repository\org\springframework\boot\spring-boot-starter-jdbc\3.2.3\spring-boot-starter-jdbc-3.2.3.jar;C:\Users\Ray\.m2\repository\com\zaxxer\HikariCP\5.0.1\HikariCP-5.0.1.jar;C:\Users\Ray\.m2\repository\org\springframework\spring-jdbc\6.1.4\spring-jdbc-6.1.4.jar;C:\Users\Ray\.m2\repository\org\hibernate\orm\hibernate-core\6.4.4.Final\hibernate-core-6.4.4.Final.jar;C:\Users\Ray\.m2\repository\jakarta\persistence\jakarta.persistence-api\3.1.0\jakarta.persistence-api-3.1.0.jar;C:\Users\Ray\.m2\repository\jakarta\transaction\jakarta.transaction-api\2.0.1\jakarta.transaction-api-2.0.1.jar;C:\Users\Ray\.m2\repository\org\jboss\logging\jboss-logging\3.5.3.Final\jboss-logging-3.5.3.Final.jar;C:\Users\Ray\.m2\repository\org\hibernate\common\hibernate-commons-annotations\6.0.6.Final\hibernate-commons-annotations-6.0.6.Final.jar;C:\Users\Ray\.m2\repository\io\smallrye\jandex\3.1.2\jandex-3.1.2.jar;C:\Users\Ray\.m2\repository\com\fasterxml\classmate\1.6.0\classmate-1.6.0.jar;C:\Users\Ray\.m2\repository\net\bytebuddy\byte-buddy\1.14.12\byte-buddy-1.14.12.jar;C:\Users\Ray\.m2\repository\org\glassfish\jaxb\jaxb-runtime\4.0.4\jaxb-runtime-4.0.4.jar;C:\Users\Ray\.m2\repository\org\glassfish\jaxb\jaxb-core\4.0.4\jaxb-core-4.0.4.jar;C:\Users\Ray\.m2\repository\org\eclipse\angus\angus-activation\2.0.1\angus-activation-2.0.1.jar;C:\Users\Ray\.m2\repository\org\glassfish\jaxb\txw2\4.0.4\txw2-4.0.4.jar;C:\Users\Ray\.m2\repository\com\sun\istack\istack-commons-runtime\4.1.2\istack-commons-runtime-4.1.2.jar;C:\Users\Ray\.m2\repository\jakarta\inject\jakarta.inject-api\2.0.1\jakarta.inject-api-2.0.1.jar;C:\Users\Ray\.m2\repository\org\antlr\antlr4-runtime\4.13.0\antlr4-runtime-4.13.0.jar;C:\Users\Ray\.m2\repository\org\springframework\data\spring-data-jpa\3.2.3\spring-data-jpa-3.2.3.jar;C:\Users\Ray\.m2\repository\org\springframework\data\spring-data-commons\3.2.3\spring-data-commons-3.2.3.jar;C:\Users\Ray\.m2\repository\org\springframework\spring-orm\6.1.4\spring-orm-6.1.4.jar;C:\Users\Ray\.m2\repository\org\springframework\spring-context\6.1.4\spring-context-6.1.4.jar;C:\Users\Ray\.m2\repository\org\springframework\spring-tx\6.1.4\spring-tx-6.1.4.jar;C:\Users\Ray\.m2\repository\org\springframework\spring-beans\6.1.4\spring-beans-6.1.4.jar;C:\Users\Ray\.m2\repository\jakarta\annotation\jakarta.annotation-api\2.1.1\jakarta.annotation-api-2.1.1.jar;C:\Users\Ray\.m2\repository\org\slf4j\slf4j-api\2.0.12\slf4j-api-2.0.12.jar;C:\Users\Ray\.m2\repository\org\springframework\spring-aspects\6.1.4\spring-aspects-6.1.4.jar;C:\Users\Ray\.m2\repository\org\springframework\boot\spring-boot-starter-web\3.2.3\spring-boot-starter-web-3.2.3.jar;C:\Users\Ray\.m2\repository\org\springframework\boot\spring-boot-starter\3.2.3\spring-boot-starter-3.2.3.jar;C:\Users\Ray\.m2\repository\org\springframework\boot\spring-boot\3.2.3\spring-boot-3.2.3.jar;C:\Users\Ray\.m2\repository\org\springframework\boot\spring-boot-autoconfigure\3.2.3\spring-boot-autoconfigure-3.2.3.jar;C:\Users\Ray\.m2\repository\org\springframework\boot\spring-boot-starter-logging\3.2.3\spring-boot-starter-logging-3.2.3.jar;C:\Users\Ray\.m2\repository\ch\qos\logback\logback-classic\1.4.14\logback-classic-1.4.14.jar;C:\Users\Ray\.m2\repository\ch\qos\logback\logback-core\1.4.14\logback-core-1.4.14.jar;C:\Users\Ray\.m2\repository\org\apache\logging\log4j\log4j-to-slf4j\2.21.1\log4j-to-slf4j-2.21.1.jar;C:\Users\Ray\.m2\repository\org\apache\logging\log4j\log4j-api\2.21.1\log4j-api-2.21.1.jar;C:\Users\Ray\.m2\repository\org\slf4j\jul-to-slf4j\2.0.12\jul-to-slf4j-2.0.12.jar;C:\Users\Ray\.m2\repository\org\yaml\snakeyaml\2.2\snakeyaml-2.2.jar;C:\Users\Ray\.m2\repository\org\springframework\boot\spring-boot-starter-json\3.2.3\spring-boot-starter-json-3.2.3.jar;C:\Users\Ray\.m2\repository\com\fasterxml\jackson\core\jackson-databind\2.15.4\jackson-databind-2.15.4.jar;C:\Users\Ray\.m2\repository\com\fasterxml\jackson\core\jackson-annotations\2.15.4\jackson-annotations-2.15.4.jar;C:\Users\Ray\.m2\repository\com\fasterxml\jackson\core\jackson-core\2.15.4\jackson-core-2.15.4.jar;C:\Users\Ray\.m2\repository\com\fasterxml\jackson\datatype\jackson-datatype-jdk8\2.15.4\jackson-datatype-jdk8-2.15.4.jar;C:\Users\Ray\.m2\repository\com\fasterxml\jackson\datatype\jackson-datatype-jsr310\2.15.4\jackson-datatype-jsr310-2.15.4.jar;C:\Users\Ray\.m2\repository\com\fasterxml\jackson\module\jackson-module-parameter-names\2.15.4\jackson-module-parameter-names-2.15.4.jar;C:\Users\Ray\.m2\repository\org\springframework\boot\spring-boot-starter-tomcat\3.2.3\spring-boot-starter-tomcat-3.2.3.jar;C:\Users\Ray\.m2\repository\org\apache\tomcat\embed\tomcat-embed-core\10.1.19\tomcat-embed-core-10.1.19.jar;C:\Users\Ray\.m2\repository\org\apache\tomcat\embed\tomcat-embed-websocket\10.1.19\tomcat-embed-websocket-10.1.19.jar;C:\Users\Ray\.m2\repository\org\springframework\spring-web\6.1.4\spring-web-6.1.4.jar;C:\Users\Ray\.m2\repository\io\micrometer\micrometer-observation\1.12.3\micrometer-observation-1.12.3.jar;C:\Users\Ray\.m2\repository\io\micrometer\micrometer-commons\1.12.3\micrometer-commons-1.12.3.jar;C:\Users\Ray\.m2\repository\org\springframework\spring-webmvc\6.1.4\spring-webmvc-6.1.4.jar;C:\Users\Ray\.m2\repository\org\springframework\spring-expression\6.1.4\spring-expression-6.1.4.jar;C:\Users\Ray\.m2\repository\org\springframework\boot\spring-boot-starter-thymeleaf\3.2.3\spring-boot-starter-thymeleaf-3.2.3.jar;C:\Users\Ray\.m2\repository\org\thymeleaf\thymeleaf-spring6\3.1.2.RELEASE\thymeleaf-spring6-3.1.2.RELEASE.jar;C:\Users\Ray\.m2\repository\org\thymeleaf\thymeleaf\3.1.2.RELEASE\thymeleaf-3.1.2.RELEASE.jar;C:\Users\Ray\.m2\repository\org\attoparser\attoparser\2.0.7.RELEASE\attoparser-2.0.7.RELEASE.jar;C:\Users\Ray\.m2\repository\org\unbescape\unbescape\1.1.6.RELEASE\unbescape-1.1.6.RELEASE.jar;C:\Users\Ray\.m2\repository\org\springframework\boot\spring-boot-starter-validation\3.2.3\spring-boot-starter-validation-3.2.3.jar;C:\Users\Ray\.m2\repository\org\apache\tomcat\embed\tomcat-embed-el\10.1.19\tomcat-embed-el-10.1.19.jar;C:\Users\Ray\.m2\repository\org\hibernate\validator\hibernate-validator\8.0.1.Final\hibernate-validator-8.0.1.Final.jar;C:\Users\Ray\.m2\repository\jakarta\validation\jakarta.validation-api\3.0.2\jakarta.validation-api-3.0.2.jar;C:\Users\Ray\.m2\repository\com\h2database\h2\2.2.224\h2-2.2.224.jar;C:\Users\Ray\.m2\repository\org\projectlombok\lombok\1.18.30\lombok-1.18.30.jar;C:\Users\Ray\.m2\repository\org\springframework\boot\spring-boot-starter-test\3.2.3\spring-boot-starter-test-3.2.3.jar;C:\Users\Ray\.m2\repository\org\springframework\boot\spring-boot-test\3.2.3\spring-boot-test-3.2.3.jar;C:\Users\Ray\.m2\repository\org\springframework\boot\spring-boot-test-autoconfigure\3.2.3\spring-boot-test-autoconfigure-3.2.3.jar;C:\Users\Ray\.m2\repository\com\jayway\jsonpath\json-path\2.9.0\json-path-2.9.0.jar;C:\Users\Ray\.m2\repository\jakarta\xml\bind\jakarta.xml.bind-api\4.0.1\jakarta.xml.bind-api-4.0.1.jar;C:\Users\Ray\.m2\repository\jakarta\activation\jakarta.activation-api\2.1.2\jakarta.activation-api-2.1.2.jar;C:\Users\Ray\.m2\repository\net\minidev\json-smart\2.5.0\json-smart-2.5.0.jar;C:\Users\Ray\.m2\repository\net\minidev\accessors-smart\2.5.0\accessors-smart-2.5.0.jar;C:\Users\Ray\.m2\repository\org\ow2\asm\asm\9.3\asm-9.3.jar;C:\Users\Ray\.m2\repository\org\assertj\assertj-core\3.24.2\assertj-core-3.24.2.jar;C:\Users\Ray\.m2\repository\org\awaitility\awaitility\4.2.0\awaitility-4.2.0.jar;C:\Users\Ray\.m2\repository\org\hamcrest\hamcrest\2.2\hamcrest-2.2.jar;C:\Users\Ray\.m2\repository\org\junit\jupiter\junit-jupiter\5.10.2\junit-jupiter-5.10.2.jar;C:\Users\Ray\.m2\repository\org\junit\jupiter\junit-jupiter-api\5.10.2\junit-jupiter-api-5.10.2.jar;C:\Users\Ray\.m2\repository\org\opentest4j\opentest4j\1.3.0\opentest4j-1.3.0.jar;C:\Users\Ray\.m2\repository\org\junit\platform\junit-platform-commons\1.10.2\junit-platform-commons-1.10.2.jar;C:\Users\Ray\.m2\repository\org\apiguardian\apiguardian-api\1.1.2\apiguardian-api-1.1.2.jar;C:\Users\Ray\.m2\repository\org\junit\jupiter\junit-jupiter-params\5.10.2\junit-jupiter-params-5.10.2.jar;C:\Users\Ray\.m2\repository\org\junit\jupiter\junit-jupiter-engine\5.10.2\junit-jupiter-engine-5.10.2.jar;C:\Users\Ray\.m2\repository\org\junit\platform\junit-platform-engine\1.10.2\junit-platform-engine-1.10.2.jar;C:\Users\Ray\.m2\repository\org\mockito\mockito-core\5.7.0\mockito-core-5.7.0.jar;C:\Users\Ray\.m2\repository\net\bytebuddy\byte-buddy-agent\1.14.12\byte-buddy-agent-1.14.12.jar;C:\Users\Ray\.m2\repository\org\objenesis\objenesis\3.3\objenesis-3.3.jar;C:\Users\Ray\.m2\repository\org\mockito\mockito-junit-jupiter\5.7.0\mockito-junit-jupiter-5.7.0.jar;C:\Users\Ray\.m2\repository\org\skyscreamer\jsonassert\1.5.1\jsonassert-1.5.1.jar;C:\Users\Ray\.m2\repository\com\vaadin\external\google\android-json\0.0.20131108.vaadin1\android-json-0.0.20131108.vaadin1.jar;C:\Users\Ray\.m2\repository\org\springframework\spring-core\6.1.4\spring-core-6.1.4.jar;C:\Users\Ray\.m2\repository\org\springframework\spring-jcl\6.1.4\spring-jcl-6.1.4.jar;C:\Users\Ray\.m2\repository\org\springframework\spring-test\6.1.4\spring-test-6.1.4.jar;C:\Users\Ray\.m2\repository\org\xmlunit\xmlunit-core\2.9.1\xmlunit-core-2.9.1.jar;"/>
    <property name="java.vm.vendor" value="Oracle Corporation"/>
    <property name="sun.arch.data.model" value="64"/>
    <property name="user.variant" value=""/>
    <property name="java.vendor.url" value="https://java.oracle.com/"/>
    <property name="user.timezone" value="America/Sao_Paulo"/>
    <property name="org.jboss.logging.provider" value="slf4j"/>
    <property name="os.name" value="Windows 11"/>
    <property name="java.vm.specification.version" value="20"/>
    <property name="sun.java.launcher" value="SUN_STANDARD"/>
    <property name="user.country" value="BR"/>
    <property name="sun.boot.library.path" value="C:\Program Files\Java\jdk-20\bin"/>
    <property name="sun.java.command" value="C:\Users\Ray\AppData\Local\Temp\surefire10241982085762664007\surefirebooter-20250702230249025_3.jar C:\Users\Ray\AppData\Local\Temp\surefire10241982085762664007 2025-07-02T23-02-48_654-jvmRun1 surefire-20250702230249025_1tmp surefire_0-20250702230249025_2tmp"/>
    <property name="jdk.debug" value="release"/>
    <property name="surefire.test.class.path" value="C:\Users\Ray\Desktop\tjw2025.1\target\test-classes;C:\Users\Ray\Desktop\tjw2025.1\target\classes;C:\Users\Ray\.m2\repository\org\springframework\boot\spring-boot-starter-data-jpa\3.2.3\spring-boot-starter-data-jpa-3.2.3.jar;C:\Users\Ray\.m2\repository\org\springframework\boot\spring-boot-starter-aop\3.2.3\spring-boot-starter-aop-3.2.3.jar;C:\Users\Ray\.m2\repository\org\springframework\spring-aop\6.1.4\spring-aop-6.1.4.jar;C:\Users\Ray\.m2\repository\org\aspectj\aspectjweaver\1.9.21\aspectjweaver-1.9.21.jar;C:\Users\Ray\.m2\repository\org\springframework\boot\spring-boot-starter-jdbc\3.2.3\spring-boot-starter-jdbc-3.2.3.jar;C:\Users\Ray\.m2\repository\com\zaxxer\HikariCP\5.0.1\HikariCP-5.0.1.jar;C:\Users\Ray\.m2\repository\org\springframework\spring-jdbc\6.1.4\spring-jdbc-6.1.4.jar;C:\Users\Ray\.m2\repository\org\hibernate\orm\hibernate-core\6.4.4.Final\hibernate-core-6.4.4.Final.jar;C:\Users\Ray\.m2\repository\jakarta\persistence\jakarta.persistence-api\3.1.0\jakarta.persistence-api-3.1.0.jar;C:\Users\Ray\.m2\repository\jakarta\transaction\jakarta.transaction-api\2.0.1\jakarta.transaction-api-2.0.1.jar;C:\Users\Ray\.m2\repository\org\jboss\logging\jboss-logging\3.5.3.Final\jboss-logging-3.5.3.Final.jar;C:\Users\Ray\.m2\repository\org\hibernate\common\hibernate-commons-annotations\6.0.6.Final\hibernate-commons-annotations-6.0.6.Final.jar;C:\Users\Ray\.m2\repository\io\smallrye\jandex\3.1.2\jandex-3.1.2.jar;C:\Users\Ray\.m2\repository\com\fasterxml\classmate\1.6.0\classmate-1.6.0.jar;C:\Users\Ray\.m2\repository\net\bytebuddy\byte-buddy\1.14.12\byte-buddy-1.14.12.jar;C:\Users\Ray\.m2\repository\org\glassfish\jaxb\jaxb-runtime\4.0.4\jaxb-runtime-4.0.4.jar;C:\Users\Ray\.m2\repository\org\glassfish\jaxb\jaxb-core\4.0.4\jaxb-core-4.0.4.jar;C:\Users\Ray\.m2\repository\org\eclipse\angus\angus-activation\2.0.1\angus-activation-2.0.1.jar;C:\Users\Ray\.m2\repository\org\glassfish\jaxb\txw2\4.0.4\txw2-4.0.4.jar;C:\Users\Ray\.m2\repository\com\sun\istack\istack-commons-runtime\4.1.2\istack-commons-runtime-4.1.2.jar;C:\Users\Ray\.m2\repository\jakarta\inject\jakarta.inject-api\2.0.1\jakarta.inject-api-2.0.1.jar;C:\Users\Ray\.m2\repository\org\antlr\antlr4-runtime\4.13.0\antlr4-runtime-4.13.0.jar;C:\Users\Ray\.m2\repository\org\springframework\data\spring-data-jpa\3.2.3\spring-data-jpa-3.2.3.jar;C:\Users\Ray\.m2\repository\org\springframework\data\spring-data-commons\3.2.3\spring-data-commons-3.2.3.jar;C:\Users\Ray\.m2\repository\org\springframework\spring-orm\6.1.4\spring-orm-6.1.4.jar;C:\Users\Ray\.m2\repository\org\springframework\spring-context\6.1.4\spring-context-6.1.4.jar;C:\Users\Ray\.m2\repository\org\springframework\spring-tx\6.1.4\spring-tx-6.1.4.jar;C:\Users\Ray\.m2\repository\org\springframework\spring-beans\6.1.4\spring-beans-6.1.4.jar;C:\Users\Ray\.m2\repository\jakarta\annotation\jakarta.annotation-api\2.1.1\jakarta.annotation-api-2.1.1.jar;C:\Users\Ray\.m2\repository\org\slf4j\slf4j-api\2.0.12\slf4j-api-2.0.12.jar;C:\Users\Ray\.m2\repository\org\springframework\spring-aspects\6.1.4\spring-aspects-6.1.4.jar;C:\Users\Ray\.m2\repository\org\springframework\boot\spring-boot-starter-web\3.2.3\spring-boot-starter-web-3.2.3.jar;C:\Users\Ray\.m2\repository\org\springframework\boot\spring-boot-starter\3.2.3\spring-boot-starter-3.2.3.jar;C:\Users\Ray\.m2\repository\org\springframework\boot\spring-boot\3.2.3\spring-boot-3.2.3.jar;C:\Users\Ray\.m2\repository\org\springframework\boot\spring-boot-autoconfigure\3.2.3\spring-boot-autoconfigure-3.2.3.jar;C:\Users\Ray\.m2\repository\org\springframework\boot\spring-boot-starter-logging\3.2.3\spring-boot-starter-logging-3.2.3.jar;C:\Users\Ray\.m2\repository\ch\qos\logback\logback-classic\1.4.14\logback-classic-1.4.14.jar;C:\Users\Ray\.m2\repository\ch\qos\logback\logback-core\1.4.14\logback-core-1.4.14.jar;C:\Users\Ray\.m2\repository\org\apache\logging\log4j\log4j-to-slf4j\2.21.1\log4j-to-slf4j-2.21.1.jar;C:\Users\Ray\.m2\repository\org\apache\logging\log4j\log4j-api\2.21.1\log4j-api-2.21.1.jar;C:\Users\Ray\.m2\repository\org\slf4j\jul-to-slf4j\2.0.12\jul-to-slf4j-2.0.12.jar;C:\Users\Ray\.m2\repository\org\yaml\snakeyaml\2.2\snakeyaml-2.2.jar;C:\Users\Ray\.m2\repository\org\springframework\boot\spring-boot-starter-json\3.2.3\spring-boot-starter-json-3.2.3.jar;C:\Users\Ray\.m2\repository\com\fasterxml\jackson\core\jackson-databind\2.15.4\jackson-databind-2.15.4.jar;C:\Users\Ray\.m2\repository\com\fasterxml\jackson\core\jackson-annotations\2.15.4\jackson-annotations-2.15.4.jar;C:\Users\Ray\.m2\repository\com\fasterxml\jackson\core\jackson-core\2.15.4\jackson-core-2.15.4.jar;C:\Users\Ray\.m2\repository\com\fasterxml\jackson\datatype\jackson-datatype-jdk8\2.15.4\jackson-datatype-jdk8-2.15.4.jar;C:\Users\Ray\.m2\repository\com\fasterxml\jackson\datatype\jackson-datatype-jsr310\2.15.4\jackson-datatype-jsr310-2.15.4.jar;C:\Users\Ray\.m2\repository\com\fasterxml\jackson\module\jackson-module-parameter-names\2.15.4\jackson-module-parameter-names-2.15.4.jar;C:\Users\Ray\.m2\repository\org\springframework\boot\spring-boot-starter-tomcat\3.2.3\spring-boot-starter-tomcat-3.2.3.jar;C:\Users\Ray\.m2\repository\org\apache\tomcat\embed\tomcat-embed-core\10.1.19\tomcat-embed-core-10.1.19.jar;C:\Users\Ray\.m2\repository\org\apache\tomcat\embed\tomcat-embed-websocket\10.1.19\tomcat-embed-websocket-10.1.19.jar;C:\Users\Ray\.m2\repository\org\springframework\spring-web\6.1.4\spring-web-6.1.4.jar;C:\Users\Ray\.m2\repository\io\micrometer\micrometer-observation\1.12.3\micrometer-observation-1.12.3.jar;C:\Users\Ray\.m2\repository\io\micrometer\micrometer-commons\1.12.3\micrometer-commons-1.12.3.jar;C:\Users\Ray\.m2\repository\org\springframework\spring-webmvc\6.1.4\spring-webmvc-6.1.4.jar;C:\Users\Ray\.m2\repository\org\springframework\spring-expression\6.1.4\spring-expression-6.1.4.jar;C:\Users\Ray\.m2\repository\org\springframework\boot\spring-boot-starter-thymeleaf\3.2.3\spring-boot-starter-thymeleaf-3.2.3.jar;C:\Users\Ray\.m2\repository\org\thymeleaf\thymeleaf-spring6\3.1.2.RELEASE\thymeleaf-spring6-3.1.2.RELEASE.jar;C:\Users\Ray\.m2\repository\org\thymeleaf\thymeleaf\3.1.2.RELEASE\thymeleaf-3.1.2.RELEASE.jar;C:\Users\Ray\.m2\repository\org\attoparser\attoparser\2.0.7.RELEASE\attoparser-2.0.7.RELEASE.jar;C:\Users\Ray\.m2\repository\org\unbescape\unbescape\1.1.6.RELEASE\unbescape-1.1.6.RELEASE.jar;C:\Users\Ray\.m2\repository\org\springframework\boot\spring-boot-starter-validation\3.2.3\spring-boot-starter-validation-3.2.3.jar;C:\Users\Ray\.m2\repository\org\apache\tomcat\embed\tomcat-embed-el\10.1.19\tomcat-embed-el-10.1.19.jar;C:\Users\Ray\.m2\repository\org\hibernate\validator\hibernate-validator\8.0.1.Final\hibernate-validator-8.0.1.Final.jar;C:\Users\Ray\.m2\repository\jakarta\validation\jakarta.validation-api\3.0.2\jakarta.validation-api-3.0.2.jar;C:\Users\Ray\.m2\repository\com\h2database\h2\2.2.224\h2-2.2.224.jar;C:\Users\Ray\.m2\repository\org\projectlombok\lombok\1.18.30\lombok-1.18.30.jar;C:\Users\Ray\.m2\repository\org\springframework\boot\spring-boot-starter-test\3.2.3\spring-boot-starter-test-3.2.3.jar;C:\Users\Ray\.m2\repository\org\springframework\boot\spring-boot-test\3.2.3\spring-boot-test-3.2.3.jar;C:\Users\Ray\.m2\repository\org\springframework\boot\spring-boot-test-autoconfigure\3.2.3\spring-boot-test-autoconfigure-3.2.3.jar;C:\Users\Ray\.m2\repository\com\jayway\jsonpath\json-path\2.9.0\json-path-2.9.0.jar;C:\Users\Ray\.m2\repository\jakarta\xml\bind\jakarta.xml.bind-api\4.0.1\jakarta.xml.bind-api-4.0.1.jar;C:\Users\Ray\.m2\repository\jakarta\activation\jakarta.activation-api\2.1.2\jakarta.activation-api-2.1.2.jar;C:\Users\Ray\.m2\repository\net\minidev\json-smart\2.5.0\json-smart-2.5.0.jar;C:\Users\Ray\.m2\repository\net\minidev\accessors-smart\2.5.0\accessors-smart-2.5.0.jar;C:\Users\Ray\.m2\repository\org\ow2\asm\asm\9.3\asm-9.3.jar;C:\Users\Ray\.m2\repository\org\assertj\assertj-core\3.24.2\assertj-core-3.24.2.jar;C:\Users\Ray\.m2\repository\org\awaitility\awaitility\4.2.0\awaitility-4.2.0.jar;C:\Users\Ray\.m2\repository\org\hamcrest\hamcrest\2.2\hamcrest-2.2.jar;C:\Users\Ray\.m2\repository\org\junit\jupiter\junit-jupiter\5.10.2\junit-jupiter-5.10.2.jar;C:\Users\Ray\.m2\repository\org\junit\jupiter\junit-jupiter-api\5.10.2\junit-jupiter-api-5.10.2.jar;C:\Users\Ray\.m2\repository\org\opentest4j\opentest4j\1.3.0\opentest4j-1.3.0.jar;C:\Users\Ray\.m2\repository\org\junit\platform\junit-platform-commons\1.10.2\junit-platform-commons-1.10.2.jar;C:\Users\Ray\.m2\repository\org\apiguardian\apiguardian-api\1.1.2\apiguardian-api-1.1.2.jar;C:\Users\Ray\.m2\repository\org\junit\jupiter\junit-jupiter-params\5.10.2\junit-jupiter-params-5.10.2.jar;C:\Users\Ray\.m2\repository\org\junit\jupiter\junit-jupiter-engine\5.10.2\junit-jupiter-engine-5.10.2.jar;C:\Users\Ray\.m2\repository\org\junit\platform\junit-platform-engine\1.10.2\junit-platform-engine-1.10.2.jar;C:\Users\Ray\.m2\repository\org\mockito\mockito-core\5.7.0\mockito-core-5.7.0.jar;C:\Users\Ray\.m2\repository\net\bytebuddy\byte-buddy-agent\1.14.12\byte-buddy-agent-1.14.12.jar;C:\Users\Ray\.m2\repository\org\objenesis\objenesis\3.3\objenesis-3.3.jar;C:\Users\Ray\.m2\repository\org\mockito\mockito-junit-jupiter\5.7.0\mockito-junit-jupiter-5.7.0.jar;C:\Users\Ray\.m2\repository\org\skyscreamer\jsonassert\1.5.1\jsonassert-1.5.1.jar;C:\Users\Ray\.m2\repository\com\vaadin\external\google\android-json\0.0.20131108.vaadin1\android-json-0.0.20131108.vaadin1.jar;C:\Users\Ray\.m2\repository\org\springframework\spring-core\6.1.4\spring-core-6.1.4.jar;C:\Users\Ray\.m2\repository\org\springframework\spring-jcl\6.1.4\spring-jcl-6.1.4.jar;C:\Users\Ray\.m2\repository\org\springframework\spring-test\6.1.4\spring-test-6.1.4.jar;C:\Users\Ray\.m2\repository\org\xmlunit\xmlunit-core\2.9.1\xmlunit-core-2.9.1.jar;"/>
    <property name="sun.cpu.endian" value="little"/>
    <property name="user.home" value="C:\Users\Ray"/>
    <property name="user.language" value="pt"/>
    <property name="java.specification.vendor" value="Oracle Corporation"/>
    <property name="java.version.date" value="2023-03-21"/>
    <property name="java.home" value="C:\Program Files\Java\jdk-20"/>
    <property name="file.separator" value="\"/>
    <property name="basedir" value="C:\Users\Ray\Desktop\tjw2025.1"/>
    <property name="java.vm.compressedOopsMode" value="Zero based"/>
    <property name="line.separator" value="&#10;"/>
    <property name="java.vm.specification.vendor" value="Oracle Corporation"/>
    <property name="java.specification.name" value="Java Platform API Specification"/>
    <property name="FILE_LOG_CHARSET" value="UTF-8"/>
    <property name="java.awt.headless" value="true"/>
    <property name="surefire.real.class.path" value="C:\Users\Ray\AppData\Local\Temp\surefire10241982085762664007\surefirebooter-20250702230249025_3.jar"/>
    <property name="user.script" value=""/>
    <property name="sun.management.compiler" value="HotSpot 64-Bit Tiered Compilers"/>
    <property name="java.runtime.version" value="20+36-2344"/>
    <property name="user.name" value="Ray"/>
    <property name="stdout.encoding" value="Cp1252"/>
    <property name="path.separator" value=";"/>
    <property name="os.version" value="10.0"/>
    <property name="java.runtime.name" value="Java(TM) SE Runtime Environment"/>
    <property name="file.encoding" value="UTF-8"/>
    <property name="java.vm.name" value="Java HotSpot(TM) 64-Bit Server VM"/>
    <property name="localRepository" value="C:\Users\Ray\.m2\repository"/>
    <property name="java.vendor.url.bug" value="https://bugreport.java.com/bugreport/"/>
    <property name="java.io.tmpdir" value="C:\Users\Ray\AppData\Local\Temp\"/>
    <property name="com.zaxxer.hikari.pool_number" value="1"/>
    <property name="java.version" value="20"/>
    <property name="user.dir" value="C:\Users\Ray\Desktop\tjw2025.1"/>
    <property name="os.arch" value="amd64"/>
    <property name="java.vm.specification.name" value="Java Virtual Machine Specification"/>
    <property name="PID" value="9660"/>
    <property name="sun.os.patch.level" value=""/>
    <property name="CONSOLE_LOG_CHARSET" value="UTF-8"/>
    <property name="native.encoding" value="Cp1252"/>
    <property name="java.library.path" value="C:\Program Files\Java\jdk-20\bin;C:\WINDOWS\Sun\Java\bin;C:\WINDOWS\system32;C:\WINDOWS;C:\Python313\Scripts\;C:\Python313\;C:\Program Files\Common Files\Oracle\Java\javapath;C:\WINDOWS\system32;C:\WINDOWS;C:\WINDOWS\System32\Wbem;C:\WINDOWS\System32\WindowsPowerShell\v1.0\;C:\WINDOWS\System32\OpenSSH\;C:\Program Files\Git\cmd;C:\MinGW\bin;C:\ProgramData\UNIVALI\Portugol Studio;C:\Program Files\JDK\openjdk-19.0.2_windows-x64_bin\jdk-19.0.2\bin;C:\Program Files\nodejs\;C:\ProgramData\chocolatey\bin;&quot;C:\Program Files\apache-maven-3.9.9&quot;\bin;C:\Users\Ray\AppData\Local\Programs\Python\Python311\Scripts\;C:\Users\Ray\AppData\Local\Programs\Python\Python311\;C:\Users\Ray\AppData\Local\Microsoft\WindowsApps;C:\Users\Ray\AppData\Local\Programs\Microsoft VS Code\bin;C:\Users\Ray\AppData\Local\GitHubDesktop\bin;C:\ProgramData\Ray\GitHubDesktop\bin;C:\MinGW\bin;C:\Program Files\JDK\openjdk-19.0.2_windows-x64_bin\jdk-19.0.2\bin;C:\Users\Ray\AppData\Roaming\npm;C:\Users\Ray\AppData\Local\Programs\cursor\resources\app\bin;."/>
    <property name="java.vm.info" value="mixed mode, sharing"/>
    <property name="stderr.encoding" value="Cp1252"/>
    <property name="java.vendor" value="Oracle Corporation"/>
    <property name="java.vm.version" value="20+36-2344"/>
    <property name="sun.io.unicode.encoding" value="UnicodeLittle"/>
    <property name="java.class.version" value="64.0"/>
    <property name="LOGGED_APPLICATION_NAME" value="[Sistema de GestÃ£o AcadÃªmica] "/>
  </properties>
  <testcase name="contextLoads" classname="br.edu.ifce.meuprimeirospringboot.MeuprimeirospringbootApplicationTests" time="1.27">
    <system-out><![CDATA[
  .   ____          _            __ _ _
 /\\ / ___'_ __ _ _(_)_ __  __ _ \ \ \ \
( ( )\___ | '_ | '_| | '_ \/ _` | \ \ \ \
 \\/  ___)| |_)| | | | | || (_| |  ) ) ) )
  '  |____| .__|_| |_|_| |_\__, | / / / /
 =========|_|==============|___/=/_/_/_/
 :: Spring Boot ::                (v3.2.3)

2025-07-02T23:02:52.236-03:00  INFO 9660 --- [Sistema de GestÃ£o AcadÃªmica] [           main] .m.MeuprimeirospringbootApplicationTests : Starting MeuprimeirospringbootApplicationTests using Java 20 with PID 9660 (started by Ray in C:\Users\Ray\Desktop\tjw2025.1)
2025-07-02T23:02:52.239-03:00  INFO 9660 --- [Sistema de GestÃ£o AcadÃªmica] [           main] .m.MeuprimeirospringbootApplicationTests : No active profile set, falling back to 1 default profile: "default"
2025-07-02T23:02:52.239-03:00 DEBUG 9660 --- [Sistema de GestÃ£o AcadÃªmica] [           main] o.s.boot.SpringApplication               : Loading source class br.com.tjw2025.Tjw2025Application
2025-07-02T23:02:52.312-03:00 DEBUG 9660 --- [Sistema de GestÃ£o AcadÃªmica] [           main] o.s.w.c.s.GenericWebApplicationContext   : Refreshing org.springframework.web.context.support.GenericWebApplicationContext@560513ce
2025-07-02T23:02:52.357-03:00 DEBUG 9660 --- [Sistema de GestÃ£o AcadÃªmica] [           main] o.s.b.f.s.DefaultListableBeanFactory     : Creating shared instance of singleton bean 'org.springframework.context.annotation.internalConfigurationAnnotationProcessor'
2025-07-02T23:02:52.396-03:00 DEBUG 9660 --- [Sistema de GestÃ£o AcadÃªmica] [           main] o.s.b.f.s.DefaultListableBeanFactory     : Creating shared instance of singleton bean 'org.springframework.boot.autoconfigure.internalCachingMetadataReaderFactory'
2025-07-02T23:02:52.518-03:00 DEBUG 9660 --- [Sistema de GestÃ£o AcadÃªmica] [           main] o.s.c.a.ClassPathBeanDefinitionScanner   : Identified candidate component class: file [C:\Users\Ray\Desktop\tjw2025.1\target\classes\br\com\tjw2025\config\WebConfig.class]
2025-07-02T23:02:52.550-03:00 DEBUG 9660 --- [Sistema de GestÃ£o AcadÃªmica] [           main] o.s.c.a.ClassPathBeanDefinitionScanner   : Identified candidate component class: file [C:\Users\Ray\Desktop\tjw2025.1\target\classes\br\com\tjw2025\controller\AcademicoController.class]
2025-07-02T23:02:52.555-03:00 DEBUG 9660 --- [Sistema de GestÃ£o AcadÃªmica] [           main] o.s.c.a.ClassPathBeanDefinitionScanner   : Identified candidate component class: file [C:\Users\Ray\Desktop\tjw2025.1\target\classes\br\com\tjw2025\controller\HomeController.class]
2025-07-02T23:02:52.576-03:00 DEBUG 9660 --- [Sistema de GestÃ£o AcadÃªmica] [           main] o.s.c.a.ClassPathBeanDefinitionScanner   : Identified candidate component class: file [C:\Users\Ray\Desktop\tjw2025.1\target\classes\br\com\tjw2025\controller\UserController.class]
2025-07-02T23:02:52.579-03:00 DEBUG 9660 --- [Sistema de GestÃ£o AcadÃªmica] [           main] o.s.c.a.ClassPathBeanDefinitionScanner   : Identified candidate component class: file [C:\Users\Ray\Desktop\tjw2025.1\target\classes\br\com\tjw2025\controller\UserViewController.class]
2025-07-02T23:02:52.609-03:00 DEBUG 9660 --- [Sistema de GestÃ£o AcadÃªmica] [           main] o.s.c.a.ClassPathBeanDefinitionScanner   : Ignored because not a concrete top-level class: file [C:\Users\Ray\Desktop\tjw2025.1\target\classes\br\com\tjw2025\repository\AlunoRepository.class]
2025-07-02T23:02:52.609-03:00 DEBUG 9660 --- [Sistema de GestÃ£o AcadÃªmica] [           main] o.s.c.a.ClassPathBeanDefinitionScanner   : Ignored because not a concrete top-level class: file [C:\Users\Ray\Desktop\tjw2025.1\target\classes\br\com\tjw2025\repository\DisciplinaRepository.class]
2025-07-02T23:02:52.615-03:00 DEBUG 9660 --- [Sistema de GestÃ£o AcadÃªmica] [           main] o.s.c.a.ClassPathBeanDefinitionScanner   : Ignored because not a concrete top-level class: file [C:\Users\Ray\Desktop\tjw2025.1\target\classes\br\com\tjw2025\repository\MatriculaRepository.class]
2025-07-02T23:02:52.615-03:00 DEBUG 9660 --- [Sistema de GestÃ£o AcadÃªmica] [           main] o.s.c.a.ClassPathBeanDefinitionScanner   : Ignored because not a concrete top-level class: file [C:\Users\Ray\Desktop\tjw2025.1\target\classes\br\com\tjw2025\repository\ProfessorRepository.class]
2025-07-02T23:02:52.620-03:00 DEBUG 9660 --- [Sistema de GestÃ£o AcadÃªmica] [           main] o.s.c.a.ClassPathBeanDefinitionScanner   : Ignored because not a concrete top-level class: file [C:\Users\Ray\Desktop\tjw2025.1\target\classes\br\com\tjw2025\repository\SemestreRepository.class]
2025-07-02T23:02:52.624-03:00 DEBUG 9660 --- [Sistema de GestÃ£o AcadÃªmica] [           main] o.s.c.a.ClassPathBeanDefinitionScanner   : Ignored because not a concrete top-level class: file [C:\Users\Ray\Desktop\tjw2025.1\target\classes\br\com\tjw2025\repository\TurmaRepository.class]
2025-07-02T23:02:52.626-03:00 DEBUG 9660 --- [Sistema de GestÃ£o AcadÃªmica] [           main] o.s.c.a.ClassPathBeanDefinitionScanner   : Ignored because not a concrete top-level class: file [C:\Users\Ray\Desktop\tjw2025.1\target\classes\br\com\tjw2025\repository\UserRepository.class]
2025-07-02T23:02:52.636-03:00 DEBUG 9660 --- [Sistema de GestÃ£o AcadÃªmica] [           main] o.s.c.a.ClassPathBeanDefinitionScanner   : Identified candidate component class: file [C:\Users\Ray\Desktop\tjw2025.1\target\classes\br\com\tjw2025\service\AlunoService.class]
2025-07-02T23:02:52.638-03:00 DEBUG 9660 --- [Sistema de GestÃ£o AcadÃªmica] [           main] o.s.c.a.ClassPathBeanDefinitionScanner   : Identified candidate component class: file [C:\Users\Ray\Desktop\tjw2025.1\target\classes\br\com\tjw2025\service\DisciplinaService.class]
2025-07-02T23:02:52.641-03:00 DEBUG 9660 --- [Sistema de GestÃ£o AcadÃªmica] [           main] o.s.c.a.ClassPathBeanDefinitionScanner   : Identified candidate component class: file [C:\Users\Ray\Desktop\tjw2025.1\target\classes\br\com\tjw2025\service\MatriculaService.class]
2025-07-02T23:02:52.641-03:00 DEBUG 9660 --- [Sistema de GestÃ£o AcadÃªmica] [           main] o.s.c.a.ClassPathBeanDefinitionScanner   : Identified candidate component class: file [C:\Users\Ray\Desktop\tjw2025.1\target\classes\br\com\tjw2025\service\ProfessorService.class]
2025-07-02T23:02:52.647-03:00 DEBUG 9660 --- [Sistema de GestÃ£o AcadÃªmica] [           main] o.s.c.a.ClassPathBeanDefinitionScanner   : Identified candidate component class: file [C:\Users\Ray\Desktop\tjw2025.1\target\classes\br\com\tjw2025\service\SemestreService.class]
2025-07-02T23:02:52.647-03:00 DEBUG 9660 --- [Sistema de GestÃ£o AcadÃªmica] [           main] o.s.c.a.ClassPathBeanDefinitionScanner   : Identified candidate component class: file [C:\Users\Ray\Desktop\tjw2025.1\target\classes\br\com\tjw2025\service\TurmaService.class]
2025-07-02T23:02:52.652-03:00 DEBUG 9660 --- [Sistema de GestÃ£o AcadÃªmica] [           main] o.s.c.a.ClassPathBeanDefinitionScanner   : Identified candidate component class: file [C:\Users\Ray\Desktop\tjw2025.1\target\classes\br\com\tjw2025\service\UserService.class]
2025-07-02T23:02:53.904-03:00  INFO 9660 --- [Sistema de GestÃ£o AcadÃªmica] [           main] .s.d.r.c.RepositoryConfigurationDelegate : Bootstrapping Spring Data JPA repositories in DEFAULT mode.
2025-07-02T23:02:53.914-03:00 DEBUG 9660 --- [Sistema de GestÃ£o AcadÃªmica] [           main] o.s.b.f.s.DefaultListableBeanFactory     : Creating shared instance of singleton bean 'org.springframework.boot.autoconfigure.AutoConfigurationPackages'
2025-07-02T23:02:53.934-03:00 DEBUG 9660 --- [Sistema de GestÃ£o AcadÃªmica] [           main] o.s.b.a.AutoConfigurationPackages        : @EnableAutoConfiguration was declared on a class in the package 'br.com.tjw2025'. Automatic @Repository and @Entity scanning is enabled.
2025-07-02T23:02:53.937-03:00 DEBUG 9660 --- [Sistema de GestÃ£o AcadÃªmica] [           main] .s.d.r.c.RepositoryConfigurationDelegate : Scanning for JPA repositories in packages br.com.tjw2025.
2025-07-02T23:02:53.962-03:00 DEBUG 9660 --- [Sistema de GestÃ£o AcadÃªmica] [           main] o.s.d.r.c.RepositoryComponentProvider    : Identified candidate component class: file [C:\Users\Ray\Desktop\tjw2025.1\target\classes\br\com\tjw2025\repository\AlunoRepository.class]
2025-07-02T23:02:53.962-03:00 DEBUG 9660 --- [Sistema de GestÃ£o AcadÃªmica] [           main] o.s.d.r.c.RepositoryComponentProvider    : Identified candidate component class: file [C:\Users\Ray\Desktop\tjw2025.1\target\classes\br\com\tjw2025\repository\DisciplinaRepository.class]
2025-07-02T23:02:53.962-03:00 DEBUG 9660 --- [Sistema de GestÃ£o AcadÃªmica] [           main] o.s.d.r.c.RepositoryComponentProvider    : Identified candidate component class: file [C:\Users\Ray\Desktop\tjw2025.1\target\classes\br\com\tjw2025\repository\MatriculaRepository.class]
2025-07-02T23:02:53.964-03:00 DEBUG 9660 --- [Sistema de GestÃ£o AcadÃªmica] [           main] o.s.d.r.c.RepositoryComponentProvider    : Identified candidate component class: file [C:\Users\Ray\Desktop\tjw2025.1\target\classes\br\com\tjw2025\repository\ProfessorRepository.class]
2025-07-02T23:02:53.964-03:00 DEBUG 9660 --- [Sistema de GestÃ£o AcadÃªmica] [           main] o.s.d.r.c.RepositoryComponentProvider    : Identified candidate component class: file [C:\Users\Ray\Desktop\tjw2025.1\target\classes\br\com\tjw2025\repository\SemestreRepository.class]
2025-07-02T23:02:53.964-03:00 DEBUG 9660 --- [Sistema de GestÃ£o AcadÃªmica] [           main] o.s.d.r.c.RepositoryComponentProvider    : Identified candidate component class: file [C:\Users\Ray\Desktop\tjw2025.1\target\classes\br\com\tjw2025\repository\TurmaRepository.class]
2025-07-02T23:02:53.964-03:00 DEBUG 9660 --- [Sistema de GestÃ£o AcadÃªmica] [           main] o.s.d.r.c.RepositoryComponentProvider    : Identified candidate component class: file [C:\Users\Ray\Desktop\tjw2025.1\target\classes\br\com\tjw2025\repository\UserRepository.class]
2025-07-02T23:02:54.063-03:00  INFO 9660 --- [Sistema de GestÃ£o AcadÃªmica] [           main] .s.d.r.c.RepositoryConfigurationDelegate : Finished Spring Data repository scanning in 121 ms. Found 7 JPA repository interfaces.
2025-07-02T23:02:54.448-03:00 DEBUG 9660 --- [Sistema de GestÃ£o AcadÃªmica] [           main] o.s.b.f.s.DefaultListableBeanFactory     : Creating shared instance of singleton bean 'propertySourcesPlaceholderConfigurer'
2025-07-02T23:02:54.456-03:00 DEBUG 9660 --- [Sistema de GestÃ£o AcadÃªmica] [           main] o.s.b.f.s.DefaultListableBeanFactory     : Creating shared instance of singleton bean 'org.springframework.boot.test.mock.mockito.MockitoPostProcessor'
2025-07-02T23:02:54.456-03:00 DEBUG 9660 --- [Sistema de GestÃ£o AcadÃªmica] [           main] o.s.b.f.s.DefaultListableBeanFactory     : Creating shared instance of singleton bean 'emBeanDefinitionRegistrarPostProcessor'
2025-07-02T23:02:54.456-03:00 DEBUG 9660 --- [Sistema de GestÃ£o AcadÃªmica] [           main] o.s.b.f.s.DefaultListableBeanFactory     : Creating shared instance of singleton bean 'org.springframework.boot.sql.init.dependency.DatabaseInitializationDependencyConfigurer$DependsOnDatabaseInitializationPostProcessor'
2025-07-02T23:02:54.570-03:00 DEBUG 9660 --- [Sistema de GestÃ£o AcadÃªmica] [           main] o.s.b.f.s.DefaultListableBeanFactory     : Creating shared instance of singleton bean 'org.springframework.context.event.internalEventListenerProcessor'
2025-07-02T23:02:54.571-03:00 DEBUG 9660 --- [Sistema de GestÃ£o AcadÃªmica] [           main] o.s.b.f.s.DefaultListableBeanFactory     : Creating shared instance of singleton bean 'preserveErrorControllerTargetClassPostProcessor'
2025-07-02T23:02:54.575-03:00 DEBUG 9660 --- [Sistema de GestÃ£o AcadÃªmica] [           main] o.s.b.f.s.DefaultListableBeanFactory     : Creating shared instance of singleton bean 'org.springframework.context.event.internalEventListenerFactory'
2025-07-02T23:02:54.575-03:00 DEBUG 9660 --- [Sistema de GestÃ£o AcadÃªmica] [           main] o.s.b.f.s.DefaultListableBeanFactory     : Creating shared instance of singleton bean 'org.springframework.transaction.config.internalTransactionalEventListenerFactory'
2025-07-02T23:02:54.582-03:00 DEBUG 9660 --- [Sistema de GestÃ£o AcadÃªmica] [           main] o.s.b.f.s.DefaultListableBeanFactory     : Creating shared instance of singleton bean 'org.springframework.boot.test.mock.mockito.MockitoPostProcessor$SpyPostProcessor'
2025-07-02T23:02:54.587-03:00 DEBUG 9660 --- [Sistema de GestÃ£o AcadÃªmica] [           main] o.s.b.f.s.DefaultListableBeanFactory     : Creating shared instance of singleton bean 'org.springframework.context.annotation.internalAutowiredAnnotationProcessor'
2025-07-02T23:02:54.592-03:00 DEBUG 9660 --- [Sistema de GestÃ£o AcadÃªmica] [           main] o.s.b.f.s.DefaultListableBeanFactory     : Creating shared instance of singleton bean 'org.springframework.context.annotation.internalCommonAnnotationProcessor'
2025-07-02T23:02:54.598-03:00 DEBUG 9660 --- [Sistema de GestÃ£o AcadÃªmica] [           main] o.s.b.f.s.DefaultListableBeanFactory     : Creating shared instance of singleton bean 'org.springframework.context.annotation.internalPersistenceAnnotationProcessor'
2025-07-02T23:02:54.598-03:00 DEBUG 9660 --- [Sistema de GestÃ£o AcadÃªmica] [           main] o.s.b.f.s.DefaultListableBeanFactory     : Creating shared instance of singleton bean 'org.springframework.boot.context.properties.ConfigurationPropertiesBindingPostProcessor'
2025-07-02T23:02:54.601-03:00 DEBUG 9660 --- [Sistema de GestÃ£o AcadÃªmica] [           main] o.s.b.f.s.DefaultListableBeanFactory     : Creating shared instance of singleton bean 'org.springframework.boot.context.internalConfigurationPropertiesBinder'
2025-07-02T23:02:54.604-03:00 DEBUG 9660 --- [Sistema de GestÃ£o AcadÃªmica] [           main] o.s.b.f.s.DefaultListableBeanFactory     : Creating shared instance of singleton bean 'jdbcConnectionDetailsHikariBeanPostProcessor'
2025-07-02T23:02:54.613-03:00 DEBUG 9660 --- [Sistema de GestÃ£o AcadÃªmica] [           main] o.s.b.f.s.DefaultListableBeanFactory     : Creating shared instance of singleton bean 'methodValidationPostProcessor'
2025-07-02T23:02:54.644-03:00 DEBUG 9660 --- [Sistema de GestÃ£o AcadÃªmica] [           main] o.s.b.f.s.DefaultListableBeanFactory     : Autowiring by type from bean name 'methodValidationPostProcessor' via factory method to bean named 'environment'
2025-07-02T23:02:54.649-03:00 DEBUG 9660 --- [Sistema de GestÃ£o AcadÃªmica] [           main] o.s.b.f.s.DefaultListableBeanFactory     : Creating shared instance of singleton bean 'org.springframework.boot.context.properties.EnableConfigurationPropertiesRegistrar.methodValidationExcludeFilter'
2025-07-02T23:02:54.685-03:00 DEBUG 9660 --- [Sistema de GestÃ£o AcadÃªmica] [           main] o.s.b.f.s.DefaultListableBeanFactory     : Creating shared instance of singleton bean 'org.springframework.aop.config.internalAutoProxyCreator'
2025-07-02T23:02:54.719-03:00 DEBUG 9660 --- [Sistema de GestÃ£o AcadÃªmica] [           main] o.s.b.f.s.DefaultListableBeanFactory     : Creating shared instance of singleton bean 'persistenceExceptionTranslationPostProcessor'
2025-07-02T23:02:54.721-03:00 DEBUG 9660 --- [Sistema de GestÃ£o AcadÃªmica] [           main] o.s.b.f.s.DefaultListableBeanFactory     : Autowiring by type from bean name 'persistenceExceptionTranslationPostProcessor' via factory method to bean named 'environment'
2025-07-02T23:02:54.726-03:00 DEBUG 9660 --- [Sistema de GestÃ£o AcadÃªmica] [           main] o.s.b.f.s.DefaultListableBeanFactory     : Creating shared instance of singleton bean 'webServerFactoryCustomizerBeanPostProcessor'
2025-07-02T23:02:54.727-03:00 DEBUG 9660 --- [Sistema de GestÃ£o AcadÃªmica] [           main] o.s.b.f.s.DefaultListableBeanFactory     : Creating shared instance of singleton bean 'errorPageRegistrarBeanPostProcessor'
2025-07-02T23:02:54.727-03:00 DEBUG 9660 --- [Sistema de GestÃ£o AcadÃªmica] [           main] o.s.b.f.s.DefaultListableBeanFactory     : Creating shared instance of singleton bean 'projectingArgumentResolverBeanPostProcessor'
2025-07-02T23:02:54.731-03:00 DEBUG 9660 --- [Sistema de GestÃ£o AcadÃªmica] [           main] o.s.b.f.s.DefaultListableBeanFactory     : Creating shared instance of singleton bean 'org.springframework.transaction.config.internalTransactionAdvisor'
2025-07-02T23:02:54.732-03:00 DEBUG 9660 --- [Sistema de GestÃ£o AcadÃªmica] [           main] o.s.b.f.s.DefaultListableBeanFactory     : Creating shared instance of singleton bean 'org.springframework.transaction.annotation.ProxyTransactionManagementConfiguration'
2025-07-02T23:02:54.753-03:00 DEBUG 9660 --- [Sistema de GestÃ£o AcadÃªmica] [           main] o.s.b.f.s.DefaultListableBeanFactory     : Creating shared instance of singleton bean 'transactionAttributeSource'
2025-07-02T23:02:54.758-03:00 DEBUG 9660 --- [Sistema de GestÃ£o AcadÃªmica] [           main] o.s.b.f.s.DefaultListableBeanFactory     : Creating shared instance of singleton bean 'transactionInterceptor'
2025-07-02T23:02:54.758-03:00 DEBUG 9660 --- [Sistema de GestÃ£o AcadÃªmica] [           main] o.s.b.f.s.DefaultListableBeanFactory     : Autowiring by type from bean name 'transactionInterceptor' via factory method to bean named 'transactionAttributeSource'
2025-07-02T23:02:54.774-03:00 DEBUG 9660 --- [Sistema de GestÃ£o AcadÃªmica] [           main] o.s.b.f.s.DefaultListableBeanFactory     : Autowiring by type from bean name 'org.springframework.transaction.config.internalTransactionAdvisor' via factory method to bean named 'transactionAttributeSource'
2025-07-02T23:02:54.774-03:00 DEBUG 9660 --- [Sistema de GestÃ£o AcadÃªmica] [           main] o.s.b.f.s.DefaultListableBeanFactory     : Autowiring by type from bean name 'org.springframework.transaction.config.internalTransactionAdvisor' via factory method to bean named 'transactionInterceptor'
2025-07-02T23:02:54.820-03:00 DEBUG 9660 --- [Sistema de GestÃ£o AcadÃªmica] [           main] o.s.u.c.s.UiApplicationContextUtils      : Unable to locate ThemeSource with name 'themeSource': using default [org.springframework.ui.context.support.ResourceBundleThemeSource@6fff46bf]
2025-07-02T23:02:54.825-03:00 DEBUG 9660 --- [Sistema de GestÃ£o AcadÃªmica] [           main] o.s.b.f.s.DefaultListableBeanFactory     : Creating shared instance of singleton bean 'entityManagerFactory'
2025-07-02T23:02:54.826-03:00 DEBUG 9660 --- [Sistema de GestÃ£o AcadÃªmica] [           main] o.s.b.f.s.DefaultListableBeanFactory     : Creating shared instance of singleton bean 'org.springframework.boot.autoconfigure.orm.jpa.HibernateJpaConfiguration'
2025-07-02T23:02:54.827-03:00 DEBUG 9660 --- [Sistema de GestÃ£o AcadÃªmica] [           main] o.s.b.f.s.DefaultListableBeanFactory     : Creating shared instance of singleton bean 'dataSource'
2025-07-02T23:02:54.827-03:00 DEBUG 9660 --- [Sistema de GestÃ£o AcadÃªmica] [           main] o.s.b.f.s.DefaultListableBeanFactory     : Creating shared instance of singleton bean 'org.springframework.boot.autoconfigure.jdbc.DataSourceConfiguration$Hikari'
2025-07-02T23:02:54.830-03:00 DEBUG 9660 --- [Sistema de GestÃ£o AcadÃªmica] [           main] o.s.b.f.s.DefaultListableBeanFactory     : Creating shared instance of singleton bean 'spring.datasource-org.springframework.boot.autoconfigure.jdbc.DataSourceProperties'
2025-07-02T23:02:54.833-03:00 DEBUG 9660 --- [Sistema de GestÃ£o AcadÃªmica] [           main] o.s.b.f.s.DefaultListableBeanFactory     : Creating shared instance of singleton bean 'org.springframework.boot.context.properties.BoundConfigurationProperties'
2025-07-02T23:02:54.876-03:00 DEBUG 9660 --- [Sistema de GestÃ£o AcadÃªmica] [           main] o.s.b.f.s.DefaultListableBeanFactory     : Creating shared instance of singleton bean 'jdbcConnectionDetails'
2025-07-02T23:02:54.876-03:00 DEBUG 9660 --- [Sistema de GestÃ£o AcadÃªmica] [           main] o.s.b.f.s.DefaultListableBeanFactory     : Creating shared instance of singleton bean 'org.springframework.boot.autoconfigure.jdbc.DataSourceAutoConfiguration$PooledDataSourceConfiguration'
2025-07-02T23:02:54.880-03:00 DEBUG 9660 --- [Sistema de GestÃ£o AcadÃªmica] [           main] o.s.b.f.s.DefaultListableBeanFactory     : Autowiring by type from bean name 'jdbcConnectionDetails' via factory method to bean named 'spring.datasource-org.springframework.boot.autoconfigure.jdbc.DataSourceProperties'
2025-07-02T23:02:54.882-03:00 DEBUG 9660 --- [Sistema de GestÃ£o AcadÃªmica] [           main] o.s.b.f.s.DefaultListableBeanFactory     : Autowiring by type from bean name 'dataSource' via factory method to bean named 'spring.datasource-org.springframework.boot.autoconfigure.jdbc.DataSourceProperties'
2025-07-02T23:02:54.882-03:00 DEBUG 9660 --- [Sistema de GestÃ£o AcadÃªmica] [           main] o.s.b.f.s.DefaultListableBeanFactory     : Autowiring by type from bean name 'dataSource' via factory method to bean named 'jdbcConnectionDetails'
2025-07-02T23:02:54.928-03:00 DEBUG 9660 --- [Sistema de GestÃ£o AcadÃªmica] [           main] o.s.b.f.s.DefaultListableBeanFactory     : Creating shared instance of singleton bean 'spring.jpa-org.springframework.boot.autoconfigure.orm.jpa.JpaProperties'
2025-07-02T23:02:54.934-03:00 DEBUG 9660 --- [Sistema de GestÃ£o AcadÃªmica] [           main] o.s.b.f.s.DefaultListableBeanFactory     : Creating shared instance of singleton bean 'spring.jpa.hibernate-org.springframework.boot.autoconfigure.orm.jpa.HibernateProperties'
2025-07-02T23:02:54.939-03:00 DEBUG 9660 --- [Sistema de GestÃ£o AcadÃªmica] [           main] o.s.b.f.s.DefaultListableBeanFactory     : Autowiring by type from bean name 'org.springframework.boot.autoconfigure.orm.jpa.HibernateJpaConfiguration' via constructor to bean named 'dataSource'
2025-07-02T23:02:54.939-03:00 DEBUG 9660 --- [Sistema de GestÃ£o AcadÃªmica] [           main] o.s.b.f.s.DefaultListableBeanFactory     : Autowiring by type from bean name 'org.springframework.boot.autoconfigure.orm.jpa.HibernateJpaConfiguration' via constructor to bean named 'spring.jpa-org.springframework.boot.autoconfigure.orm.jpa.JpaProperties'
2025-07-02T23:02:54.939-03:00 DEBUG 9660 --- [Sistema de GestÃ£o AcadÃªmica] [           main] o.s.b.f.s.DefaultListableBeanFactory     : Autowiring by type from bean name 'org.springframework.boot.autoconfigure.orm.jpa.HibernateJpaConfiguration' via constructor to bean named 'org.springframework.beans.factory.support.DefaultListableBeanFactory@44f9779c'
2025-07-02T23:02:54.939-03:00 DEBUG 9660 --- [Sistema de GestÃ£o AcadÃªmica] [           main] o.s.b.f.s.DefaultListableBeanFactory     : Autowiring by type from bean name 'org.springframework.boot.autoconfigure.orm.jpa.HibernateJpaConfiguration' via constructor to bean named 'spring.jpa.hibernate-org.springframework.boot.autoconfigure.orm.jpa.HibernateProperties'
2025-07-02T23:02:54.949-03:00 DEBUG 9660 --- [Sistema de GestÃ£o AcadÃªmica] [           main] o.s.b.f.s.DefaultListableBeanFactory     : Creating shared instance of singleton bean 'hikariPoolDataSourceMetadataProvider'
2025-07-02T23:02:54.949-03:00 DEBUG 9660 --- [Sistema de GestÃ£o AcadÃªmica] [           main] o.s.b.f.s.DefaultListableBeanFactory     : Creating shared instance of singleton bean 'org.springframework.boot.autoconfigure.jdbc.metadata.DataSourcePoolMetadataProvidersConfiguration$HikariPoolDataSourceMetadataProviderConfiguration'
2025-07-02T23:02:54.957-03:00 DEBUG 9660 --- [Sistema de GestÃ£o AcadÃªmica] [           main] o.s.b.f.s.DefaultListableBeanFactory     : Creating shared instance of singleton bean 'entityManagerFactoryBuilder'
2025-07-02T23:02:54.957-03:00 DEBUG 9660 --- [Sistema de GestÃ£o AcadÃªmica] [           main] o.s.b.f.s.DefaultListableBeanFactory     : Creating shared instance of singleton bean 'jpaVendorAdapter'
2025-07-02T23:02:54.994-03:00 DEBUG 9660 --- [Sistema de GestÃ£o AcadÃªmica] [           main] o.s.b.f.s.DefaultListableBeanFactory     : Autowiring by type from bean name 'entityManagerFactoryBuilder' via factory method to bean named 'jpaVendorAdapter'
2025-07-02T23:02:55.002-03:00 DEBUG 9660 --- [Sistema de GestÃ£o AcadÃªmica] [           main] o.s.b.f.s.DefaultListableBeanFactory     : Creating shared instance of singleton bean 'persistenceManagedTypes'
2025-07-02T23:02:55.002-03:00 DEBUG 9660 --- [Sistema de GestÃ£o AcadÃªmica] [           main] o.s.b.f.s.DefaultListableBeanFactory     : Autowiring by type from bean name 'persistenceManagedTypes' via factory method to bean named 'org.springframework.beans.factory.support.DefaultListableBeanFactory@44f9779c'
2025-07-02T23:02:55.002-03:00 DEBUG 9660 --- [Sistema de GestÃ£o AcadÃªmica] [           main] o.s.b.f.s.DefaultListableBeanFactory     : Autowiring by type from bean name 'persistenceManagedTypes' via factory method to bean named 'org.springframework.web.context.support.GenericWebApplicationContext@560513ce'
2025-07-02T23:02:55.022-03:00 DEBUG 9660 --- [Sistema de GestÃ£o AcadÃªmica] [           main] o.s.b.f.s.DefaultListableBeanFactory     : Autowiring by type from bean name 'entityManagerFactory' via factory method to bean named 'entityManagerFactoryBuilder'
2025-07-02T23:02:55.023-03:00 DEBUG 9660 --- [Sistema de GestÃ£o AcadÃªmica] [           main] o.s.b.f.s.DefaultListableBeanFactory     : Autowiring by type from bean name 'entityManagerFactory' via factory method to bean named 'persistenceManagedTypes'
2025-07-02T23:02:55.054-03:00 DEBUG 9660 --- [Sistema de GestÃ£o AcadÃªmica] [           main] j.LocalContainerEntityManagerFactoryBean : Building JPA container EntityManagerFactory for persistence unit 'default'
2025-07-02T23:02:55.095-03:00  INFO 9660 --- [Sistema de GestÃ£o AcadÃªmica] [           main] o.hibernate.jpa.internal.util.LogHelper  : HHH000204: Processing PersistenceUnitInfo [name: default]
2025-07-02T23:02:55.270-03:00  INFO 9660 --- [Sistema de GestÃ£o AcadÃªmica] [           main] org.hibernate.Version                    : HHH000412: Hibernate ORM core version 6.4.4.Final
2025-07-02T23:02:55.364-03:00  INFO 9660 --- [Sistema de GestÃ£o AcadÃªmica] [           main] o.h.c.internal.RegionFactoryInitiator    : HHH000026: Second-level cache disabled
2025-07-02T23:02:56.061-03:00  INFO 9660 --- [Sistema de GestÃ£o AcadÃªmica] [           main] o.s.o.j.p.SpringPersistenceUnitInfo      : No LoadTimeWeaver setup: ignoring JPA class transformer
2025-07-02T23:02:56.134-03:00  INFO 9660 --- [Sistema de GestÃ£o AcadÃªmica] [           main] com.zaxxer.hikari.HikariDataSource       : HikariPool-1 - Starting...
2025-07-02T23:02:56.577-03:00  INFO 9660 --- [Sistema de GestÃ£o AcadÃªmica] [           main] com.zaxxer.hikari.pool.HikariPool        : HikariPool-1 - Added connection conn0: url=jdbc:h2:mem:academicodb user=SA
2025-07-02T23:02:56.579-03:00  INFO 9660 --- [Sistema de GestÃ£o AcadÃªmica] [           main] com.zaxxer.hikari.HikariDataSource       : HikariPool-1 - Start completed.
2025-07-02T23:02:56.625-03:00  WARN 9660 --- [Sistema de GestÃ£o AcadÃªmica] [           main] org.hibernate.orm.deprecation            : HHH90000025: H2Dialect does not need to be specified explicitly using 'hibernate.dialect' (remove the property setting and it will be selected by default)
2025-07-02T23:02:59.181-03:00  INFO 9660 --- [Sistema de GestÃ£o AcadÃªmica] [           main] o.h.e.t.j.p.i.JtaPlatformInitiator       : HHH000489: No JTA platform available (set 'hibernate.transaction.jta.platform' to enable JTA platform integration)
Hibernate: drop table if exists alunos cascade 
Hibernate: drop table if exists disciplinas cascade 
Hibernate: drop table if exists matriculas cascade 
Hibernate: drop table if exists professores cascade 
Hibernate: drop table if exists semestres cascade 
Hibernate: drop table if exists turmas cascade 
Hibernate: drop table if exists users cascade 
Hibernate: create table alunos (ativo boolean not null, data_matricula date not null, data_nascimento date not null, id bigint generated by default as identity, nome varchar(100), cep varchar(255), cidade varchar(255), cpf varchar(255) unique, email varchar(255) unique, endereco varchar(255), estado varchar(255), telefone varchar(255), primary key (id))
Hibernate: create table disciplinas (ativa boolean not null, carga_horaria integer not null check (carga_horaria>=1), id bigint generated by default as identity, nome varchar(100), codigo varchar(255) unique, creditos varchar(255), ementa TEXT, pre_requisitos varchar(255), semestre varchar(255), tipo varchar(255), primary key (id))
Hibernate: create table matriculas (data_matricula date not null, aluno_id bigint not null, data_criacao timestamp(6) not null, id bigint generated by default as identity, turma_id bigint not null, observacoes varchar(255), status varchar(255) not null check (status in ('ATIVA','CANCELADA','TRANCADA','CONCLUIDA')), primary key (id))
Hibernate: create table professores (ativo boolean not null, data_contratacao date not null, data_nascimento date not null, estado varchar(2), id bigint generated by default as identity, nome varchar(100), area_atuacao varchar(255), cep varchar(255), cidade varchar(255), cpf varchar(255) unique, email varchar(255) unique, endereco varchar(255), telefone varchar(255), titulacao varchar(255), primary key (id))
Hibernate: create table semestres (ativo boolean not null, data_fim date not null, data_fim_matriculas date not null, data_inicio date not null, data_inicio_matriculas date not null, id bigint generated by default as identity, ano varchar(255), periodo varchar(255), primary key (id))
Hibernate: create table turmas (ativa boolean not null, data_fim date not null, data_inicio date not null, horario_fim time(6) not null, horario_inicio time(6) not null, vagas integer not null check (vagas>=1), vagas_ocupadas integer not null check (vagas_ocupadas>=0), disciplina_id bigint not null, id bigint generated by default as identity, professor_id bigint not null, semestre_id bigint not null, codigo varchar(255) unique, dia_semana varchar(255), sala varchar(255), primary key (id))
Hibernate: create table users (created_at timestamp(6), id bigint generated by default as identity, updated_at timestamp(6), email varchar(255) not null unique, name varchar(255) not null, password varchar(255) not null, phone varchar(255), primary key (id))
Hibernate: alter table if exists matriculas add constraint FKrwsrt4qf6q7fghkawume7g1ya foreign key (aluno_id) references alunos
Hibernate: alter table if exists matriculas add constraint FK1o9091wci3fkpenss0fj38w3a foreign key (turma_id) references turmas
Hibernate: alter table if exists turmas add constraint FKi4ox7fm11kylu25gn9ea5ew6y foreign key (disciplina_id) references disciplinas
Hibernate: alter table if exists turmas add constraint FKo3w9f6g12te764lopolc63tha foreign key (professor_id) references professores
Hibernate: alter table if exists turmas add constraint FK17o6uhv95gll1ma85prd0e08e foreign key (semestre_id) references semestres
2025-07-02T23:02:59.335-03:00  INFO 9660 --- [Sistema de GestÃ£o AcadÃªmica] [           main] j.LocalContainerEntityManagerFactoryBean : Initialized JPA EntityManagerFactory for persistence unit 'default'
2025-07-02T23:02:59.343-03:00 DEBUG 9660 --- [Sistema de GestÃ£o AcadÃªmica] [           main] o.s.b.f.s.DefaultListableBeanFactory     : Creating shared instance of singleton bean 'tjw2025Application'
2025-07-02T23:02:59.346-03:00 DEBUG 9660 --- [Sistema de GestÃ£o AcadÃªmica] [           main] o.s.b.f.s.DefaultListableBeanFactory     : Creating shared instance of singleton bean 'webConfig'
2025-07-02T23:02:59.349-03:00 DEBUG 9660 --- [Sistema de GestÃ£o AcadÃªmica] [           main] o.s.b.f.s.DefaultListableBeanFactory     : Creating shared instance of singleton bean 'academicoController'
2025-07-02T23:02:59.361-03:00 DEBUG 9660 --- [Sistema de GestÃ£o AcadÃªmica] [           main] o.s.b.f.s.DefaultListableBeanFactory     : Creating shared instance of singleton bean 'alunoService'
2025-07-02T23:02:59.362-03:00 DEBUG 9660 --- [Sistema de GestÃ£o AcadÃªmica] [           main] o.s.b.f.s.DefaultListableBeanFactory     : Creating shared instance of singleton bean 'alunoRepository'
2025-07-02T23:02:59.377-03:00 DEBUG 9660 --- [Sistema de GestÃ£o AcadÃªmica] [           main] o.s.b.f.s.DefaultListableBeanFactory     : Creating shared instance of singleton bean 'jpa.named-queries#2'
2025-07-02T23:02:59.385-03:00 DEBUG 9660 --- [Sistema de GestÃ£o AcadÃªmica] [           main] o.s.b.f.s.DefaultListableBeanFactory     : Creating shared instance of singleton bean 'jpa.AlunoRepository.fragments#0'
2025-07-02T23:02:59.400-03:00 DEBUG 9660 --- [Sistema de GestÃ£o AcadÃªmica] [           main] o.s.b.f.s.DefaultListableBeanFactory     : Creating shared instance of singleton bean 'jpaSharedEM_entityManagerFactory'
2025-07-02T23:02:59.481-03:00 DEBUG 9660 --- [Sistema de GestÃ£o AcadÃªmica] [           main] o.s.b.f.s.DefaultListableBeanFactory     : Creating shared instance of singleton bean 'jpaMappingContext'
2025-07-02T23:02:59.482-03:00 DEBUG 9660 --- [Sistema de GestÃ£o AcadÃªmica] [           main] .c.JpaMetamodelMappingContextFactoryBean : Initializing JpaMetamodelMappingContext…
2025-07-02T23:02:59.521-03:00 DEBUG 9660 --- [Sistema de GestÃ£o AcadÃªmica] [           main] .c.JpaMetamodelMappingContextFactoryBean : Finished initializing JpaMetamodelMappingContext
2025-07-02T23:02:59.594-03:00 DEBUG 9660 --- [Sistema de GestÃ£o AcadÃªmica] [           main] tor$SharedEntityManagerInvocationHandler : Creating new EntityManager for shared EntityManager invocation
2025-07-02T23:02:59.681-03:00 DEBUG 9660 --- [Sistema de GestÃ£o AcadÃªmica] [           main] tor$SharedEntityManagerInvocationHandler : Creating new EntityManager for shared EntityManager invocation
2025-07-02T23:02:59.787-03:00 DEBUG 9660 --- [Sistema de GestÃ£o AcadÃªmica] [           main] o.s.d.r.c.s.RepositoryFactorySupport     : Initializing repository instance for br.com.tjw2025.repository.AlunoRepository…
2025-07-02T23:02:59.830-03:00 DEBUG 9660 --- [Sistema de GestÃ£o AcadÃªmica] [           main] tor$SharedEntityManagerInvocationHandler : Creating new EntityManager for shared EntityManager invocation
2025-07-02T23:03:00.078-03:00 DEBUG 9660 --- [Sistema de GestÃ£o AcadÃªmica] [           main] o.s.d.jpa.repository.query.NamedQuery    : Looking up named query Aluno.countByAtivoTrue
2025-07-02T23:03:00.079-03:00 DEBUG 9660 --- [Sistema de GestÃ£o AcadÃªmica] [           main] o.s.d.jpa.repository.query.NamedQuery    : Did not find named query Aluno.countByAtivoTrue
2025-07-02T23:03:00.087-03:00 DEBUG 9660 --- [Sistema de GestÃ£o AcadÃªmica] [           main] tor$SharedEntityManagerInvocationHandler : Creating new EntityManager for shared EntityManager invocation
2025-07-02T23:03:00.411-03:00  INFO 9660 --- [Sistema de GestÃ£o AcadÃªmica] [           main] o.s.d.j.r.query.QueryEnhancerFactory     : Hibernate is in classpath; If applicable, HQL parser will be used.
2025-07-02T23:03:01.252-03:00 DEBUG 9660 --- [Sistema de GestÃ£o AcadÃªmica] [           main] o.s.d.jpa.repository.query.NamedQuery    : Did not find named query Aluno.existsByCpfExcludingId.count
2025-07-02T23:03:01.257-03:00 DEBUG 9660 --- [Sistema de GestÃ£o AcadÃªmica] [           main] tor$SharedEntityManagerInvocationHandler : Creating new EntityManager for shared EntityManager invocation
2025-07-02T23:03:01.798-03:00 DEBUG 9660 --- [Sistema de GestÃ£o AcadÃªmica] [           main] o.s.d.jpa.repository.query.NamedQuery    : Looking up named query Aluno.findByEmail
2025-07-02T23:03:01.798-03:00 DEBUG 9660 --- [Sistema de GestÃ£o AcadÃªmica] [           main] o.s.d.jpa.repository.query.NamedQuery    : Did not find named query Aluno.findByEmail
2025-07-02T23:03:01.798-03:00 DEBUG 9660 --- [Sistema de GestÃ£o AcadÃªmica] [           main] tor$SharedEntityManagerInvocationHandler : Creating new EntityManager for shared EntityManager invocation
2025-07-02T23:03:01.825-03:00 DEBUG 9660 --- [Sistema de GestÃ£o AcadÃªmica] [           main] o.s.d.jpa.repository.query.NamedQuery    : Looking up named query Aluno.findByCidadeIgnoreCase
2025-07-02T23:03:01.830-03:00 DEBUG 9660 --- [Sistema de GestÃ£o AcadÃªmica] [           main] o.s.d.jpa.repository.query.NamedQuery    : Did not find named query Aluno.findByCidadeIgnoreCase
2025-07-02T23:03:01.830-03:00 DEBUG 9660 --- [Sistema de GestÃ£o AcadÃªmica] [           main] tor$SharedEntityManagerInvocationHandler : Creating new EntityManager for shared EntityManager invocation
2025-07-02T23:03:01.837-03:00 DEBUG 9660 --- [Sistema de GestÃ£o AcadÃªmica] [           main] o.s.d.jpa.repository.query.NamedQuery    : Looking up named query Aluno.countByAtivoFalse
2025-07-02T23:03:01.837-03:00 DEBUG 9660 --- [Sistema de GestÃ£o AcadÃªmica] [           main] o.s.d.jpa.repository.query.NamedQuery    : Did not find named query Aluno.countByAtivoFalse
2025-07-02T23:03:01.837-03:00 DEBUG 9660 --- [Sistema de GestÃ£o AcadÃªmica] [           main] tor$SharedEntityManagerInvocationHandler : Creating new EntityManager for shared EntityManager invocation
2025-07-02T23:03:01.838-03:00 DEBUG 9660 --- [Sistema de GestÃ£o AcadÃªmica] [           main] o.s.d.jpa.repository.query.NamedQuery    : Looking up named query Aluno.findByEstadoIgnoreCase
2025-07-02T23:03:01.838-03:00 DEBUG 9660 --- [Sistema de GestÃ£o AcadÃªmica] [           main] o.s.d.jpa.repository.query.NamedQuery    : Did not find named query Aluno.findByEstadoIgnoreCase
2025-07-02T23:03:01.838-03:00 DEBUG 9660 --- [Sistema de GestÃ£o AcadÃªmica] [           main] tor$SharedEntityManagerInvocationHandler : Creating new EntityManager for shared EntityManager invocation
2025-07-02T23:03:01.838-03:00 DEBUG 9660 --- [Sistema de GestÃ£o AcadÃªmica] [           main] o.s.d.jpa.repository.query.NamedQuery    : Looking up named query Aluno.findByAtivoFalse
2025-07-02T23:03:01.838-03:00 DEBUG 9660 --- [Sistema de GestÃ£o AcadÃªmica] [           main] o.s.d.jpa.repository.query.NamedQuery    : Did not find named query Aluno.findByAtivoFalse
2025-07-02T23:03:01.838-03:00 DEBUG 9660 --- [Sistema de GestÃ£o AcadÃªmica] [           main] tor$SharedEntityManagerInvocationHandler : Creating new EntityManager for shared EntityManager invocation
2025-07-02T23:03:01.838-03:00 DEBUG 9660 --- [Sistema de GestÃ£o AcadÃªmica] [           main] o.s.d.jpa.repository.query.NamedQuery    : Looking up named query Aluno.findByAtivoTrue
2025-07-02T23:03:01.847-03:00 DEBUG 9660 --- [Sistema de GestÃ£o AcadÃªmica] [           main] o.s.d.jpa.repository.query.NamedQuery    : Did not find named query Aluno.findByAtivoTrue
2025-07-02T23:03:01.847-03:00 DEBUG 9660 --- [Sistema de GestÃ£o AcadÃªmica] [           main] tor$SharedEntityManagerInvocationHandler : Creating new EntityManager for shared EntityManager invocation
2025-07-02T23:03:01.847-03:00 DEBUG 9660 --- [Sistema de GestÃ£o AcadÃªmica] [           main] o.s.d.jpa.repository.query.NamedQuery    : Looking up named query Aluno.findByNomeContainingIgnoreCase
2025-07-02T23:03:01.847-03:00 DEBUG 9660 --- [Sistema de GestÃ£o AcadÃªmica] [           main] o.s.d.jpa.repository.query.NamedQuery    : Did not find named query Aluno.findByNomeContainingIgnoreCase
2025-07-02T23:03:01.847-03:00 DEBUG 9660 --- [Sistema de GestÃ£o AcadÃªmica] [           main] tor$SharedEntityManagerInvocationHandler : Creating new EntityManager for shared EntityManager invocation
2025-07-02T23:03:01.855-03:00 DEBUG 9660 --- [Sistema de GestÃ£o AcadÃªmica] [           main] o.s.d.jpa.repository.query.NamedQuery    : Looking up named query Aluno.findByCpf
2025-07-02T23:03:01.855-03:00 DEBUG 9660 --- [Sistema de GestÃ£o AcadÃªmica] [           main] o.s.d.jpa.repository.query.NamedQuery    : Did not find named query Aluno.findByCpf
2025-07-02T23:03:01.855-03:00 DEBUG 9660 --- [Sistema de GestÃ£o AcadÃªmica] [           main] tor$SharedEntityManagerInvocationHandler : Creating new EntityManager for shared EntityManager invocation
2025-07-02T23:03:01.863-03:00 DEBUG 9660 --- [Sistema de GestÃ£o AcadÃªmica] [           main] o.s.d.jpa.repository.query.NamedQuery    : Did not find named query Aluno.existsByEmailExcludingId.count
2025-07-02T23:03:01.865-03:00 DEBUG 9660 --- [Sistema de GestÃ£o AcadÃªmica] [           main] tor$SharedEntityManagerInvocationHandler : Creating new EntityManager for shared EntityManager invocation
2025-07-02T23:03:01.901-03:00 DEBUG 9660 --- [Sistema de GestÃ£o AcadÃªmica] [           main] o.s.d.jpa.repository.query.NamedQuery    : Did not find named query Aluno.findByAnoMatricula.count
2025-07-02T23:03:01.901-03:00 DEBUG 9660 --- [Sistema de GestÃ£o AcadÃªmica] [           main] tor$SharedEntityManagerInvocationHandler : Creating new EntityManager for shared EntityManager invocation
2025-07-02T23:03:01.990-03:00 DEBUG 9660 --- [Sistema de GestÃ£o AcadÃªmica] [           main] o.s.d.r.c.s.RepositoryFactorySupport     : Finished creation of repository instance for br.com.tjw2025.repository.AlunoRepository.
2025-07-02T23:03:02.063-03:00 DEBUG 9660 --- [Sistema de GestÃ£o AcadÃªmica] [           main] o.s.b.f.s.DefaultListableBeanFactory     : Creating shared instance of singleton bean 'professorService'
2025-07-02T23:03:02.063-03:00 DEBUG 9660 --- [Sistema de GestÃ£o AcadÃªmica] [           main] o.s.b.f.s.DefaultListableBeanFactory     : Creating shared instance of singleton bean 'professorRepository'
2025-07-02T23:03:02.067-03:00 DEBUG 9660 --- [Sistema de GestÃ£o AcadÃªmica] [           main] o.s.b.f.s.DefaultListableBeanFactory     : Creating shared instance of singleton bean 'jpa.named-queries#5'
2025-07-02T23:03:02.070-03:00 DEBUG 9660 --- [Sistema de GestÃ£o AcadÃªmica] [           main] o.s.b.f.s.DefaultListableBeanFactory     : Creating shared instance of singleton bean 'jpa.ProfessorRepository.fragments#0'
2025-07-02T23:03:02.070-03:00 DEBUG 9660 --- [Sistema de GestÃ£o AcadÃªmica] [           main] tor$SharedEntityManagerInvocationHandler : Creating new EntityManager for shared EntityManager invocation
2025-07-02T23:03:02.086-03:00 DEBUG 9660 --- [Sistema de GestÃ£o AcadÃªmica] [           main] o.s.d.r.c.s.RepositoryFactorySupport     : Initializing repository instance for br.com.tjw2025.repository.ProfessorRepository…
2025-07-02T23:03:02.086-03:00 DEBUG 9660 --- [Sistema de GestÃ£o AcadÃªmica] [           main] tor$SharedEntityManagerInvocationHandler : Creating new EntityManager for shared EntityManager invocation
2025-07-02T23:03:02.139-03:00 DEBUG 9660 --- [Sistema de GestÃ£o AcadÃªmica] [           main] o.s.d.jpa.repository.query.NamedQuery    : Looking up named query Professor.findByAtivoFalse
2025-07-02T23:03:02.145-03:00 DEBUG 9660 --- [Sistema de GestÃ£o AcadÃªmica] [           main] o.s.d.jpa.repository.query.NamedQuery    : Did not find named query Professor.findByAtivoFalse
2025-07-02T23:03:02.145-03:00 DEBUG 9660 --- [Sistema de GestÃ£o AcadÃªmica] [           main] tor$SharedEntityManagerInvocationHandler : Creating new EntityManager for shared EntityManager invocation
2025-07-02T23:03:02.148-03:00 DEBUG 9660 --- [Sistema de GestÃ£o AcadÃªmica] [           main] o.s.d.jpa.repository.query.NamedQuery    : Looking up named query Professor.findByAreaAtuacaoContainingIgnoreCase
2025-07-02T23:03:02.148-03:00 DEBUG 9660 --- [Sistema de GestÃ£o AcadÃªmica] [           main] o.s.d.jpa.repository.query.NamedQuery    : Did not find named query Professor.findByAreaAtuacaoContainingIgnoreCase
2025-07-02T23:03:02.149-03:00 DEBUG 9660 --- [Sistema de GestÃ£o AcadÃªmica] [           main] tor$SharedEntityManagerInvocationHandler : Creating new EntityManager for shared EntityManager invocation
2025-07-02T23:03:02.149-03:00 DEBUG 9660 --- [Sistema de GestÃ£o AcadÃªmica] [           main] o.s.d.jpa.repository.query.NamedQuery    : Looking up named query Professor.findByAtivoTrue
2025-07-02T23:03:02.151-03:00 DEBUG 9660 --- [Sistema de GestÃ£o AcadÃªmica] [           main] o.s.d.jpa.repository.query.NamedQuery    : Did not find named query Professor.findByAtivoTrue
2025-07-02T23:03:02.151-03:00 DEBUG 9660 --- [Sistema de GestÃ£o AcadÃªmica] [           main] tor$SharedEntityManagerInvocationHandler : Creating new EntityManager for shared EntityManager invocation
2025-07-02T23:03:02.153-03:00 DEBUG 9660 --- [Sistema de GestÃ£o AcadÃªmica] [           main] o.s.d.jpa.repository.query.NamedQuery    : Looking up named query Professor.findByEmail
2025-07-02T23:03:02.154-03:00 DEBUG 9660 --- [Sistema de GestÃ£o AcadÃªmica] [           main] o.s.d.jpa.repository.query.NamedQuery    : Did not find named query Professor.findByEmail
2025-07-02T23:03:02.154-03:00 DEBUG 9660 --- [Sistema de GestÃ£o AcadÃªmica] [           main] tor$SharedEntityManagerInvocationHandler : Creating new EntityManager for shared EntityManager invocation
2025-07-02T23:03:02.157-03:00 DEBUG 9660 --- [Sistema de GestÃ£o AcadÃªmica] [           main] o.s.d.jpa.repository.query.NamedQuery    : Looking up named query Professor.findByEstadoIgnoreCase
2025-07-02T23:03:02.157-03:00 DEBUG 9660 --- [Sistema de GestÃ£o AcadÃªmica] [           main] o.s.d.jpa.repository.query.NamedQuery    : Did not find named query Professor.findByEstadoIgnoreCase
2025-07-02T23:03:02.157-03:00 DEBUG 9660 --- [Sistema de GestÃ£o AcadÃªmica] [           main] tor$SharedEntityManagerInvocationHandler : Creating new EntityManager for shared EntityManager invocation
2025-07-02T23:03:02.161-03:00 DEBUG 9660 --- [Sistema de GestÃ£o AcadÃªmica] [           main] o.s.d.jpa.repository.query.NamedQuery    : Looking up named query Professor.countByAtivoFalse
2025-07-02T23:03:02.161-03:00 DEBUG 9660 --- [Sistema de GestÃ£o AcadÃªmica] [           main] o.s.d.jpa.repository.query.NamedQuery    : Did not find named query Professor.countByAtivoFalse
2025-07-02T23:03:02.161-03:00 DEBUG 9660 --- [Sistema de GestÃ£o AcadÃªmica] [           main] tor$SharedEntityManagerInvocationHandler : Creating new EntityManager for shared EntityManager invocation
2025-07-02T23:03:02.163-03:00 DEBUG 9660 --- [Sistema de GestÃ£o AcadÃªmica] [           main] o.s.d.jpa.repository.query.NamedQuery    : Looking up named query Professor.findByNomeContainingIgnoreCase
2025-07-02T23:03:02.163-03:00 DEBUG 9660 --- [Sistema de GestÃ£o AcadÃªmica] [           main] o.s.d.jpa.repository.query.NamedQuery    : Did not find named query Professor.findByNomeContainingIgnoreCase
2025-07-02T23:03:02.163-03:00 DEBUG 9660 --- [Sistema de GestÃ£o AcadÃªmica] [           main] tor$SharedEntityManagerInvocationHandler : Creating new EntityManager for shared EntityManager invocation
2025-07-02T23:03:02.166-03:00 DEBUG 9660 --- [Sistema de GestÃ£o AcadÃªmica] [           main] o.s.d.jpa.repository.query.NamedQuery    : Looking up named query Professor.findByCpf
2025-07-02T23:03:02.166-03:00 DEBUG 9660 --- [Sistema de GestÃ£o AcadÃªmica] [           main] o.s.d.jpa.repository.query.NamedQuery    : Did not find named query Professor.findByCpf
2025-07-02T23:03:02.166-03:00 DEBUG 9660 --- [Sistema de GestÃ£o AcadÃªmica] [           main] tor$SharedEntityManagerInvocationHandler : Creating new EntityManager for shared EntityManager invocation
2025-07-02T23:03:02.169-03:00 DEBUG 9660 --- [Sistema de GestÃ£o AcadÃªmica] [           main] o.s.d.jpa.repository.query.NamedQuery    : Looking up named query Professor.findByTitulacaoContainingIgnoreCase
2025-07-02T23:03:02.169-03:00 DEBUG 9660 --- [Sistema de GestÃ£o AcadÃªmica] [           main] o.s.d.jpa.repository.query.NamedQuery    : Did not find named query Professor.findByTitulacaoContainingIgnoreCase
2025-07-02T23:03:02.169-03:00 DEBUG 9660 --- [Sistema de GestÃ£o AcadÃªmica] [           main] tor$SharedEntityManagerInvocationHandler : Creating new EntityManager for shared EntityManager invocation
2025-07-02T23:03:02.176-03:00 DEBUG 9660 --- [Sistema de GestÃ£o AcadÃªmica] [           main] o.s.d.jpa.repository.query.NamedQuery    : Did not find named query Professor.existsByEmailExcludingId.count
2025-07-02T23:03:02.177-03:00 DEBUG 9660 --- [Sistema de GestÃ£o AcadÃªmica] [           main] tor$SharedEntityManagerInvocationHandler : Creating new EntityManager for shared EntityManager invocation
2025-07-02T23:03:02.188-03:00 DEBUG 9660 --- [Sistema de GestÃ£o AcadÃªmica] [           main] o.s.d.jpa.repository.query.NamedQuery    : Did not find named query Professor.findDistinctAreaAtuacao.count
2025-07-02T23:03:02.188-03:00 DEBUG 9660 --- [Sistema de GestÃ£o AcadÃªmica] [           main] tor$SharedEntityManagerInvocationHandler : Creating new EntityManager for shared EntityManager invocation
2025-07-02T23:03:02.204-03:00 DEBUG 9660 --- [Sistema de GestÃ£o AcadÃªmica] [           main] o.s.d.jpa.repository.query.NamedQuery    : Looking up named query Professor.countByAtivoTrue
2025-07-02T23:03:02.204-03:00 DEBUG 9660 --- [Sistema de GestÃ£o AcadÃªmica] [           main] o.s.d.jpa.repository.query.NamedQuery    : Did not find named query Professor.countByAtivoTrue
2025-07-02T23:03:02.204-03:00 DEBUG 9660 --- [Sistema de GestÃ£o AcadÃªmica] [           main] tor$SharedEntityManagerInvocationHandler : Creating new EntityManager for shared EntityManager invocation
2025-07-02T23:03:02.209-03:00 DEBUG 9660 --- [Sistema de GestÃ£o AcadÃªmica] [           main] o.s.d.jpa.repository.query.NamedQuery    : Did not find named query Professor.existsByCpfExcludingId.count
2025-07-02T23:03:02.212-03:00 DEBUG 9660 --- [Sistema de GestÃ£o AcadÃªmica] [           main] tor$SharedEntityManagerInvocationHandler : Creating new EntityManager for shared EntityManager invocation
2025-07-02T23:03:02.215-03:00 DEBUG 9660 --- [Sistema de GestÃ£o AcadÃªmica] [           main] o.s.d.jpa.repository.query.NamedQuery    : Did not find named query Professor.findDistinctTitulacao.count
2025-07-02T23:03:02.215-03:00 DEBUG 9660 --- [Sistema de GestÃ£o AcadÃªmica] [           main] tor$SharedEntityManagerInvocationHandler : Creating new EntityManager for shared EntityManager invocation
2025-07-02T23:03:02.219-03:00 DEBUG 9660 --- [Sistema de GestÃ£o AcadÃªmica] [           main] o.s.d.jpa.repository.query.NamedQuery    : Looking up named query Professor.findByCidadeIgnoreCase
2025-07-02T23:03:02.222-03:00 DEBUG 9660 --- [Sistema de GestÃ£o AcadÃªmica] [           main] o.s.d.jpa.repository.query.NamedQuery    : Did not find named query Professor.findByCidadeIgnoreCase
2025-07-02T23:03:02.222-03:00 DEBUG 9660 --- [Sistema de GestÃ£o AcadÃªmica] [           main] tor$SharedEntityManagerInvocationHandler : Creating new EntityManager for shared EntityManager invocation
2025-07-02T23:03:02.230-03:00 DEBUG 9660 --- [Sistema de GestÃ£o AcadÃªmica] [           main] o.s.d.r.c.s.RepositoryFactorySupport     : Finished creation of repository instance for br.com.tjw2025.repository.ProfessorRepository.
2025-07-02T23:03:02.253-03:00 DEBUG 9660 --- [Sistema de GestÃ£o AcadÃªmica] [           main] o.s.b.f.s.DefaultListableBeanFactory     : Creating shared instance of singleton bean 'disciplinaService'
2025-07-02T23:03:02.256-03:00 DEBUG 9660 --- [Sistema de GestÃ£o AcadÃªmica] [           main] o.s.b.f.s.DefaultListableBeanFactory     : Creating shared instance of singleton bean 'disciplinaRepository'
2025-07-02T23:03:02.259-03:00 DEBUG 9660 --- [Sistema de GestÃ£o AcadÃªmica] [           main] o.s.b.f.s.DefaultListableBeanFactory     : Creating shared instance of singleton bean 'jpa.named-queries#1'
2025-07-02T23:03:02.261-03:00 DEBUG 9660 --- [Sistema de GestÃ£o AcadÃªmica] [           main] o.s.b.f.s.DefaultListableBeanFactory     : Creating shared instance of singleton bean 'jpa.DisciplinaRepository.fragments#0'
2025-07-02T23:03:02.262-03:00 DEBUG 9660 --- [Sistema de GestÃ£o AcadÃªmica] [           main] tor$SharedEntityManagerInvocationHandler : Creating new EntityManager for shared EntityManager invocation
2025-07-02T23:03:02.273-03:00 DEBUG 9660 --- [Sistema de GestÃ£o AcadÃªmica] [           main] o.s.d.r.c.s.RepositoryFactorySupport     : Initializing repository instance for br.com.tjw2025.repository.DisciplinaRepository…
2025-07-02T23:03:02.274-03:00 DEBUG 9660 --- [Sistema de GestÃ£o AcadÃªmica] [           main] tor$SharedEntityManagerInvocationHandler : Creating new EntityManager for shared EntityManager invocation
2025-07-02T23:03:02.351-03:00 DEBUG 9660 --- [Sistema de GestÃ£o AcadÃªmica] [           main] o.s.d.jpa.repository.query.NamedQuery    : Looking up named query Disciplina.countByAtivaTrue
2025-07-02T23:03:02.351-03:00 DEBUG 9660 --- [Sistema de GestÃ£o AcadÃªmica] [           main] o.s.d.jpa.repository.query.NamedQuery    : Did not find named query Disciplina.countByAtivaTrue
2025-07-02T23:03:02.358-03:00 DEBUG 9660 --- [Sistema de GestÃ£o AcadÃªmica] [           main] tor$SharedEntityManagerInvocationHandler : Creating new EntityManager for shared EntityManager invocation
2025-07-02T23:03:02.359-03:00 DEBUG 9660 --- [Sistema de GestÃ£o AcadÃªmica] [           main] o.s.d.jpa.repository.query.NamedQuery    : Looking up named query Disciplina.findByTipoContainingIgnoreCase
2025-07-02T23:03:02.359-03:00 DEBUG 9660 --- [Sistema de GestÃ£o AcadÃªmica] [           main] o.s.d.jpa.repository.query.NamedQuery    : Did not find named query Disciplina.findByTipoContainingIgnoreCase
2025-07-02T23:03:02.359-03:00 DEBUG 9660 --- [Sistema de GestÃ£o AcadÃªmica] [           main] tor$SharedEntityManagerInvocationHandler : Creating new EntityManager for shared EntityManager invocation
2025-07-02T23:03:02.362-03:00 DEBUG 9660 --- [Sistema de GestÃ£o AcadÃªmica] [           main] o.s.d.jpa.repository.query.NamedQuery    : Looking up named query Disciplina.findByAtivaFalse
2025-07-02T23:03:02.362-03:00 DEBUG 9660 --- [Sistema de GestÃ£o AcadÃªmica] [           main] o.s.d.jpa.repository.query.NamedQuery    : Did not find named query Disciplina.findByAtivaFalse
2025-07-02T23:03:02.362-03:00 DEBUG 9660 --- [Sistema de GestÃ£o AcadÃªmica] [           main] tor$SharedEntityManagerInvocationHandler : Creating new EntityManager for shared EntityManager invocation
2025-07-02T23:03:02.362-03:00 DEBUG 9660 --- [Sistema de GestÃ£o AcadÃªmica] [           main] o.s.d.jpa.repository.query.NamedQuery    : Looking up named query Disciplina.findByCargaHorariaLessThan
2025-07-02T23:03:02.367-03:00 DEBUG 9660 --- [Sistema de GestÃ£o AcadÃªmica] [           main] o.s.d.jpa.repository.query.NamedQuery    : Did not find named query Disciplina.findByCargaHorariaLessThan
2025-07-02T23:03:02.367-03:00 DEBUG 9660 --- [Sistema de GestÃ£o AcadÃªmica] [           main] tor$SharedEntityManagerInvocationHandler : Creating new EntityManager for shared EntityManager invocation
2025-07-02T23:03:02.369-03:00 DEBUG 9660 --- [Sistema de GestÃ£o AcadÃªmica] [           main] o.s.d.jpa.repository.query.NamedQuery    : Did not find named query Disciplina.findDistinctSemestre.count
2025-07-02T23:03:02.369-03:00 DEBUG 9660 --- [Sistema de GestÃ£o AcadÃªmica] [           main] tor$SharedEntityManagerInvocationHandler : Creating new EntityManager for shared EntityManager invocation
2025-07-02T23:03:02.375-03:00 DEBUG 9660 --- [Sistema de GestÃ£o AcadÃªmica] [           main] o.s.d.jpa.repository.query.NamedQuery    : Did not find named query Disciplina.existsByCodigoExcludingId.count
2025-07-02T23:03:02.379-03:00 DEBUG 9660 --- [Sistema de GestÃ£o AcadÃªmica] [           main] tor$SharedEntityManagerInvocationHandler : Creating new EntityManager for shared EntityManager invocation
2025-07-02T23:03:02.384-03:00 DEBUG 9660 --- [Sistema de GestÃ£o AcadÃªmica] [           main] o.s.d.jpa.repository.query.NamedQuery    : Did not find named query Disciplina.findDistinctTipo.count
2025-07-02T23:03:02.384-03:00 DEBUG 9660 --- [Sistema de GestÃ£o AcadÃªmica] [           main] tor$SharedEntityManagerInvocationHandler : Creating new EntityManager for shared EntityManager invocation
2025-07-02T23:03:02.389-03:00 DEBUG 9660 --- [Sistema de GestÃ£o AcadÃªmica] [           main] o.s.d.jpa.repository.query.NamedQuery    : Looking up named query Disciplina.countByAtivaFalse
2025-07-02T23:03:02.389-03:00 DEBUG 9660 --- [Sistema de GestÃ£o AcadÃªmica] [           main] o.s.d.jpa.repository.query.NamedQuery    : Did not find named query Disciplina.countByAtivaFalse
2025-07-02T23:03:02.389-03:00 DEBUG 9660 --- [Sistema de GestÃ£o AcadÃªmica] [           main] tor$SharedEntityManagerInvocationHandler : Creating new EntityManager for shared EntityManager invocation
2025-07-02T23:03:02.392-03:00 DEBUG 9660 --- [Sistema de GestÃ£o AcadÃªmica] [           main] o.s.d.jpa.repository.query.NamedQuery    : Looking up named query Disciplina.findByCargaHorariaGreaterThan
2025-07-02T23:03:02.392-03:00 DEBUG 9660 --- [Sistema de GestÃ£o AcadÃªmica] [           main] o.s.d.jpa.repository.query.NamedQuery    : Did not find named query Disciplina.findByCargaHorariaGreaterThan
2025-07-02T23:03:02.395-03:00 DEBUG 9660 --- [Sistema de GestÃ£o AcadÃªmica] [           main] tor$SharedEntityManagerInvocationHandler : Creating new EntityManager for shared EntityManager invocation
2025-07-02T23:03:02.395-03:00 DEBUG 9660 --- [Sistema de GestÃ£o AcadÃªmica] [           main] o.s.d.jpa.repository.query.NamedQuery    : Looking up named query Disciplina.findByCodigo
2025-07-02T23:03:02.395-03:00 DEBUG 9660 --- [Sistema de GestÃ£o AcadÃªmica] [           main] o.s.d.jpa.repository.query.NamedQuery    : Did not find named query Disciplina.findByCodigo
2025-07-02T23:03:02.400-03:00 DEBUG 9660 --- [Sistema de GestÃ£o AcadÃªmica] [           main] tor$SharedEntityManagerInvocationHandler : Creating new EntityManager for shared EntityManager invocation
2025-07-02T23:03:02.401-03:00 DEBUG 9660 --- [Sistema de GestÃ£o AcadÃªmica] [           main] o.s.d.jpa.repository.query.NamedQuery    : Looking up named query Disciplina.findAllByOrderByNomeAsc
2025-07-02T23:03:02.403-03:00 DEBUG 9660 --- [Sistema de GestÃ£o AcadÃªmica] [           main] o.s.d.jpa.repository.query.NamedQuery    : Did not find named query Disciplina.findAllByOrderByNomeAsc
2025-07-02T23:03:02.403-03:00 DEBUG 9660 --- [Sistema de GestÃ£o AcadÃªmica] [           main] tor$SharedEntityManagerInvocationHandler : Creating new EntityManager for shared EntityManager invocation
2025-07-02T23:03:02.412-03:00 DEBUG 9660 --- [Sistema de GestÃ£o AcadÃªmica] [           main] o.s.d.jpa.repository.query.NamedQuery    : Looking up named query Disciplina.findByCargaHoraria
2025-07-02T23:03:02.414-03:00 DEBUG 9660 --- [Sistema de GestÃ£o AcadÃªmica] [           main] o.s.d.jpa.repository.query.NamedQuery    : Did not find named query Disciplina.findByCargaHoraria
2025-07-02T23:03:02.414-03:00 DEBUG 9660 --- [Sistema de GestÃ£o AcadÃªmica] [           main] tor$SharedEntityManagerInvocationHandler : Creating new EntityManager for shared EntityManager invocation
2025-07-02T23:03:02.414-03:00 DEBUG 9660 --- [Sistema de GestÃ£o AcadÃªmica] [           main] o.s.d.jpa.repository.query.NamedQuery    : Looking up named query Disciplina.findByAtivaTrue
2025-07-02T23:03:02.416-03:00 DEBUG 9660 --- [Sistema de GestÃ£o AcadÃªmica] [           main] o.s.d.jpa.repository.query.NamedQuery    : Did not find named query Disciplina.findByAtivaTrue
2025-07-02T23:03:02.416-03:00 DEBUG 9660 --- [Sistema de GestÃ£o AcadÃªmica] [           main] tor$SharedEntityManagerInvocationHandler : Creating new EntityManager for shared EntityManager invocation
2025-07-02T23:03:02.418-03:00 DEBUG 9660 --- [Sistema de GestÃ£o AcadÃªmica] [           main] o.s.d.jpa.repository.query.NamedQuery    : Looking up named query Disciplina.findByAtivaTrueOrderByNomeAsc
2025-07-02T23:03:02.419-03:00 DEBUG 9660 --- [Sistema de GestÃ£o AcadÃªmica] [           main] o.s.d.jpa.repository.query.NamedQuery    : Did not find named query Disciplina.findByAtivaTrueOrderByNomeAsc
2025-07-02T23:03:02.419-03:00 DEBUG 9660 --- [Sistema de GestÃ£o AcadÃªmica] [           main] tor$SharedEntityManagerInvocationHandler : Creating new EntityManager for shared EntityManager invocation
2025-07-02T23:03:02.421-03:00 DEBUG 9660 --- [Sistema de GestÃ£o AcadÃªmica] [           main] o.s.d.jpa.repository.query.NamedQuery    : Looking up named query Disciplina.findByNomeContainingIgnoreCase
2025-07-02T23:03:02.421-03:00 DEBUG 9660 --- [Sistema de GestÃ£o AcadÃªmica] [           main] o.s.d.jpa.repository.query.NamedQuery    : Did not find named query Disciplina.findByNomeContainingIgnoreCase
2025-07-02T23:03:02.422-03:00 DEBUG 9660 --- [Sistema de GestÃ£o AcadÃªmica] [           main] tor$SharedEntityManagerInvocationHandler : Creating new EntityManager for shared EntityManager invocation
2025-07-02T23:03:02.422-03:00 DEBUG 9660 --- [Sistema de GestÃ£o AcadÃªmica] [           main] o.s.d.jpa.repository.query.NamedQuery    : Looking up named query Disciplina.findBySemestre
2025-07-02T23:03:02.426-03:00 DEBUG 9660 --- [Sistema de GestÃ£o AcadÃªmica] [           main] o.s.d.jpa.repository.query.NamedQuery    : Did not find named query Disciplina.findBySemestre
2025-07-02T23:03:02.426-03:00 DEBUG 9660 --- [Sistema de GestÃ£o AcadÃªmica] [           main] tor$SharedEntityManagerInvocationHandler : Creating new EntityManager for shared EntityManager invocation
2025-07-02T23:03:02.433-03:00 DEBUG 9660 --- [Sistema de GestÃ£o AcadÃªmica] [           main] o.s.d.r.c.s.RepositoryFactorySupport     : Finished creation of repository instance for br.com.tjw2025.repository.DisciplinaRepository.
2025-07-02T23:03:02.452-03:00 DEBUG 9660 --- [Sistema de GestÃ£o AcadÃªmica] [           main] o.s.b.f.s.DefaultListableBeanFactory     : Creating shared instance of singleton bean 'semestreService'
2025-07-02T23:03:02.454-03:00 DEBUG 9660 --- [Sistema de GestÃ£o AcadÃªmica] [           main] o.s.b.f.s.DefaultListableBeanFactory     : Creating shared instance of singleton bean 'semestreRepository'
2025-07-02T23:03:02.456-03:00 DEBUG 9660 --- [Sistema de GestÃ£o AcadÃªmica] [           main] o.s.b.f.s.DefaultListableBeanFactory     : Creating shared instance of singleton bean 'jpa.named-queries#3'
2025-07-02T23:03:02.456-03:00 DEBUG 9660 --- [Sistema de GestÃ£o AcadÃªmica] [           main] o.s.b.f.s.DefaultListableBeanFactory     : Creating shared instance of singleton bean 'jpa.SemestreRepository.fragments#0'
2025-07-02T23:03:02.458-03:00 DEBUG 9660 --- [Sistema de GestÃ£o AcadÃªmica] [           main] tor$SharedEntityManagerInvocationHandler : Creating new EntityManager for shared EntityManager invocation
2025-07-02T23:03:02.465-03:00 DEBUG 9660 --- [Sistema de GestÃ£o AcadÃªmica] [           main] o.s.d.r.c.s.RepositoryFactorySupport     : Initializing repository instance for br.com.tjw2025.repository.SemestreRepository…
2025-07-02T23:03:02.466-03:00 DEBUG 9660 --- [Sistema de GestÃ£o AcadÃªmica] [           main] tor$SharedEntityManagerInvocationHandler : Creating new EntityManager for shared EntityManager invocation
2025-07-02T23:03:02.497-03:00 DEBUG 9660 --- [Sistema de GestÃ£o AcadÃªmica] [           main] o.s.d.jpa.repository.query.NamedQuery    : Looking up named query Semestre.findByPeriodo
2025-07-02T23:03:02.497-03:00 DEBUG 9660 --- [Sistema de GestÃ£o AcadÃªmica] [           main] o.s.d.jpa.repository.query.NamedQuery    : Did not find named query Semestre.findByPeriodo
2025-07-02T23:03:02.497-03:00 DEBUG 9660 --- [Sistema de GestÃ£o AcadÃªmica] [           main] tor$SharedEntityManagerInvocationHandler : Creating new EntityManager for shared EntityManager invocation
2025-07-02T23:03:02.504-03:00 DEBUG 9660 --- [Sistema de GestÃ£o AcadÃªmica] [           main] o.s.d.jpa.repository.query.NamedQuery    : Did not find named query Semestre.findSemestresPassados.count
2025-07-02T23:03:02.504-03:00 DEBUG 9660 --- [Sistema de GestÃ£o AcadÃªmica] [           main] tor$SharedEntityManagerInvocationHandler : Creating new EntityManager for shared EntityManager invocation
2025-07-02T23:03:02.511-03:00 DEBUG 9660 --- [Sistema de GestÃ£o AcadÃªmica] [           main] o.s.d.jpa.repository.query.NamedQuery    : Looking up named query Semestre.countByAtivoFalse
2025-07-02T23:03:02.512-03:00 DEBUG 9660 --- [Sistema de GestÃ£o AcadÃªmica] [           main] o.s.d.jpa.repository.query.NamedQuery    : Did not find named query Semestre.countByAtivoFalse
2025-07-02T23:03:02.512-03:00 DEBUG 9660 --- [Sistema de GestÃ£o AcadÃªmica] [           main] tor$SharedEntityManagerInvocationHandler : Creating new EntityManager for shared EntityManager invocation
2025-07-02T23:03:02.515-03:00 DEBUG 9660 --- [Sistema de GestÃ£o AcadÃªmica] [           main] o.s.d.jpa.repository.query.NamedQuery    : Did not find named query Semestre.findDistinctAno.count
2025-07-02T23:03:02.516-03:00 DEBUG 9660 --- [Sistema de GestÃ£o AcadÃªmica] [           main] tor$SharedEntityManagerInvocationHandler : Creating new EntityManager for shared EntityManager invocation
2025-07-02T23:03:02.518-03:00 DEBUG 9660 --- [Sistema de GestÃ£o AcadÃªmica] [           main] o.s.d.jpa.repository.query.NamedQuery    : Looking up named query Semestre.findByAnoAndPeriodo
2025-07-02T23:03:02.518-03:00 DEBUG 9660 --- [Sistema de GestÃ£o AcadÃªmica] [           main] o.s.d.jpa.repository.query.NamedQuery    : Did not find named query Semestre.findByAnoAndPeriodo
2025-07-02T23:03:02.520-03:00 DEBUG 9660 --- [Sistema de GestÃ£o AcadÃªmica] [           main] tor$SharedEntityManagerInvocationHandler : Creating new EntityManager for shared EntityManager invocation
2025-07-02T23:03:02.523-03:00 DEBUG 9660 --- [Sistema de GestÃ£o AcadÃªmica] [           main] o.s.d.jpa.repository.query.NamedQuery    : Did not find named query Semestre.findSemestresFuturos.count
2025-07-02T23:03:02.523-03:00 DEBUG 9660 --- [Sistema de GestÃ£o AcadÃªmica] [           main] tor$SharedEntityManagerInvocationHandler : Creating new EntityManager for shared EntityManager invocation
2025-07-02T23:03:02.529-03:00 DEBUG 9660 --- [Sistema de GestÃ£o AcadÃªmica] [           main] o.s.d.jpa.repository.query.NamedQuery    : Looking up named query Semestre.countByAtivoTrue
2025-07-02T23:03:02.529-03:00 DEBUG 9660 --- [Sistema de GestÃ£o AcadÃªmica] [           main] o.s.d.jpa.repository.query.NamedQuery    : Did not find named query Semestre.countByAtivoTrue
2025-07-02T23:03:02.529-03:00 DEBUG 9660 --- [Sistema de GestÃ£o AcadÃªmica] [           main] tor$SharedEntityManagerInvocationHandler : Creating new EntityManager for shared EntityManager invocation
2025-07-02T23:03:02.535-03:00 DEBUG 9660 --- [Sistema de GestÃ£o AcadÃªmica] [           main] o.s.d.jpa.repository.query.NamedQuery    : Did not find named query Semestre.findSemestresComMatriculasAbertas.count
2025-07-02T23:03:02.535-03:00 DEBUG 9660 --- [Sistema de GestÃ£o AcadÃªmica] [           main] tor$SharedEntityManagerInvocationHandler : Creating new EntityManager for shared EntityManager invocation
2025-07-02T23:03:02.539-03:00 DEBUG 9660 --- [Sistema de GestÃ£o AcadÃªmica] [           main] o.s.d.jpa.repository.query.NamedQuery    : Looking up named query Semestre.findAllByOrderByAnoDescPeriodoDesc
2025-07-02T23:03:02.539-03:00 DEBUG 9660 --- [Sistema de GestÃ£o AcadÃªmica] [           main] o.s.d.jpa.repository.query.NamedQuery    : Did not find named query Semestre.findAllByOrderByAnoDescPeriodoDesc
2025-07-02T23:03:02.539-03:00 DEBUG 9660 --- [Sistema de GestÃ£o AcadÃªmica] [           main] tor$SharedEntityManagerInvocationHandler : Creating new EntityManager for shared EntityManager invocation
2025-07-02T23:03:02.548-03:00 DEBUG 9660 --- [Sistema de GestÃ£o AcadÃªmica] [           main] o.s.d.jpa.repository.query.NamedQuery    : Looking up named query Semestre.findByAtivoFalse
2025-07-02T23:03:02.550-03:00 DEBUG 9660 --- [Sistema de GestÃ£o AcadÃªmica] [           main] o.s.d.jpa.repository.query.NamedQuery    : Did not find named query Semestre.findByAtivoFalse
2025-07-02T23:03:02.550-03:00 DEBUG 9660 --- [Sistema de GestÃ£o AcadÃªmica] [           main] tor$SharedEntityManagerInvocationHandler : Creating new EntityManager for shared EntityManager invocation
2025-07-02T23:03:02.552-03:00 DEBUG 9660 --- [Sistema de GestÃ£o AcadÃªmica] [           main] o.s.d.jpa.repository.query.NamedQuery    : Looking up named query Semestre.findByAtivoTrueOrderByAnoDescPeriodoDesc
2025-07-02T23:03:02.552-03:00 DEBUG 9660 --- [Sistema de GestÃ£o AcadÃªmica] [           main] o.s.d.jpa.repository.query.NamedQuery    : Did not find named query Semestre.findByAtivoTrueOrderByAnoDescPeriodoDesc
2025-07-02T23:03:02.552-03:00 DEBUG 9660 --- [Sistema de GestÃ£o AcadÃªmica] [           main] tor$SharedEntityManagerInvocationHandler : Creating new EntityManager for shared EntityManager invocation
2025-07-02T23:03:02.552-03:00 DEBUG 9660 --- [Sistema de GestÃ£o AcadÃªmica] [           main] o.s.d.jpa.repository.query.NamedQuery    : Looking up named query Semestre.findByAtivoTrue
2025-07-02T23:03:02.556-03:00 DEBUG 9660 --- [Sistema de GestÃ£o AcadÃªmica] [           main] o.s.d.jpa.repository.query.NamedQuery    : Did not find named query Semestre.findByAtivoTrue
2025-07-02T23:03:02.557-03:00 DEBUG 9660 --- [Sistema de GestÃ£o AcadÃªmica] [           main] tor$SharedEntityManagerInvocationHandler : Creating new EntityManager for shared EntityManager invocation
2025-07-02T23:03:02.557-03:00 DEBUG 9660 --- [Sistema de GestÃ£o AcadÃªmica] [           main] o.s.d.jpa.repository.query.NamedQuery    : Looking up named query Semestre.findByAno
2025-07-02T23:03:02.561-03:00 DEBUG 9660 --- [Sistema de GestÃ£o AcadÃªmica] [           main] o.s.d.jpa.repository.query.NamedQuery    : Did not find named query Semestre.findByAno
2025-07-02T23:03:02.561-03:00 DEBUG 9660 --- [Sistema de GestÃ£o AcadÃªmica] [           main] tor$SharedEntityManagerInvocationHandler : Creating new EntityManager for shared EntityManager invocation
2025-07-02T23:03:02.564-03:00 DEBUG 9660 --- [Sistema de GestÃ£o AcadÃªmica] [           main] o.s.d.jpa.repository.query.NamedQuery    : Did not find named query Semestre.findSemestreAtual.count
2025-07-02T23:03:02.565-03:00 DEBUG 9660 --- [Sistema de GestÃ£o AcadÃªmica] [           main] tor$SharedEntityManagerInvocationHandler : Creating new EntityManager for shared EntityManager invocation
2025-07-02T23:03:02.572-03:00 DEBUG 9660 --- [Sistema de GestÃ£o AcadÃªmica] [           main] o.s.d.r.c.s.RepositoryFactorySupport     : Finished creation of repository instance for br.com.tjw2025.repository.SemestreRepository.
2025-07-02T23:03:02.585-03:00 DEBUG 9660 --- [Sistema de GestÃ£o AcadÃªmica] [           main] o.s.b.f.s.DefaultListableBeanFactory     : Creating shared instance of singleton bean 'turmaService'
2025-07-02T23:03:02.589-03:00 DEBUG 9660 --- [Sistema de GestÃ£o AcadÃªmica] [           main] o.s.b.f.s.DefaultListableBeanFactory     : Creating shared instance of singleton bean 'turmaRepository'
2025-07-02T23:03:02.593-03:00 DEBUG 9660 --- [Sistema de GestÃ£o AcadÃªmica] [           main] o.s.b.f.s.DefaultListableBeanFactory     : Creating shared instance of singleton bean 'jpa.named-queries#4'
2025-07-02T23:03:02.593-03:00 DEBUG 9660 --- [Sistema de GestÃ£o AcadÃªmica] [           main] o.s.b.f.s.DefaultListableBeanFactory     : Creating shared instance of singleton bean 'jpa.TurmaRepository.fragments#0'
2025-07-02T23:03:02.595-03:00 DEBUG 9660 --- [Sistema de GestÃ£o AcadÃªmica] [           main] tor$SharedEntityManagerInvocationHandler : Creating new EntityManager for shared EntityManager invocation
2025-07-02T23:03:02.608-03:00 DEBUG 9660 --- [Sistema de GestÃ£o AcadÃªmica] [           main] o.s.d.r.c.s.RepositoryFactorySupport     : Initializing repository instance for br.com.tjw2025.repository.TurmaRepository…
2025-07-02T23:03:02.608-03:00 DEBUG 9660 --- [Sistema de GestÃ£o AcadÃªmica] [           main] tor$SharedEntityManagerInvocationHandler : Creating new EntityManager for shared EntityManager invocation
2025-07-02T23:03:02.662-03:00 DEBUG 9660 --- [Sistema de GestÃ£o AcadÃªmica] [           main] o.s.d.jpa.repository.query.NamedQuery    : Did not find named query Turma.existsByCodigoExcludingId.count
2025-07-02T23:03:02.662-03:00 DEBUG 9660 --- [Sistema de GestÃ£o AcadÃªmica] [           main] tor$SharedEntityManagerInvocationHandler : Creating new EntityManager for shared EntityManager invocation
2025-07-02T23:03:02.670-03:00 DEBUG 9660 --- [Sistema de GestÃ£o AcadÃªmica] [           main] o.s.d.jpa.repository.query.NamedQuery    : Looking up named query Turma.countByAtivaFalse
2025-07-02T23:03:02.670-03:00 DEBUG 9660 --- [Sistema de GestÃ£o AcadÃªmica] [           main] o.s.d.jpa.repository.query.NamedQuery    : Did not find named query Turma.countByAtivaFalse
2025-07-02T23:03:02.670-03:00 DEBUG 9660 --- [Sistema de GestÃ£o AcadÃªmica] [           main] tor$SharedEntityManagerInvocationHandler : Creating new EntityManager for shared EntityManager invocation
2025-07-02T23:03:02.670-03:00 DEBUG 9660 --- [Sistema de GestÃ£o AcadÃªmica] [           main] o.s.d.jpa.repository.query.NamedQuery    : Looking up named query Turma.findByDisciplina
2025-07-02T23:03:02.670-03:00 DEBUG 9660 --- [Sistema de GestÃ£o AcadÃªmica] [           main] o.s.d.jpa.repository.query.NamedQuery    : Did not find named query Turma.findByDisciplina
2025-07-02T23:03:02.670-03:00 DEBUG 9660 --- [Sistema de GestÃ£o AcadÃªmica] [           main] tor$SharedEntityManagerInvocationHandler : Creating new EntityManager for shared EntityManager invocation
2025-07-02T23:03:02.670-03:00 DEBUG 9660 --- [Sistema de GestÃ£o AcadÃªmica] [           main] o.s.d.jpa.repository.query.NamedQuery    : Looking up named query Turma.findByCodigo
2025-07-02T23:03:02.678-03:00 DEBUG 9660 --- [Sistema de GestÃ£o AcadÃªmica] [           main] o.s.d.jpa.repository.query.NamedQuery    : Did not find named query Turma.findByCodigo
2025-07-02T23:03:02.678-03:00 DEBUG 9660 --- [Sistema de GestÃ£o AcadÃªmica] [           main] tor$SharedEntityManagerInvocationHandler : Creating new EntityManager for shared EntityManager invocation
2025-07-02T23:03:02.679-03:00 DEBUG 9660 --- [Sistema de GestÃ£o AcadÃªmica] [           main] o.s.d.jpa.repository.query.NamedQuery    : Looking up named query Turma.countByAtivaTrue
2025-07-02T23:03:02.679-03:00 DEBUG 9660 --- [Sistema de GestÃ£o AcadÃªmica] [           main] o.s.d.jpa.repository.query.NamedQuery    : Did not find named query Turma.countByAtivaTrue
2025-07-02T23:03:02.679-03:00 DEBUG 9660 --- [Sistema de GestÃ£o AcadÃªmica] [           main] tor$SharedEntityManagerInvocationHandler : Creating new EntityManager for shared EntityManager invocation
2025-07-02T23:03:02.679-03:00 DEBUG 9660 --- [Sistema de GestÃ£o AcadÃªmica] [           main] o.s.d.jpa.repository.query.NamedQuery    : Did not find named query Turma.findTurmasLotadas.count
2025-07-02T23:03:02.679-03:00 DEBUG 9660 --- [Sistema de GestÃ£o AcadÃªmica] [           main] tor$SharedEntityManagerInvocationHandler : Creating new EntityManager for shared EntityManager invocation
2025-07-02T23:03:02.688-03:00 DEBUG 9660 --- [Sistema de GestÃ£o AcadÃªmica] [           main] o.s.d.jpa.repository.query.NamedQuery    : Looking up named query Turma.findByDisciplinaOrderByCodigoAsc
2025-07-02T23:03:02.689-03:00 DEBUG 9660 --- [Sistema de GestÃ£o AcadÃªmica] [           main] o.s.d.jpa.repository.query.NamedQuery    : Did not find named query Turma.findByDisciplinaOrderByCodigoAsc
2025-07-02T23:03:02.689-03:00 DEBUG 9660 --- [Sistema de GestÃ£o AcadÃªmica] [           main] tor$SharedEntityManagerInvocationHandler : Creating new EntityManager for shared EntityManager invocation
2025-07-02T23:03:02.689-03:00 DEBUG 9660 --- [Sistema de GestÃ£o AcadÃªmica] [           main] o.s.d.jpa.repository.query.NamedQuery    : Looking up named query Turma.findByAtivaFalse
2025-07-02T23:03:02.689-03:00 DEBUG 9660 --- [Sistema de GestÃ£o AcadÃªmica] [           main] o.s.d.jpa.repository.query.NamedQuery    : Did not find named query Turma.findByAtivaFalse
2025-07-02T23:03:02.689-03:00 DEBUG 9660 --- [Sistema de GestÃ£o AcadÃªmica] [           main] tor$SharedEntityManagerInvocationHandler : Creating new EntityManager for shared EntityManager invocation
2025-07-02T23:03:02.694-03:00 DEBUG 9660 --- [Sistema de GestÃ£o AcadÃªmica] [           main] o.s.d.jpa.repository.query.NamedQuery    : Looking up named query Turma.findByDataInicio
2025-07-02T23:03:02.695-03:00 DEBUG 9660 --- [Sistema de GestÃ£o AcadÃªmica] [           main] o.s.d.jpa.repository.query.NamedQuery    : Did not find named query Turma.findByDataInicio
2025-07-02T23:03:02.695-03:00 DEBUG 9660 --- [Sistema de GestÃ£o AcadÃªmica] [           main] tor$SharedEntityManagerInvocationHandler : Creating new EntityManager for shared EntityManager invocation
2025-07-02T23:03:02.695-03:00 DEBUG 9660 --- [Sistema de GestÃ£o AcadÃªmica] [           main] o.s.d.jpa.repository.query.NamedQuery    : Did not find named query Turma.findTurmasComVagasDisponiveis.count
2025-07-02T23:03:02.699-03:00 DEBUG 9660 --- [Sistema de GestÃ£o AcadÃªmica] [           main] tor$SharedEntityManagerInvocationHandler : Creating new EntityManager for shared EntityManager invocation
2025-07-02T23:03:02.699-03:00 DEBUG 9660 --- [Sistema de GestÃ£o AcadÃªmica] [           main] o.s.d.jpa.repository.query.NamedQuery    : Looking up named query Turma.findAllByOrderByCodigoAsc
2025-07-02T23:03:02.703-03:00 DEBUG 9660 --- [Sistema de GestÃ£o AcadÃªmica] [           main] o.s.d.jpa.repository.query.NamedQuery    : Did not find named query Turma.findAllByOrderByCodigoAsc
2025-07-02T23:03:02.703-03:00 DEBUG 9660 --- [Sistema de GestÃ£o AcadÃªmica] [           main] tor$SharedEntityManagerInvocationHandler : Creating new EntityManager for shared EntityManager invocation
2025-07-02T23:03:02.704-03:00 DEBUG 9660 --- [Sistema de GestÃ£o AcadÃªmica] [           main] o.s.d.jpa.repository.query.NamedQuery    : Looking up named query Turma.findByDisciplinaAndSemestre
2025-07-02T23:03:02.704-03:00 DEBUG 9660 --- [Sistema de GestÃ£o AcadÃªmica] [           main] o.s.d.jpa.repository.query.NamedQuery    : Did not find named query Turma.findByDisciplinaAndSemestre
2025-07-02T23:03:02.704-03:00 DEBUG 9660 --- [Sistema de GestÃ£o AcadÃªmica] [           main] tor$SharedEntityManagerInvocationHandler : Creating new EntityManager for shared EntityManager invocation
2025-07-02T23:03:02.707-03:00 DEBUG 9660 --- [Sistema de GestÃ£o AcadÃªmica] [           main] o.s.d.jpa.repository.query.NamedQuery    : Looking up named query Turma.findBySemestreOrderByCodigoAsc
2025-07-02T23:03:02.707-03:00 DEBUG 9660 --- [Sistema de GestÃ£o AcadÃªmica] [           main] o.s.d.jpa.repository.query.NamedQuery    : Did not find named query Turma.findBySemestreOrderByCodigoAsc
2025-07-02T23:03:02.710-03:00 DEBUG 9660 --- [Sistema de GestÃ£o AcadÃªmica] [           main] tor$SharedEntityManagerInvocationHandler : Creating new EntityManager for shared EntityManager invocation
2025-07-02T23:03:02.711-03:00 DEBUG 9660 --- [Sistema de GestÃ£o AcadÃªmica] [           main] o.s.d.jpa.repository.query.NamedQuery    : Looking up named query Turma.findByDiaSemanaIgnoreCase
2025-07-02T23:03:02.711-03:00 DEBUG 9660 --- [Sistema de GestÃ£o AcadÃªmica] [           main] o.s.d.jpa.repository.query.NamedQuery    : Did not find named query Turma.findByDiaSemanaIgnoreCase
2025-07-02T23:03:02.711-03:00 DEBUG 9660 --- [Sistema de GestÃ£o AcadÃªmica] [           main] tor$SharedEntityManagerInvocationHandler : Creating new EntityManager for shared EntityManager invocation
2025-07-02T23:03:02.711-03:00 DEBUG 9660 --- [Sistema de GestÃ£o AcadÃªmica] [           main] o.s.d.jpa.repository.query.NamedQuery    : Looking up named query Turma.findBySalaContainingIgnoreCase
2025-07-02T23:03:02.711-03:00 DEBUG 9660 --- [Sistema de GestÃ£o AcadÃªmica] [           main] o.s.d.jpa.repository.query.NamedQuery    : Did not find named query Turma.findBySalaContainingIgnoreCase
2025-07-02T23:03:02.711-03:00 DEBUG 9660 --- [Sistema de GestÃ£o AcadÃªmica] [           main] tor$SharedEntityManagerInvocationHandler : Creating new EntityManager for shared EntityManager invocation
2025-07-02T23:03:02.716-03:00 DEBUG 9660 --- [Sistema de GestÃ£o AcadÃªmica] [           main] o.s.d.jpa.repository.query.NamedQuery    : Looking up named query Turma.findByDataFim
2025-07-02T23:03:02.716-03:00 DEBUG 9660 --- [Sistema de GestÃ£o AcadÃªmica] [           main] o.s.d.jpa.repository.query.NamedQuery    : Did not find named query Turma.findByDataFim
2025-07-02T23:03:02.718-03:00 DEBUG 9660 --- [Sistema de GestÃ£o AcadÃªmica] [           main] tor$SharedEntityManagerInvocationHandler : Creating new EntityManager for shared EntityManager invocation
2025-07-02T23:03:02.720-03:00 DEBUG 9660 --- [Sistema de GestÃ£o AcadÃªmica] [           main] o.s.d.jpa.repository.query.NamedQuery    : Looking up named query Turma.findBySemestre
2025-07-02T23:03:02.720-03:00 DEBUG 9660 --- [Sistema de GestÃ£o AcadÃªmica] [           main] o.s.d.jpa.repository.query.NamedQuery    : Did not find named query Turma.findBySemestre
2025-07-02T23:03:02.721-03:00 DEBUG 9660 --- [Sistema de GestÃ£o AcadÃªmica] [           main] tor$SharedEntityManagerInvocationHandler : Creating new EntityManager for shared EntityManager invocation
2025-07-02T23:03:02.721-03:00 DEBUG 9660 --- [Sistema de GestÃ£o AcadÃªmica] [           main] o.s.d.jpa.repository.query.NamedQuery    : Looking up named query Turma.findByProfessorAndSemestre
2025-07-02T23:03:02.724-03:00 DEBUG 9660 --- [Sistema de GestÃ£o AcadÃªmica] [           main] o.s.d.jpa.repository.query.NamedQuery    : Did not find named query Turma.findByProfessorAndSemestre
2025-07-02T23:03:02.724-03:00 DEBUG 9660 --- [Sistema de GestÃ£o AcadÃªmica] [           main] tor$SharedEntityManagerInvocationHandler : Creating new EntityManager for shared EntityManager invocation
2025-07-02T23:03:02.727-03:00 DEBUG 9660 --- [Sistema de GestÃ£o AcadÃªmica] [           main] o.s.d.jpa.repository.query.NamedQuery    : Looking up named query Turma.findByAtivaTrueOrderByCodigoAsc
2025-07-02T23:03:02.727-03:00 DEBUG 9660 --- [Sistema de GestÃ£o AcadÃªmica] [           main] o.s.d.jpa.repository.query.NamedQuery    : Did not find named query Turma.findByAtivaTrueOrderByCodigoAsc
2025-07-02T23:03:02.727-03:00 DEBUG 9660 --- [Sistema de GestÃ£o AcadÃªmica] [           main] tor$SharedEntityManagerInvocationHandler : Creating new EntityManager for shared EntityManager invocation
2025-07-02T23:03:02.731-03:00 DEBUG 9660 --- [Sistema de GestÃ£o AcadÃªmica] [           main] o.s.d.jpa.repository.query.NamedQuery    : Looking up named query Turma.findByProfessor
2025-07-02T23:03:02.731-03:00 DEBUG 9660 --- [Sistema de GestÃ£o AcadÃªmica] [           main] o.s.d.jpa.repository.query.NamedQuery    : Did not find named query Turma.findByProfessor
2025-07-02T23:03:02.731-03:00 DEBUG 9660 --- [Sistema de GestÃ£o AcadÃªmica] [           main] tor$SharedEntityManagerInvocationHandler : Creating new EntityManager for shared EntityManager invocation
2025-07-02T23:03:02.735-03:00 DEBUG 9660 --- [Sistema de GestÃ£o AcadÃªmica] [           main] o.s.d.jpa.repository.query.NamedQuery    : Did not find named query Turma.findByPeriodoData.count
2025-07-02T23:03:02.738-03:00 DEBUG 9660 --- [Sistema de GestÃ£o AcadÃªmica] [           main] tor$SharedEntityManagerInvocationHandler : Creating new EntityManager for shared EntityManager invocation
2025-07-02T23:03:02.742-03:00 DEBUG 9660 --- [Sistema de GestÃ£o AcadÃªmica] [           main] o.s.d.jpa.repository.query.NamedQuery    : Looking up named query Turma.findByAtivaTrue
2025-07-02T23:03:02.742-03:00 DEBUG 9660 --- [Sistema de GestÃ£o AcadÃªmica] [           main] o.s.d.jpa.repository.query.NamedQuery    : Did not find named query Turma.findByAtivaTrue
2025-07-02T23:03:02.744-03:00 DEBUG 9660 --- [Sistema de GestÃ£o AcadÃªmica] [           main] tor$SharedEntityManagerInvocationHandler : Creating new EntityManager for shared EntityManager invocation
2025-07-02T23:03:02.749-03:00 DEBUG 9660 --- [Sistema de GestÃ£o AcadÃªmica] [           main] o.s.d.r.c.s.RepositoryFactorySupport     : Finished creation of repository instance for br.com.tjw2025.repository.TurmaRepository.
2025-07-02T23:03:02.770-03:00 DEBUG 9660 --- [Sistema de GestÃ£o AcadÃªmica] [           main] o.s.b.f.s.DefaultListableBeanFactory     : Creating shared instance of singleton bean 'matriculaService'
2025-07-02T23:03:02.773-03:00 DEBUG 9660 --- [Sistema de GestÃ£o AcadÃªmica] [           main] o.s.b.f.s.DefaultListableBeanFactory     : Creating shared instance of singleton bean 'matriculaRepository'
2025-07-02T23:03:02.774-03:00 DEBUG 9660 --- [Sistema de GestÃ£o AcadÃªmica] [           main] o.s.b.f.s.DefaultListableBeanFactory     : Creating shared instance of singleton bean 'jpa.named-queries#0'
2025-07-02T23:03:02.776-03:00 DEBUG 9660 --- [Sistema de GestÃ£o AcadÃªmica] [           main] o.s.b.f.s.DefaultListableBeanFactory     : Creating shared instance of singleton bean 'jpa.MatriculaRepository.fragments#0'
2025-07-02T23:03:02.777-03:00 DEBUG 9660 --- [Sistema de GestÃ£o AcadÃªmica] [           main] tor$SharedEntityManagerInvocationHandler : Creating new EntityManager for shared EntityManager invocation
2025-07-02T23:03:02.785-03:00 DEBUG 9660 --- [Sistema de GestÃ£o AcadÃªmica] [           main] o.s.d.r.c.s.RepositoryFactorySupport     : Initializing repository instance for br.com.tjw2025.repository.MatriculaRepository…
2025-07-02T23:03:02.786-03:00 DEBUG 9660 --- [Sistema de GestÃ£o AcadÃªmica] [           main] tor$SharedEntityManagerInvocationHandler : Creating new EntityManager for shared EntityManager invocation
2025-07-02T23:03:02.813-03:00 DEBUG 9660 --- [Sistema de GestÃ£o AcadÃªmica] [           main] o.s.d.jpa.repository.query.NamedQuery    : Did not find named query Matricula.countMatriculasAtivasByTurma.count
2025-07-02T23:03:02.813-03:00 DEBUG 9660 --- [Sistema de GestÃ£o AcadÃªmica] [           main] tor$SharedEntityManagerInvocationHandler : Creating new EntityManager for shared EntityManager invocation
2025-07-02T23:03:02.821-03:00 DEBUG 9660 --- [Sistema de GestÃ£o AcadÃªmica] [           main] o.s.d.jpa.repository.query.NamedQuery    : Did not find named query Matricula.findHistoricoByAluno.count
2025-07-02T23:03:02.821-03:00 DEBUG 9660 --- [Sistema de GestÃ£o AcadÃªmica] [           main] tor$SharedEntityManagerInvocationHandler : Creating new EntityManager for shared EntityManager invocation
2025-07-02T23:03:02.824-03:00 DEBUG 9660 --- [Sistema de GestÃ£o AcadÃªmica] [           main] o.s.d.jpa.repository.query.NamedQuery    : Looking up named query Matricula.findByTurma
2025-07-02T23:03:02.824-03:00 DEBUG 9660 --- [Sistema de GestÃ£o AcadÃªmica] [           main] o.s.d.jpa.repository.query.NamedQuery    : Did not find named query Matricula.findByTurma
2025-07-02T23:03:02.824-03:00 DEBUG 9660 --- [Sistema de GestÃ£o AcadÃªmica] [           main] tor$SharedEntityManagerInvocationHandler : Creating new EntityManager for shared EntityManager invocation
2025-07-02T23:03:02.827-03:00 DEBUG 9660 --- [Sistema de GestÃ£o AcadÃªmica] [           main] o.s.d.jpa.repository.query.NamedQuery    : Looking up named query Matricula.countByTurma
2025-07-02T23:03:02.827-03:00 DEBUG 9660 --- [Sistema de GestÃ£o AcadÃªmica] [           main] o.s.d.jpa.repository.query.NamedQuery    : Did not find named query Matricula.countByTurma
2025-07-02T23:03:02.827-03:00 DEBUG 9660 --- [Sistema de GestÃ£o AcadÃªmica] [           main] tor$SharedEntityManagerInvocationHandler : Creating new EntityManager for shared EntityManager invocation
2025-07-02T23:03:02.827-03:00 DEBUG 9660 --- [Sistema de GestÃ£o AcadÃªmica] [           main] o.s.d.jpa.repository.query.NamedQuery    : Looking up named query Matricula.findByStatus
2025-07-02T23:03:02.832-03:00 DEBUG 9660 --- [Sistema de GestÃ£o AcadÃªmica] [           main] o.s.d.jpa.repository.query.NamedQuery    : Did not find named query Matricula.findByStatus
2025-07-02T23:03:02.832-03:00 DEBUG 9660 --- [Sistema de GestÃ£o AcadÃªmica] [           main] tor$SharedEntityManagerInvocationHandler : Creating new EntityManager for shared EntityManager invocation
2025-07-02T23:03:02.834-03:00 DEBUG 9660 --- [Sistema de GestÃ£o AcadÃªmica] [           main] o.s.d.jpa.repository.query.NamedQuery    : Did not find named query Matricula.findByPeriodoData.count
2025-07-02T23:03:02.834-03:00 DEBUG 9660 --- [Sistema de GestÃ£o AcadÃªmica] [           main] tor$SharedEntityManagerInvocationHandler : Creating new EntityManager for shared EntityManager invocation
2025-07-02T23:03:02.844-03:00 DEBUG 9660 --- [Sistema de GestÃ£o AcadÃªmica] [           main] o.s.d.jpa.repository.query.NamedQuery    : Did not find named query Matricula.findMatriculasAtivasByAluno.count
2025-07-02T23:03:02.844-03:00 DEBUG 9660 --- [Sistema de GestÃ£o AcadÃªmica] [           main] tor$SharedEntityManagerInvocationHandler : Creating new EntityManager for shared EntityManager invocation
2025-07-02T23:03:02.845-03:00 DEBUG 9660 --- [Sistema de GestÃ£o AcadÃªmica] [           main] o.s.d.jpa.repository.query.NamedQuery    : Looking up named query Matricula.findByAlunoAndTurma
2025-07-02T23:03:02.849-03:00 DEBUG 9660 --- [Sistema de GestÃ£o AcadÃªmica] [           main] o.s.d.jpa.repository.query.NamedQuery    : Did not find named query Matricula.findByAlunoAndTurma
2025-07-02T23:03:02.849-03:00 DEBUG 9660 --- [Sistema de GestÃ£o AcadÃªmica] [           main] tor$SharedEntityManagerInvocationHandler : Creating new EntityManager for shared EntityManager invocation
2025-07-02T23:03:02.851-03:00 DEBUG 9660 --- [Sistema de GestÃ£o AcadÃªmica] [           main] o.s.d.jpa.repository.query.NamedQuery    : Did not find named query Matricula.findByAnoAndPeriodo.count
2025-07-02T23:03:02.853-03:00 DEBUG 9660 --- [Sistema de GestÃ£o AcadÃªmica] [           main] tor$SharedEntityManagerInvocationHandler : Creating new EntityManager for shared EntityManager invocation
2025-07-02T23:03:02.853-03:00 DEBUG 9660 --- [Sistema de GestÃ£o AcadÃªmica] [           main] o.s.d.jpa.repository.query.NamedQuery    : Looking up named query Matricula.findByTurmaOrderByDataCriacaoDesc
2025-07-02T23:03:02.860-03:00 DEBUG 9660 --- [Sistema de GestÃ£o AcadÃªmica] [           main] o.s.d.jpa.repository.query.NamedQuery    : Did not find named query Matricula.findByTurmaOrderByDataCriacaoDesc
2025-07-02T23:03:02.860-03:00 DEBUG 9660 --- [Sistema de GestÃ£o AcadÃªmica] [           main] tor$SharedEntityManagerInvocationHandler : Creating new EntityManager for shared EntityManager invocation
2025-07-02T23:03:02.862-03:00 DEBUG 9660 --- [Sistema de GestÃ£o AcadÃªmica] [           main] o.s.d.jpa.repository.query.NamedQuery    : Looking up named query Matricula.findByDataMatricula
2025-07-02T23:03:02.862-03:00 DEBUG 9660 --- [Sistema de GestÃ£o AcadÃªmica] [           main] o.s.d.jpa.repository.query.NamedQuery    : Did not find named query Matricula.findByDataMatricula
2025-07-02T23:03:02.862-03:00 DEBUG 9660 --- [Sistema de GestÃ£o AcadÃªmica] [           main] tor$SharedEntityManagerInvocationHandler : Creating new EntityManager for shared EntityManager invocation
2025-07-02T23:03:02.864-03:00 DEBUG 9660 --- [Sistema de GestÃ£o AcadÃªmica] [           main] o.s.d.jpa.repository.query.NamedQuery    : Looking up named query Matricula.findByAluno
2025-07-02T23:03:02.864-03:00 DEBUG 9660 --- [Sistema de GestÃ£o AcadÃªmica] [           main] o.s.d.jpa.repository.query.NamedQuery    : Did not find named query Matricula.findByAluno
2025-07-02T23:03:02.864-03:00 DEBUG 9660 --- [Sistema de GestÃ£o AcadÃªmica] [           main] tor$SharedEntityManagerInvocationHandler : Creating new EntityManager for shared EntityManager invocation
2025-07-02T23:03:02.864-03:00 DEBUG 9660 --- [Sistema de GestÃ£o AcadÃªmica] [           main] o.s.d.jpa.repository.query.NamedQuery    : Looking up named query Matricula.countByStatus
2025-07-02T23:03:02.864-03:00 DEBUG 9660 --- [Sistema de GestÃ£o AcadÃªmica] [           main] o.s.d.jpa.repository.query.NamedQuery    : Did not find named query Matricula.countByStatus
2025-07-02T23:03:02.864-03:00 DEBUG 9660 --- [Sistema de GestÃ£o AcadÃªmica] [           main] tor$SharedEntityManagerInvocationHandler : Creating new EntityManager for shared EntityManager invocation
2025-07-02T23:03:02.870-03:00 DEBUG 9660 --- [Sistema de GestÃ£o AcadÃªmica] [           main] o.s.d.jpa.repository.query.NamedQuery    : Did not find named query Matricula.existsByAlunoAndTurmaAtiva.count
2025-07-02T23:03:02.870-03:00 DEBUG 9660 --- [Sistema de GestÃ£o AcadÃªmica] [           main] tor$SharedEntityManagerInvocationHandler : Creating new EntityManager for shared EntityManager invocation
2025-07-02T23:03:02.884-03:00 DEBUG 9660 --- [Sistema de GestÃ£o AcadÃªmica] [           main] o.s.d.jpa.repository.query.NamedQuery    : Did not find named query Matricula.findMatriculasAtivasByTurma.count
2025-07-02T23:03:02.885-03:00 DEBUG 9660 --- [Sistema de GestÃ£o AcadÃªmica] [           main] tor$SharedEntityManagerInvocationHandler : Creating new EntityManager for shared EntityManager invocation
2025-07-02T23:03:02.885-03:00 DEBUG 9660 --- [Sistema de GestÃ£o AcadÃªmica] [           main] o.s.d.jpa.repository.query.NamedQuery    : Looking up named query Matricula.findByAlunoOrderByDataCriacaoDesc
2025-07-02T23:03:02.885-03:00 DEBUG 9660 --- [Sistema de GestÃ£o AcadÃªmica] [           main] o.s.d.jpa.repository.query.NamedQuery    : Did not find named query Matricula.findByAlunoOrderByDataCriacaoDesc
2025-07-02T23:03:02.885-03:00 DEBUG 9660 --- [Sistema de GestÃ£o AcadÃªmica] [           main] tor$SharedEntityManagerInvocationHandler : Creating new EntityManager for shared EntityManager invocation
2025-07-02T23:03:02.895-03:00 DEBUG 9660 --- [Sistema de GestÃ£o AcadÃªmica] [           main] o.s.d.r.c.s.RepositoryFactorySupport     : Finished creation of repository instance for br.com.tjw2025.repository.MatriculaRepository.
2025-07-02T23:03:02.934-03:00 DEBUG 9660 --- [Sistema de GestÃ£o AcadÃªmica] [           main] o.s.b.f.s.DefaultListableBeanFactory     : Creating shared instance of singleton bean 'homeController'
2025-07-02T23:03:02.941-03:00 DEBUG 9660 --- [Sistema de GestÃ£o AcadÃªmica] [           main] o.s.b.f.s.DefaultListableBeanFactory     : Creating shared instance of singleton bean 'userController'
2025-07-02T23:03:02.949-03:00 DEBUG 9660 --- [Sistema de GestÃ£o AcadÃªmica] [           main] o.s.b.f.s.DefaultListableBeanFactory     : Creating shared instance of singleton bean 'userService'
2025-07-02T23:03:02.951-03:00 DEBUG 9660 --- [Sistema de GestÃ£o AcadÃªmica] [           main] o.s.b.f.s.DefaultListableBeanFactory     : Creating shared instance of singleton bean 'userRepository'
2025-07-02T23:03:02.953-03:00 DEBUG 9660 --- [Sistema de GestÃ£o AcadÃªmica] [           main] o.s.b.f.s.DefaultListableBeanFactory     : Creating shared instance of singleton bean 'jpa.named-queries#6'
2025-07-02T23:03:02.954-03:00 DEBUG 9660 --- [Sistema de GestÃ£o AcadÃªmica] [           main] o.s.b.f.s.DefaultListableBeanFactory     : Creating shared instance of singleton bean 'jpa.UserRepository.fragments#0'
2025-07-02T23:03:02.956-03:00 DEBUG 9660 --- [Sistema de GestÃ£o AcadÃªmica] [           main] tor$SharedEntityManagerInvocationHandler : Creating new EntityManager for shared EntityManager invocation
2025-07-02T23:03:02.960-03:00 DEBUG 9660 --- [Sistema de GestÃ£o AcadÃªmica] [           main] o.s.d.r.c.s.RepositoryFactorySupport     : Initializing repository instance for br.com.tjw2025.repository.UserRepository…
2025-07-02T23:03:02.960-03:00 DEBUG 9660 --- [Sistema de GestÃ£o AcadÃªmica] [           main] tor$SharedEntityManagerInvocationHandler : Creating new EntityManager for shared EntityManager invocation
2025-07-02T23:03:02.973-03:00 DEBUG 9660 --- [Sistema de GestÃ£o AcadÃªmica] [           main] o.s.d.jpa.repository.query.NamedQuery    : Looking up named query User.findByEmail
2025-07-02T23:03:02.975-03:00 DEBUG 9660 --- [Sistema de GestÃ£o AcadÃªmica] [           main] o.s.d.jpa.repository.query.NamedQuery    : Did not find named query User.findByEmail
2025-07-02T23:03:02.975-03:00 DEBUG 9660 --- [Sistema de GestÃ£o AcadÃªmica] [           main] tor$SharedEntityManagerInvocationHandler : Creating new EntityManager for shared EntityManager invocation
2025-07-02T23:03:02.980-03:00 DEBUG 9660 --- [Sistema de GestÃ£o AcadÃªmica] [           main] o.s.d.jpa.repository.query.NamedQuery    : Looking up named query User.existsByEmail
2025-07-02T23:03:02.981-03:00 DEBUG 9660 --- [Sistema de GestÃ£o AcadÃªmica] [           main] o.s.d.jpa.repository.query.NamedQuery    : Did not find named query User.existsByEmail
2025-07-02T23:03:02.981-03:00 DEBUG 9660 --- [Sistema de GestÃ£o AcadÃªmica] [           main] tor$SharedEntityManagerInvocationHandler : Creating new EntityManager for shared EntityManager invocation
2025-07-02T23:03:02.988-03:00 DEBUG 9660 --- [Sistema de GestÃ£o AcadÃªmica] [           main] o.s.d.r.c.s.RepositoryFactorySupport     : Finished creation of repository instance for br.com.tjw2025.repository.UserRepository.
2025-07-02T23:03:02.998-03:00 DEBUG 9660 --- [Sistema de GestÃ£o AcadÃªmica] [           main] o.s.b.f.s.DefaultListableBeanFactory     : Creating shared instance of singleton bean 'userViewController'
2025-07-02T23:03:02.998-03:00 DEBUG 9660 --- [Sistema de GestÃ£o AcadÃªmica] [           main] o.s.b.f.s.DefaultListableBeanFactory     : Creating shared instance of singleton bean 'org.springframework.boot.autoconfigure.context.PropertyPlaceholderAutoConfiguration'
2025-07-02T23:03:02.998-03:00 DEBUG 9660 --- [Sistema de GestÃ£o AcadÃªmica] [           main] o.s.b.f.s.DefaultListableBeanFactory     : Creating shared instance of singleton bean 'org.springframework.boot.autoconfigure.ssl.SslAutoConfiguration'
2025-07-02T23:03:02.998-03:00 DEBUG 9660 --- [Sistema de GestÃ£o AcadÃªmica] [           main] o.s.b.f.s.DefaultListableBeanFactory     : Creating shared instance of singleton bean 'spring.ssl-org.springframework.boot.autoconfigure.ssl.SslProperties'
2025-07-02T23:03:03.005-03:00 DEBUG 9660 --- [Sistema de GestÃ£o AcadÃªmica] [           main] o.s.b.f.s.DefaultListableBeanFactory     : Autowiring by type from bean name 'org.springframework.boot.autoconfigure.ssl.SslAutoConfiguration' via constructor to bean named 'spring.ssl-org.springframework.boot.autoconfigure.ssl.SslProperties'
2025-07-02T23:03:03.007-03:00 DEBUG 9660 --- [Sistema de GestÃ£o AcadÃªmica] [           main] o.s.b.f.s.DefaultListableBeanFactory     : Creating shared instance of singleton bean 'fileWatcher'
2025-07-02T23:03:03.010-03:00 DEBUG 9660 --- [Sistema de GestÃ£o AcadÃªmica] [           main] o.s.b.f.s.DefaultListableBeanFactory     : Creating shared instance of singleton bean 'sslPropertiesSslBundleRegistrar'
2025-07-02T23:03:03.010-03:00 DEBUG 9660 --- [Sistema de GestÃ£o AcadÃªmica] [           main] o.s.b.f.s.DefaultListableBeanFactory     : Autowiring by type from bean name 'sslPropertiesSslBundleRegistrar' via factory method to bean named 'fileWatcher'
2025-07-02T23:03:03.013-03:00 DEBUG 9660 --- [Sistema de GestÃ£o AcadÃªmica] [           main] o.s.b.f.s.DefaultListableBeanFactory     : Creating shared instance of singleton bean 'sslBundleRegistry'
2025-07-02T23:03:03.022-03:00 DEBUG 9660 --- [Sistema de GestÃ£o AcadÃªmica] [           main] o.s.b.f.s.DefaultListableBeanFactory     : Creating shared instance of singleton bean 'org.springframework.boot.autoconfigure.websocket.servlet.WebSocketServletAutoConfiguration$TomcatWebSocketConfiguration'
2025-07-02T23:03:03.022-03:00 DEBUG 9660 --- [Sistema de GestÃ£o AcadÃªmica] [           main] o.s.b.f.s.DefaultListableBeanFactory     : Creating shared instance of singleton bean 'websocketServletWebServerCustomizer'
2025-07-02T23:03:03.025-03:00 DEBUG 9660 --- [Sistema de GestÃ£o AcadÃªmica] [           main] o.s.b.f.s.DefaultListableBeanFactory     : Creating shared instance of singleton bean 'org.springframework.boot.autoconfigure.websocket.servlet.WebSocketServletAutoConfiguration'
2025-07-02T23:03:03.025-03:00 DEBUG 9660 --- [Sistema de GestÃ£o AcadÃªmica] [           main] o.s.b.f.s.DefaultListableBeanFactory     : Creating shared instance of singleton bean 'org.springframework.boot.autoconfigure.web.servlet.ServletWebServerFactoryConfiguration$EmbeddedTomcat'
2025-07-02T23:03:03.025-03:00 DEBUG 9660 --- [Sistema de GestÃ£o AcadÃªmica] [           main] o.s.b.f.s.DefaultListableBeanFactory     : Creating shared instance of singleton bean 'tomcatServletWebServerFactory'
2025-07-02T23:03:03.083-03:00 DEBUG 9660 --- [Sistema de GestÃ£o AcadÃªmica] [           main] o.s.b.f.s.DefaultListableBeanFactory     : Creating shared instance of singleton bean 'servletWebServerFactoryCustomizer'
2025-07-02T23:03:03.083-03:00 DEBUG 9660 --- [Sistema de GestÃ£o AcadÃªmica] [           main] o.s.b.f.s.DefaultListableBeanFactory     : Creating shared instance of singleton bean 'org.springframework.boot.autoconfigure.web.servlet.ServletWebServerFactoryAutoConfiguration'
2025-07-02T23:03:03.088-03:00 DEBUG 9660 --- [Sistema de GestÃ£o AcadÃªmica] [           main] o.s.b.f.s.DefaultListableBeanFactory     : Creating shared instance of singleton bean 'server-org.springframework.boot.autoconfigure.web.ServerProperties'
2025-07-02T23:03:03.105-03:00 DEBUG 9660 --- [Sistema de GestÃ£o AcadÃªmica] [           main] o.s.b.f.s.DefaultListableBeanFactory     : Autowiring by type from bean name 'servletWebServerFactoryCustomizer' via factory method to bean named 'server-org.springframework.boot.autoconfigure.web.ServerProperties'
2025-07-02T23:03:03.111-03:00 DEBUG 9660 --- [Sistema de GestÃ£o AcadÃªmica] [           main] o.s.b.f.s.DefaultListableBeanFactory     : Creating shared instance of singleton bean 'tomcatServletWebServerFactoryCustomizer'
2025-07-02T23:03:03.112-03:00 DEBUG 9660 --- [Sistema de GestÃ£o AcadÃªmica] [           main] o.s.b.f.s.DefaultListableBeanFactory     : Autowiring by type from bean name 'tomcatServletWebServerFactoryCustomizer' via factory method to bean named 'server-org.springframework.boot.autoconfigure.web.ServerProperties'
2025-07-02T23:03:03.112-03:00 DEBUG 9660 --- [Sistema de GestÃ£o AcadÃªmica] [           main] o.s.b.f.s.DefaultListableBeanFactory     : Creating shared instance of singleton bean 'localeCharsetMappingsCustomizer'
2025-07-02T23:03:03.112-03:00 DEBUG 9660 --- [Sistema de GestÃ£o AcadÃªmica] [           main] o.s.b.f.s.DefaultListableBeanFactory     : Creating shared instance of singleton bean 'org.springframework.boot.autoconfigure.web.servlet.HttpEncodingAutoConfiguration'
2025-07-02T23:03:03.112-03:00 DEBUG 9660 --- [Sistema de GestÃ£o AcadÃªmica] [           main] o.s.b.f.s.DefaultListableBeanFactory     : Autowiring by type from bean name 'org.springframework.boot.autoconfigure.web.servlet.HttpEncodingAutoConfiguration' via constructor to bean named 'server-org.springframework.boot.autoconfigure.web.ServerProperties'
2025-07-02T23:03:03.137-03:00 DEBUG 9660 --- [Sistema de GestÃ£o AcadÃªmica] [           main] o.s.b.f.s.DefaultListableBeanFactory     : Creating shared instance of singleton bean 'errorPageCustomizer'
2025-07-02T23:03:03.137-03:00 DEBUG 9660 --- [Sistema de GestÃ£o AcadÃªmica] [           main] o.s.b.f.s.DefaultListableBeanFactory     : Creating shared instance of singleton bean 'org.springframework.boot.autoconfigure.web.servlet.error.ErrorMvcAutoConfiguration'
2025-07-02T23:03:03.137-03:00 DEBUG 9660 --- [Sistema de GestÃ£o AcadÃªmica] [           main] o.s.b.f.s.DefaultListableBeanFactory     : Autowiring by type from bean name 'org.springframework.boot.autoconfigure.web.servlet.error.ErrorMvcAutoConfiguration' via constructor to bean named 'server-org.springframework.boot.autoconfigure.web.ServerProperties'
2025-07-02T23:03:03.137-03:00 DEBUG 9660 --- [Sistema de GestÃ£o AcadÃªmica] [           main] o.s.b.f.s.DefaultListableBeanFactory     : Creating shared instance of singleton bean 'dispatcherServletRegistration'
2025-07-02T23:03:03.137-03:00 DEBUG 9660 --- [Sistema de GestÃ£o AcadÃªmica] [           main] o.s.b.f.s.DefaultListableBeanFactory     : Creating shared instance of singleton bean 'org.springframework.boot.autoconfigure.web.servlet.DispatcherServletAutoConfiguration$DispatcherServletRegistrationConfiguration'
2025-07-02T23:03:03.144-03:00 DEBUG 9660 --- [Sistema de GestÃ£o AcadÃªmica] [           main] o.s.b.f.s.DefaultListableBeanFactory     : Creating shared instance of singleton bean 'dispatcherServlet'
2025-07-02T23:03:03.144-03:00 DEBUG 9660 --- [Sistema de GestÃ£o AcadÃªmica] [           main] o.s.b.f.s.DefaultListableBeanFactory     : Creating shared instance of singleton bean 'org.springframework.boot.autoconfigure.web.servlet.DispatcherServletAutoConfiguration$DispatcherServletConfiguration'
2025-07-02T23:03:03.147-03:00 DEBUG 9660 --- [Sistema de GestÃ£o AcadÃªmica] [           main] o.s.b.f.s.DefaultListableBeanFactory     : Creating shared instance of singleton bean 'spring.mvc-org.springframework.boot.autoconfigure.web.servlet.WebMvcProperties'
2025-07-02T23:03:03.154-03:00 DEBUG 9660 --- [Sistema de GestÃ£o AcadÃªmica] [           main] o.s.b.f.s.DefaultListableBeanFactory     : Autowiring by type from bean name 'dispatcherServlet' via factory method to bean named 'spring.mvc-org.springframework.boot.autoconfigure.web.servlet.WebMvcProperties'
2025-07-02T23:03:03.179-03:00 DEBUG 9660 --- [Sistema de GestÃ£o AcadÃªmica] [           main] o.s.b.f.s.DefaultListableBeanFactory     : Autowiring by type from bean name 'dispatcherServletRegistration' via factory method to bean named 'dispatcherServlet'
2025-07-02T23:03:03.179-03:00 DEBUG 9660 --- [Sistema de GestÃ£o AcadÃªmica] [           main] o.s.b.f.s.DefaultListableBeanFactory     : Autowiring by type from bean name 'dispatcherServletRegistration' via factory method to bean named 'spring.mvc-org.springframework.boot.autoconfigure.web.servlet.WebMvcProperties'
2025-07-02T23:03:03.184-03:00 DEBUG 9660 --- [Sistema de GestÃ£o AcadÃªmica] [           main] o.s.b.f.s.DefaultListableBeanFactory     : Creating shared instance of singleton bean 'multipartConfigElement'
2025-07-02T23:03:03.184-03:00 DEBUG 9660 --- [Sistema de GestÃ£o AcadÃªmica] [           main] o.s.b.f.s.DefaultListableBeanFactory     : Creating shared instance of singleton bean 'org.springframework.boot.autoconfigure.web.servlet.MultipartAutoConfiguration'
2025-07-02T23:03:03.184-03:00 DEBUG 9660 --- [Sistema de GestÃ£o AcadÃªmica] [           main] o.s.b.f.s.DefaultListableBeanFactory     : Creating shared instance of singleton bean 'spring.servlet.multipart-org.springframework.boot.autoconfigure.web.servlet.MultipartProperties'
2025-07-02T23:03:03.195-03:00 DEBUG 9660 --- [Sistema de GestÃ£o AcadÃªmica] [           main] o.s.b.f.s.DefaultListableBeanFactory     : Autowiring by type from bean name 'org.springframework.boot.autoconfigure.web.servlet.MultipartAutoConfiguration' via constructor to bean named 'spring.servlet.multipart-org.springframework.boot.autoconfigure.web.servlet.MultipartProperties'
2025-07-02T23:03:03.201-03:00 DEBUG 9660 --- [Sistema de GestÃ£o AcadÃªmica] [           main] o.s.b.f.s.DefaultListableBeanFactory     : Autowiring by type from bean name 'errorPageCustomizer' via factory method to bean named 'dispatcherServletRegistration'
2025-07-02T23:03:03.208-03:00 DEBUG 9660 --- [Sistema de GestÃ£o AcadÃªmica] [           main] o.s.b.f.s.DefaultListableBeanFactory     : Creating shared instance of singleton bean 'org.springframework.boot.autoconfigure.web.servlet.DispatcherServletAutoConfiguration'
2025-07-02T23:03:03.209-03:00 DEBUG 9660 --- [Sistema de GestÃ£o AcadÃªmica] [           main] o.s.b.f.s.DefaultListableBeanFactory     : Creating shared instance of singleton bean 'org.springframework.boot.autoconfigure.task.TaskExecutorConfigurations$ThreadPoolTaskExecutorBuilderConfiguration'
2025-07-02T23:03:03.209-03:00 DEBUG 9660 --- [Sistema de GestÃ£o AcadÃªmica] [           main] o.s.b.f.s.DefaultListableBeanFactory     : Creating shared instance of singleton bean 'threadPoolTaskExecutorBuilder'
2025-07-02T23:03:03.212-03:00 DEBUG 9660 --- [Sistema de GestÃ£o AcadÃªmica] [           main] o.s.b.f.s.DefaultListableBeanFactory     : Creating shared instance of singleton bean 'spring.task.execution-org.springframework.boot.autoconfigure.task.TaskExecutionProperties'
2025-07-02T23:03:03.212-03:00 DEBUG 9660 --- [Sistema de GestÃ£o AcadÃªmica] [           main] o.s.b.f.s.DefaultListableBeanFactory     : Autowiring by type from bean name 'threadPoolTaskExecutorBuilder' via factory method to bean named 'spring.task.execution-org.springframework.boot.autoconfigure.task.TaskExecutionProperties'
2025-07-02T23:03:03.218-03:00 DEBUG 9660 --- [Sistema de GestÃ£o AcadÃªmica] [           main] o.s.b.f.s.DefaultListableBeanFactory     : Creating shared instance of singleton bean 'org.springframework.boot.autoconfigure.task.TaskExecutorConfigurations$TaskExecutorBuilderConfiguration'
2025-07-02T23:03:03.218-03:00 DEBUG 9660 --- [Sistema de GestÃ£o AcadÃªmica] [           main] o.s.b.f.s.DefaultListableBeanFactory     : Creating shared instance of singleton bean 'taskExecutorBuilder'
2025-07-02T23:03:03.218-03:00 DEBUG 9660 --- [Sistema de GestÃ£o AcadÃªmica] [           main] o.s.b.f.s.DefaultListableBeanFactory     : Autowiring by type from bean name 'taskExecutorBuilder' via factory method to bean named 'spring.task.execution-org.springframework.boot.autoconfigure.task.TaskExecutionProperties'
2025-07-02T23:03:03.222-03:00 DEBUG 9660 --- [Sistema de GestÃ£o AcadÃªmica] [           main] o.s.b.f.s.DefaultListableBeanFactory     : Creating shared instance of singleton bean 'org.springframework.boot.autoconfigure.task.TaskExecutorConfigurations$SimpleAsyncTaskExecutorBuilderConfiguration'
2025-07-02T23:03:03.225-03:00 DEBUG 9660 --- [Sistema de GestÃ£o AcadÃªmica] [           main] o.s.b.f.s.DefaultListableBeanFactory     : Autowiring by type from bean name 'org.springframework.boot.autoconfigure.task.TaskExecutorConfigurations$SimpleAsyncTaskExecutorBuilderConfiguration' via constructor to bean named 'spring.task.execution-org.springframework.boot.autoconfigure.task.TaskExecutionProperties'
2025-07-02T23:03:03.226-03:00 DEBUG 9660 --- [Sistema de GestÃ£o AcadÃªmica] [           main] o.s.b.f.s.DefaultListableBeanFactory     : Creating shared instance of singleton bean 'simpleAsyncTaskExecutorBuilder'
2025-07-02T23:03:03.229-03:00 DEBUG 9660 --- [Sistema de GestÃ£o AcadÃªmica] [           main] o.s.b.f.s.DefaultListableBeanFactory     : Creating shared instance of singleton bean 'org.springframework.boot.autoconfigure.task.TaskExecutorConfigurations$TaskExecutorConfiguration'
2025-07-02T23:03:03.229-03:00 DEBUG 9660 --- [Sistema de GestÃ£o AcadÃªmica] [           main] o.s.b.f.s.DefaultListableBeanFactory     : Creating shared instance of singleton bean 'org.springframework.boot.autoconfigure.task.TaskExecutionAutoConfiguration'
2025-07-02T23:03:03.231-03:00 DEBUG 9660 --- [Sistema de GestÃ£o AcadÃªmica] [           main] o.s.b.f.s.DefaultListableBeanFactory     : Creating shared instance of singleton bean 'org.springframework.boot.autoconfigure.validation.ValidationAutoConfiguration'
2025-07-02T23:03:03.233-03:00 DEBUG 9660 --- [Sistema de GestÃ£o AcadÃªmica] [           main] o.s.b.f.s.DefaultListableBeanFactory     : Creating shared instance of singleton bean 'defaultValidator'
2025-07-02T23:03:03.233-03:00 DEBUG 9660 --- [Sistema de GestÃ£o AcadÃªmica] [           main] o.s.b.f.s.DefaultListableBeanFactory     : Autowiring by type from bean name 'defaultValidator' via factory method to bean named 'org.springframework.web.context.support.GenericWebApplicationContext@560513ce'
2025-07-02T23:03:03.252-03:00 DEBUG 9660 --- [Sistema de GestÃ£o AcadÃªmica] [           main] o.s.b.f.s.DefaultListableBeanFactory     : Creating shared instance of singleton bean 'org.springframework.boot.autoconfigure.web.servlet.error.ErrorMvcAutoConfiguration$DefaultErrorViewResolverConfiguration'
2025-07-02T23:03:03.254-03:00 DEBUG 9660 --- [Sistema de GestÃ£o AcadÃªmica] [           main] o.s.b.f.s.DefaultListableBeanFactory     : Creating shared instance of singleton bean 'spring.web-org.springframework.boot.autoconfigure.web.WebProperties'
2025-07-02T23:03:03.262-03:00 DEBUG 9660 --- [Sistema de GestÃ£o AcadÃªmica] [           main] o.s.b.f.s.DefaultListableBeanFactory     : Autowiring by type from bean name 'org.springframework.boot.autoconfigure.web.servlet.error.ErrorMvcAutoConfiguration$DefaultErrorViewResolverConfiguration' via constructor to bean named 'org.springframework.web.context.support.GenericWebApplicationContext@560513ce'
2025-07-02T23:03:03.262-03:00 DEBUG 9660 --- [Sistema de GestÃ£o AcadÃªmica] [           main] o.s.b.f.s.DefaultListableBeanFactory     : Autowiring by type from bean name 'org.springframework.boot.autoconfigure.web.servlet.error.ErrorMvcAutoConfiguration$DefaultErrorViewResolverConfiguration' via constructor to bean named 'spring.web-org.springframework.boot.autoconfigure.web.WebProperties'
2025-07-02T23:03:03.263-03:00 DEBUG 9660 --- [Sistema de GestÃ£o AcadÃªmica] [           main] o.s.b.f.s.DefaultListableBeanFactory     : Creating shared instance of singleton bean 'conventionErrorViewResolver'
2025-07-02T23:03:03.268-03:00 DEBUG 9660 --- [Sistema de GestÃ£o AcadÃªmica] [           main] o.s.b.f.s.DefaultListableBeanFactory     : Creating shared instance of singleton bean 'errorAttributes'
2025-07-02T23:03:03.268-03:00 DEBUG 9660 --- [Sistema de GestÃ£o AcadÃªmica] [           main] o.s.b.f.s.DefaultListableBeanFactory     : Creating shared instance of singleton bean 'basicErrorController'
2025-07-02T23:03:03.268-03:00 DEBUG 9660 --- [Sistema de GestÃ£o AcadÃªmica] [           main] o.s.b.f.s.DefaultListableBeanFactory     : Autowiring by type from bean name 'basicErrorController' via factory method to bean named 'errorAttributes'
2025-07-02T23:03:03.281-03:00 DEBUG 9660 --- [Sistema de GestÃ£o AcadÃªmica] [           main] o.s.b.f.s.DefaultListableBeanFactory     : Creating shared instance of singleton bean 'org.springframework.boot.autoconfigure.web.servlet.WebMvcAutoConfiguration$EnableWebMvcConfiguration'
2025-07-02T23:03:03.283-03:00 DEBUG 9660 --- [Sistema de GestÃ£o AcadÃªmica] [           main] o.s.b.f.s.DefaultListableBeanFactory     : Autowiring by type from bean name 'org.springframework.boot.autoconfigure.web.servlet.WebMvcAutoConfiguration$EnableWebMvcConfiguration' via constructor to bean named 'spring.mvc-org.springframework.boot.autoconfigure.web.servlet.WebMvcProperties'
2025-07-02T23:03:03.283-03:00 DEBUG 9660 --- [Sistema de GestÃ£o AcadÃªmica] [           main] o.s.b.f.s.DefaultListableBeanFactory     : Autowiring by type from bean name 'org.springframework.boot.autoconfigure.web.servlet.WebMvcAutoConfiguration$EnableWebMvcConfiguration' via constructor to bean named 'spring.web-org.springframework.boot.autoconfigure.web.WebProperties'
2025-07-02T23:03:03.283-03:00 DEBUG 9660 --- [Sistema de GestÃ£o AcadÃªmica] [           main] o.s.b.f.s.DefaultListableBeanFactory     : Autowiring by type from bean name 'org.springframework.boot.autoconfigure.web.servlet.WebMvcAutoConfiguration$EnableWebMvcConfiguration' via constructor to bean named 'org.springframework.beans.factory.support.DefaultListableBeanFactory@44f9779c'
2025-07-02T23:03:03.290-03:00 DEBUG 9660 --- [Sistema de GestÃ£o AcadÃªmica] [           main] o.s.b.f.s.DefaultListableBeanFactory     : Creating shared instance of singleton bean 'org.springframework.boot.autoconfigure.web.servlet.WebMvcAutoConfiguration$WebMvcAutoConfigurationAdapter'
2025-07-02T23:03:03.290-03:00 DEBUG 9660 --- [Sistema de GestÃ£o AcadÃªmica] [           main] o.s.b.f.s.DefaultListableBeanFactory     : Autowiring by type from bean name 'org.springframework.boot.autoconfigure.web.servlet.WebMvcAutoConfiguration$WebMvcAutoConfigurationAdapter' via constructor to bean named 'spring.web-org.springframework.boot.autoconfigure.web.WebProperties'
2025-07-02T23:03:03.290-03:00 DEBUG 9660 --- [Sistema de GestÃ£o AcadÃªmica] [           main] o.s.b.f.s.DefaultListableBeanFactory     : Autowiring by type from bean name 'org.springframework.boot.autoconfigure.web.servlet.WebMvcAutoConfiguration$WebMvcAutoConfigurationAdapter' via constructor to bean named 'spring.mvc-org.springframework.boot.autoconfigure.web.servlet.WebMvcProperties'
2025-07-02T23:03:03.290-03:00 DEBUG 9660 --- [Sistema de GestÃ£o AcadÃªmica] [           main] o.s.b.f.s.DefaultListableBeanFactory     : Autowiring by type from bean name 'org.springframework.boot.autoconfigure.web.servlet.WebMvcAutoConfiguration$WebMvcAutoConfigurationAdapter' via constructor to bean named 'org.springframework.beans.factory.support.DefaultListableBeanFactory@44f9779c'
2025-07-02T23:03:03.298-03:00 DEBUG 9660 --- [Sistema de GestÃ£o AcadÃªmica] [           main] o.s.b.f.s.DefaultListableBeanFactory     : Creating shared instance of singleton bean 'openEntityManagerInViewInterceptorConfigurer'
2025-07-02T23:03:03.298-03:00 DEBUG 9660 --- [Sistema de GestÃ£o AcadÃªmica] [           main] o.s.b.f.s.DefaultListableBeanFactory     : Creating shared instance of singleton bean 'org.springframework.boot.autoconfigure.orm.jpa.JpaBaseConfiguration$JpaWebConfiguration'
2025-07-02T23:03:03.299-03:00 DEBUG 9660 --- [Sistema de GestÃ£o AcadÃªmica] [           main] o.s.b.f.s.DefaultListableBeanFactory     : Autowiring by type from bean name 'org.springframework.boot.autoconfigure.orm.jpa.JpaBaseConfiguration$JpaWebConfiguration' via constructor to bean named 'spring.jpa-org.springframework.boot.autoconfigure.orm.jpa.JpaProperties'
2025-07-02T23:03:03.300-03:00 DEBUG 9660 --- [Sistema de GestÃ£o AcadÃªmica] [           main] o.s.b.f.s.DefaultListableBeanFactory     : Creating shared instance of singleton bean 'openEntityManagerInViewInterceptor'
2025-07-02T23:03:03.301-03:00  WARN 9660 --- [Sistema de GestÃ£o AcadÃªmica] [           main] JpaBaseConfiguration$JpaWebConfiguration : spring.jpa.open-in-view is enabled by default. Therefore, database queries may be performed during view rendering. Explicitly configure spring.jpa.open-in-view to disable this warning
2025-07-02T23:03:03.304-03:00 DEBUG 9660 --- [Sistema de GestÃ£o AcadÃªmica] [           main] o.s.b.f.s.DefaultListableBeanFactory     : Autowiring by type from bean name 'openEntityManagerInViewInterceptorConfigurer' via factory method to bean named 'openEntityManagerInViewInterceptor'
2025-07-02T23:03:03.306-03:00 DEBUG 9660 --- [Sistema de GestÃ£o AcadÃªmica] [           main] o.s.b.f.s.DefaultListableBeanFactory     : Creating shared instance of singleton bean 'org.springframework.data.web.config.SpringDataWebConfiguration'
2025-07-02T23:03:03.307-03:00 DEBUG 9660 --- [Sistema de GestÃ£o AcadÃªmica] [           main] o.s.b.f.s.DefaultListableBeanFactory     : Autowiring by type from bean name 'org.springframework.data.web.config.SpringDataWebConfiguration' via constructor to bean named 'org.springframework.web.context.support.GenericWebApplicationContext@560513ce'
2025-07-02T23:03:03.313-03:00 DEBUG 9660 --- [Sistema de GestÃ£o AcadÃªmica] [           main] o.s.b.f.s.DefaultListableBeanFactory     : Creating shared instance of singleton bean 'welcomePageHandlerMapping'
2025-07-02T23:03:03.315-03:00 DEBUG 9660 --- [Sistema de GestÃ£o AcadÃªmica] [           main] o.s.b.f.s.DefaultListableBeanFactory     : Creating shared instance of singleton bean 'mvcConversionService'
2025-07-02T23:03:03.331-03:00 DEBUG 9660 --- [Sistema de GestÃ£o AcadÃªmica] [           main] o.s.b.f.s.DefaultListableBeanFactory     : Creating shared instance of singleton bean 'mvcResourceUrlProvider'
2025-07-02T23:03:03.338-03:00 DEBUG 9660 --- [Sistema de GestÃ£o AcadÃªmica] [           main] o.s.b.f.s.DefaultListableBeanFactory     : Autowiring by type from bean name 'welcomePageHandlerMapping' via factory method to bean named 'org.springframework.web.context.support.GenericWebApplicationContext@560513ce'
2025-07-02T23:03:03.338-03:00 DEBUG 9660 --- [Sistema de GestÃ£o AcadÃªmica] [           main] o.s.b.f.s.DefaultListableBeanFactory     : Autowiring by type from bean name 'welcomePageHandlerMapping' via factory method to bean named 'mvcConversionService'
2025-07-02T23:03:03.338-03:00 DEBUG 9660 --- [Sistema de GestÃ£o AcadÃªmica] [           main] o.s.b.f.s.DefaultListableBeanFactory     : Autowiring by type from bean name 'welcomePageHandlerMapping' via factory method to bean named 'mvcResourceUrlProvider'
2025-07-02T23:03:03.353-03:00  INFO 9660 --- [Sistema de GestÃ£o AcadÃªmica] [           main] o.s.b.a.w.s.WelcomePageHandlerMapping    : Adding welcome page template: index
2025-07-02T23:03:03.372-03:00 DEBUG 9660 --- [Sistema de GestÃ£o AcadÃªmica] [           main] o.s.b.f.s.DefaultListableBeanFactory     : Creating shared instance of singleton bean 'welcomePageNotAcceptableHandlerMapping'
2025-07-02T23:03:03.372-03:00 DEBUG 9660 --- [Sistema de GestÃ£o AcadÃªmica] [           main] o.s.b.f.s.DefaultListableBeanFactory     : Autowiring by type from bean name 'welcomePageNotAcceptableHandlerMapping' via factory method to bean named 'org.springframework.web.context.support.GenericWebApplicationContext@560513ce'
2025-07-02T23:03:03.373-03:00 DEBUG 9660 --- [Sistema de GestÃ£o AcadÃªmica] [           main] o.s.b.f.s.DefaultListableBeanFactory     : Autowiring by type from bean name 'welcomePageNotAcceptableHandlerMapping' via factory method to bean named 'mvcConversionService'
2025-07-02T23:03:03.373-03:00 DEBUG 9660 --- [Sistema de GestÃ£o AcadÃªmica] [           main] o.s.b.f.s.DefaultListableBeanFactory     : Autowiring by type from bean name 'welcomePageNotAcceptableHandlerMapping' via factory method to bean named 'mvcResourceUrlProvider'
2025-07-02T23:03:03.383-03:00 DEBUG 9660 --- [Sistema de GestÃ£o AcadÃªmica] [           main] o.s.b.f.s.DefaultListableBeanFactory     : Creating shared instance of singleton bean 'localeResolver'
2025-07-02T23:03:03.389-03:00 DEBUG 9660 --- [Sistema de GestÃ£o AcadÃªmica] [           main] o.s.b.f.s.DefaultListableBeanFactory     : Creating shared instance of singleton bean 'themeResolver'
2025-07-02T23:03:03.393-03:00 DEBUG 9660 --- [Sistema de GestÃ£o AcadÃªmica] [           main] o.s.b.f.s.DefaultListableBeanFactory     : Creating shared instance of singleton bean 'flashMapManager'
2025-07-02T23:03:03.397-03:00 DEBUG 9660 --- [Sistema de GestÃ£o AcadÃªmica] [           main] o.s.b.f.s.DefaultListableBeanFactory     : Creating shared instance of singleton bean 'mvcValidator'
2025-07-02T23:03:03.403-03:00 DEBUG 9660 --- [Sistema de GestÃ£o AcadÃªmica] [           main] o.s.b.f.s.DefaultListableBeanFactory     : Creating shared instance of singleton bean 'mvcContentNegotiationManager'
2025-07-02T23:03:03.415-03:00 DEBUG 9660 --- [Sistema de GestÃ£o AcadÃªmica] [           main] o.s.b.f.s.DefaultListableBeanFactory     : Creating shared instance of singleton bean 'requestMappingHandlerMapping'
2025-07-02T23:03:03.415-03:00 DEBUG 9660 --- [Sistema de GestÃ£o AcadÃªmica] [           main] o.s.b.f.s.DefaultListableBeanFactory     : Autowiring by type from bean name 'requestMappingHandlerMapping' via factory method to bean named 'mvcContentNegotiationManager'
2025-07-02T23:03:03.415-03:00 DEBUG 9660 --- [Sistema de GestÃ£o AcadÃªmica] [           main] o.s.b.f.s.DefaultListableBeanFactory     : Autowiring by type from bean name 'requestMappingHandlerMapping' via factory method to bean named 'mvcConversionService'
2025-07-02T23:03:03.415-03:00 DEBUG 9660 --- [Sistema de GestÃ£o AcadÃªmica] [           main] o.s.b.f.s.DefaultListableBeanFactory     : Autowiring by type from bean name 'requestMappingHandlerMapping' via factory method to bean named 'mvcResourceUrlProvider'
2025-07-02T23:03:03.574-03:00 DEBUG 9660 --- [Sistema de GestÃ£o AcadÃªmica] [           main] s.w.s.m.m.a.RequestMappingHandlerMapping : 46 mappings in 'requestMappingHandlerMapping'
2025-07-02T23:03:03.578-03:00 DEBUG 9660 --- [Sistema de GestÃ£o AcadÃªmica] [           main] o.s.b.f.s.DefaultListableBeanFactory     : Creating shared instance of singleton bean 'mvcPatternParser'
2025-07-02T23:03:03.578-03:00 DEBUG 9660 --- [Sistema de GestÃ£o AcadÃªmica] [           main] o.s.b.f.s.DefaultListableBeanFactory     : Creating shared instance of singleton bean 'mvcUrlPathHelper'
2025-07-02T23:03:03.578-03:00 DEBUG 9660 --- [Sistema de GestÃ£o AcadÃªmica] [           main] o.s.b.f.s.DefaultListableBeanFactory     : Creating shared instance of singleton bean 'mvcPathMatcher'
2025-07-02T23:03:03.585-03:00 DEBUG 9660 --- [Sistema de GestÃ£o AcadÃªmica] [           main] o.s.b.f.s.DefaultListableBeanFactory     : Creating shared instance of singleton bean 'viewControllerHandlerMapping'
2025-07-02T23:03:03.585-03:00 DEBUG 9660 --- [Sistema de GestÃ£o AcadÃªmica] [           main] o.s.b.f.s.DefaultListableBeanFactory     : Autowiring by type from bean name 'viewControllerHandlerMapping' via factory method to bean named 'mvcConversionService'
2025-07-02T23:03:03.585-03:00 DEBUG 9660 --- [Sistema de GestÃ£o AcadÃªmica] [           main] o.s.b.f.s.DefaultListableBeanFactory     : Autowiring by type from bean name 'viewControllerHandlerMapping' via factory method to bean named 'mvcResourceUrlProvider'
2025-07-02T23:03:03.588-03:00 DEBUG 9660 --- [Sistema de GestÃ£o AcadÃªmica] [           main] o.s.b.f.s.DefaultListableBeanFactory     : Creating shared instance of singleton bean 'beanNameHandlerMapping'
2025-07-02T23:03:03.588-03:00 DEBUG 9660 --- [Sistema de GestÃ£o AcadÃªmica] [           main] o.s.b.f.s.DefaultListableBeanFactory     : Autowiring by type from bean name 'beanNameHandlerMapping' via factory method to bean named 'mvcConversionService'
2025-07-02T23:03:03.588-03:00 DEBUG 9660 --- [Sistema de GestÃ£o AcadÃªmica] [           main] o.s.b.f.s.DefaultListableBeanFactory     : Autowiring by type from bean name 'beanNameHandlerMapping' via factory method to bean named 'mvcResourceUrlProvider'
2025-07-02T23:03:03.596-03:00 DEBUG 9660 --- [Sistema de GestÃ£o AcadÃªmica] [           main] o.s.b.f.s.DefaultListableBeanFactory     : Creating shared instance of singleton bean 'routerFunctionMapping'
2025-07-02T23:03:03.596-03:00 DEBUG 9660 --- [Sistema de GestÃ£o AcadÃªmica] [           main] o.s.b.f.s.DefaultListableBeanFactory     : Autowiring by type from bean name 'routerFunctionMapping' via factory method to bean named 'mvcConversionService'
2025-07-02T23:03:03.596-03:00 DEBUG 9660 --- [Sistema de GestÃ£o AcadÃªmica] [           main] o.s.b.f.s.DefaultListableBeanFactory     : Autowiring by type from bean name 'routerFunctionMapping' via factory method to bean named 'mvcResourceUrlProvider'
2025-07-02T23:03:03.599-03:00 DEBUG 9660 --- [Sistema de GestÃ£o AcadÃªmica] [           main] o.s.b.f.s.DefaultListableBeanFactory     : Creating shared instance of singleton bean 'messageConverters'
2025-07-02T23:03:03.599-03:00 DEBUG 9660 --- [Sistema de GestÃ£o AcadÃªmica] [           main] o.s.b.f.s.DefaultListableBeanFactory     : Creating shared instance of singleton bean 'org.springframework.boot.autoconfigure.http.HttpMessageConvertersAutoConfiguration'
2025-07-02T23:03:03.606-03:00 DEBUG 9660 --- [Sistema de GestÃ£o AcadÃªmica] [           main] o.s.b.f.s.DefaultListableBeanFactory     : Creating shared instance of singleton bean 'stringHttpMessageConverter'
2025-07-02T23:03:03.606-03:00 DEBUG 9660 --- [Sistema de GestÃ£o AcadÃªmica] [           main] o.s.b.f.s.DefaultListableBeanFactory     : Creating shared instance of singleton bean 'org.springframework.boot.autoconfigure.http.HttpMessageConvertersAutoConfiguration$StringHttpMessageConverterConfiguration'
2025-07-02T23:03:03.609-03:00 DEBUG 9660 --- [Sistema de GestÃ£o AcadÃªmica] [           main] o.s.b.f.s.DefaultListableBeanFactory     : Autowiring by type from bean name 'stringHttpMessageConverter' via factory method to bean named 'environment'
2025-07-02T23:03:03.617-03:00 DEBUG 9660 --- [Sistema de GestÃ£o AcadÃªmica] [           main] o.s.b.f.s.DefaultListableBeanFactory     : Creating shared instance of singleton bean 'mappingJackson2HttpMessageConverter'
2025-07-02T23:03:03.617-03:00 DEBUG 9660 --- [Sistema de GestÃ£o AcadÃªmica] [           main] o.s.b.f.s.DefaultListableBeanFactory     : Creating shared instance of singleton bean 'org.springframework.boot.autoconfigure.http.JacksonHttpMessageConvertersConfiguration$MappingJackson2HttpMessageConverterConfiguration'
2025-07-02T23:03:03.618-03:00 DEBUG 9660 --- [Sistema de GestÃ£o AcadÃªmica] [           main] o.s.b.f.s.DefaultListableBeanFactory     : Creating shared instance of singleton bean 'jacksonObjectMapper'
2025-07-02T23:03:03.618-03:00 DEBUG 9660 --- [Sistema de GestÃ£o AcadÃªmica] [           main] o.s.b.f.s.DefaultListableBeanFactory     : Creating shared instance of singleton bean 'org.springframework.boot.autoconfigure.jackson.JacksonAutoConfiguration$JacksonObjectMapperConfiguration'
2025-07-02T23:03:03.618-03:00 DEBUG 9660 --- [Sistema de GestÃ£o AcadÃªmica] [           main] o.s.b.f.s.DefaultListableBeanFactory     : Creating shared instance of singleton bean 'org.springframework.boot.autoconfigure.jackson.JacksonAutoConfiguration$JacksonObjectMapperBuilderConfiguration'
2025-07-02T23:03:03.618-03:00 DEBUG 9660 --- [Sistema de GestÃ£o AcadÃªmica] [           main] o.s.b.f.s.DefaultListableBeanFactory     : Creating shared instance of singleton bean 'standardJacksonObjectMapperBuilderCustomizer'
2025-07-02T23:03:03.618-03:00 DEBUG 9660 --- [Sistema de GestÃ£o AcadÃªmica] [           main] o.s.b.f.s.DefaultListableBeanFactory     : Creating shared instance of singleton bean 'org.springframework.boot.autoconfigure.jackson.JacksonAutoConfiguration$Jackson2ObjectMapperBuilderCustomizerConfiguration'
2025-07-02T23:03:03.618-03:00 DEBUG 9660 --- [Sistema de GestÃ£o AcadÃªmica] [           main] o.s.b.f.s.DefaultListableBeanFactory     : Creating shared instance of singleton bean 'spring.jackson-org.springframework.boot.autoconfigure.jackson.JacksonProperties'
2025-07-02T23:03:03.633-03:00 DEBUG 9660 --- [Sistema de GestÃ£o AcadÃªmica] [           main] o.s.b.f.s.DefaultListableBeanFactory     : Autowiring by type from bean name 'standardJacksonObjectMapperBuilderCustomizer' via factory method to bean named 'spring.jackson-org.springframework.boot.autoconfigure.jackson.JacksonProperties'
2025-07-02T23:03:03.635-03:00 DEBUG 9660 --- [Sistema de GestÃ£o AcadÃªmica] [           main] o.s.b.f.s.DefaultListableBeanFactory     : Creating shared instance of singleton bean 'parameterNamesModule'
2025-07-02T23:03:03.635-03:00 DEBUG 9660 --- [Sistema de GestÃ£o AcadÃªmica] [           main] o.s.b.f.s.DefaultListableBeanFactory     : Creating shared instance of singleton bean 'org.springframework.boot.autoconfigure.jackson.JacksonAutoConfiguration$ParameterNamesModuleConfiguration'
2025-07-02T23:03:03.642-03:00 DEBUG 9660 --- [Sistema de GestÃ£o AcadÃªmica] [           main] o.s.b.f.s.DefaultListableBeanFactory     : Creating shared instance of singleton bean 'jsonMixinModule'
2025-07-02T23:03:03.642-03:00 DEBUG 9660 --- [Sistema de GestÃ£o AcadÃªmica] [           main] o.s.b.f.s.DefaultListableBeanFactory     : Creating shared instance of singleton bean 'org.springframework.boot.autoconfigure.jackson.JacksonAutoConfiguration$JacksonMixinConfiguration'
2025-07-02T23:03:03.644-03:00 DEBUG 9660 --- [Sistema de GestÃ£o AcadÃªmica] [           main] o.s.b.f.s.DefaultListableBeanFactory     : Creating shared instance of singleton bean 'jsonMixinModuleEntries'
2025-07-02T23:03:03.644-03:00 DEBUG 9660 --- [Sistema de GestÃ£o AcadÃªmica] [           main] o.s.b.f.s.DefaultListableBeanFactory     : Autowiring by type from bean name 'jsonMixinModuleEntries' via factory method to bean named 'org.springframework.web.context.support.GenericWebApplicationContext@560513ce'
2025-07-02T23:03:03.655-03:00 DEBUG 9660 --- [Sistema de GestÃ£o AcadÃªmica] [           main] o.s.b.f.s.DefaultListableBeanFactory     : Autowiring by type from bean name 'jsonMixinModule' via factory method to bean named 'org.springframework.web.context.support.GenericWebApplicationContext@560513ce'
2025-07-02T23:03:03.655-03:00 DEBUG 9660 --- [Sistema de GestÃ£o AcadÃªmica] [           main] o.s.b.f.s.DefaultListableBeanFactory     : Autowiring by type from bean name 'jsonMixinModule' via factory method to bean named 'jsonMixinModuleEntries'
2025-07-02T23:03:03.659-03:00 DEBUG 9660 --- [Sistema de GestÃ£o AcadÃªmica] [           main] o.s.b.f.s.DefaultListableBeanFactory     : Creating shared instance of singleton bean 'jsonComponentModule'
2025-07-02T23:03:03.663-03:00 DEBUG 9660 --- [Sistema de GestÃ£o AcadÃªmica] [           main] o.s.b.f.s.DefaultListableBeanFactory     : Creating shared instance of singleton bean 'org.springframework.boot.autoconfigure.jackson.JacksonAutoConfiguration'
2025-07-02T23:03:03.669-03:00 DEBUG 9660 --- [Sistema de GestÃ£o AcadÃªmica] [           main] o.s.b.f.s.DefaultListableBeanFactory     : Creating shared instance of singleton bean 'jacksonGeoModule'
2025-07-02T23:03:03.669-03:00 DEBUG 9660 --- [Sistema de GestÃ£o AcadÃªmica] [           main] o.s.b.f.s.DefaultListableBeanFactory     : Creating shared instance of singleton bean 'org.springframework.data.web.config.SpringDataJacksonConfiguration'
2025-07-02T23:03:03.675-03:00 DEBUG 9660 --- [Sistema de GestÃ£o AcadÃªmica] [           main] o.s.b.f.s.DefaultListableBeanFactory     : Creating shared instance of singleton bean 'pageModule'
2025-07-02T23:03:03.681-03:00 DEBUG 9660 --- [Sistema de GestÃ£o AcadÃªmica] [           main] o.s.b.f.s.DefaultListableBeanFactory     : Autowiring by type from bean name 'jacksonObjectMapperBuilder' via factory method to bean named 'org.springframework.web.context.support.GenericWebApplicationContext@560513ce'
2025-07-02T23:03:03.681-03:00 DEBUG 9660 --- [Sistema de GestÃ£o AcadÃªmica] [           main] o.s.b.f.s.DefaultListableBeanFactory     : Autowiring by type from bean name 'jacksonObjectMapperBuilder' via factory method to bean named 'standardJacksonObjectMapperBuilderCustomizer'
2025-07-02T23:03:03.685-03:00 DEBUG 9660 --- [Sistema de GestÃ£o AcadÃªmica] [           main] o.s.b.f.s.DefaultListableBeanFactory     : Autowiring by type from bean name 'jacksonObjectMapper' via factory method to bean named 'jacksonObjectMapperBuilder'
2025-07-02T23:03:03.741-03:00 DEBUG 9660 --- [Sistema de GestÃ£o AcadÃªmica] [           main] o.s.b.f.s.DefaultListableBeanFactory     : Autowiring by type from bean name 'mappingJackson2HttpMessageConverter' via factory method to bean named 'jacksonObjectMapper'
2025-07-02T23:03:03.846-03:00 DEBUG 9660 --- [Sistema de GestÃ£o AcadÃªmica] [           main] o.s.b.f.s.DefaultListableBeanFactory     : Creating shared instance of singleton bean 'resourceHandlerMapping'
2025-07-02T23:03:03.846-03:00 DEBUG 9660 --- [Sistema de GestÃ£o AcadÃªmica] [           main] o.s.b.f.s.DefaultListableBeanFactory     : Autowiring by type from bean name 'resourceHandlerMapping' via factory method to bean named 'mvcContentNegotiationManager'
2025-07-02T23:03:03.846-03:00 DEBUG 9660 --- [Sistema de GestÃ£o AcadÃªmica] [           main] o.s.b.f.s.DefaultListableBeanFactory     : Autowiring by type from bean name 'resourceHandlerMapping' via factory method to bean named 'mvcConversionService'
2025-07-02T23:03:03.846-03:00 DEBUG 9660 --- [Sistema de GestÃ£o AcadÃªmica] [           main] o.s.b.f.s.DefaultListableBeanFactory     : Autowiring by type from bean name 'resourceHandlerMapping' via factory method to bean named 'mvcResourceUrlProvider'
2025-07-02T23:03:03.868-03:00 DEBUG 9660 --- [Sistema de GestÃ£o AcadÃªmica] [           main] o.s.w.s.handler.SimpleUrlHandlerMapping  : Patterns [/webjars/**, /**] in 'resourceHandlerMapping'
2025-07-02T23:03:03.871-03:00 DEBUG 9660 --- [Sistema de GestÃ£o AcadÃªmica] [           main] o.s.b.f.s.DefaultListableBeanFactory     : Creating shared instance of singleton bean 'defaultServletHandlerMapping'
2025-07-02T23:03:03.871-03:00 DEBUG 9660 --- [Sistema de GestÃ£o AcadÃªmica] [           main] o.s.b.f.s.DefaultListableBeanFactory     : Creating shared instance of singleton bean 'requestMappingHandlerAdapter'
2025-07-02T23:03:03.873-03:00 DEBUG 9660 --- [Sistema de GestÃ£o AcadÃªmica] [           main] o.s.b.f.s.DefaultListableBeanFactory     : Autowiring by type from bean name 'requestMappingHandlerAdapter' via factory method to bean named 'mvcContentNegotiationManager'
2025-07-02T23:03:03.873-03:00 DEBUG 9660 --- [Sistema de GestÃ£o AcadÃªmica] [           main] o.s.b.f.s.DefaultListableBeanFactory     : Autowiring by type from bean name 'requestMappingHandlerAdapter' via factory method to bean named 'mvcConversionService'
2025-07-02T23:03:03.873-03:00 DEBUG 9660 --- [Sistema de GestÃ£o AcadÃªmica] [           main] o.s.b.f.s.DefaultListableBeanFactory     : Autowiring by type from bean name 'requestMappingHandlerAdapter' via factory method to bean named 'mvcValidator'
2025-07-02T23:03:03.887-03:00 DEBUG 9660 --- [Sistema de GestÃ£o AcadÃªmica] [           main] o.s.b.f.s.DefaultListableBeanFactory     : Creating shared instance of singleton bean 'sortResolver'
2025-07-02T23:03:03.889-03:00 DEBUG 9660 --- [Sistema de GestÃ£o AcadÃªmica] [           main] o.s.b.f.s.DefaultListableBeanFactory     : Creating shared instance of singleton bean 'sortCustomizer'
2025-07-02T23:03:03.889-03:00 DEBUG 9660 --- [Sistema de GestÃ£o AcadÃªmica] [           main] o.s.b.f.s.DefaultListableBeanFactory     : Creating shared instance of singleton bean 'org.springframework.boot.autoconfigure.data.web.SpringDataWebAutoConfiguration'
2025-07-02T23:03:03.889-03:00 DEBUG 9660 --- [Sistema de GestÃ£o AcadÃªmica] [           main] o.s.b.f.s.DefaultListableBeanFactory     : Creating shared instance of singleton bean 'spring.data.web-org.springframework.boot.autoconfigure.data.web.SpringDataWebProperties'
2025-07-02T23:03:03.894-03:00 DEBUG 9660 --- [Sistema de GestÃ£o AcadÃªmica] [           main] o.s.b.f.s.DefaultListableBeanFactory     : Autowiring by type from bean name 'org.springframework.boot.autoconfigure.data.web.SpringDataWebAutoConfiguration' via constructor to bean named 'spring.data.web-org.springframework.boot.autoconfigure.data.web.SpringDataWebProperties'
2025-07-02T23:03:03.898-03:00 DEBUG 9660 --- [Sistema de GestÃ£o AcadÃªmica] [           main] o.s.b.f.s.DefaultListableBeanFactory     : Creating shared instance of singleton bean 'pageableResolver'
2025-07-02T23:03:03.900-03:00 DEBUG 9660 --- [Sistema de GestÃ£o AcadÃªmica] [           main] o.s.b.f.s.DefaultListableBeanFactory     : Creating shared instance of singleton bean 'pageableCustomizer'
2025-07-02T23:03:03.906-03:00 DEBUG 9660 --- [Sistema de GestÃ£o AcadÃªmica] [           main] o.s.b.f.s.DefaultListableBeanFactory     : Creating shared instance of singleton bean 'applicationTaskExecutor'
2025-07-02T23:03:03.914-03:00 DEBUG 9660 --- [Sistema de GestÃ£o AcadÃªmica] [           main] o.s.b.f.s.DefaultListableBeanFactory     : Autowiring by type from bean name 'applicationTaskExecutor' via factory method to bean named 'taskExecutorBuilder'
2025-07-02T23:03:03.929-03:00 DEBUG 9660 --- [Sistema de GestÃ£o AcadÃªmica] [           main] o.s.s.concurrent.ThreadPoolTaskExecutor  : Initializing ExecutorService 'applicationTaskExecutor'
2025-07-02T23:03:03.962-03:00 DEBUG 9660 --- [Sistema de GestÃ£o AcadÃªmica] [           main] s.w.s.m.m.a.RequestMappingHandlerAdapter : ControllerAdvice beans: 0 @ModelAttribute, 0 @InitBinder, 1 RequestBodyAdvice, 1 ResponseBodyAdvice
2025-07-02T23:03:04.033-03:00 DEBUG 9660 --- [Sistema de GestÃ£o AcadÃªmica] [           main] o.s.b.f.s.DefaultListableBeanFactory     : Creating shared instance of singleton bean 'handlerFunctionAdapter'
2025-07-02T23:03:04.038-03:00 DEBUG 9660 --- [Sistema de GestÃ£o AcadÃªmica] [           main] o.s.b.f.s.DefaultListableBeanFactory     : Creating shared instance of singleton bean 'mvcUriComponentsContributor'
2025-07-02T23:03:04.038-03:00 DEBUG 9660 --- [Sistema de GestÃ£o AcadÃªmica] [           main] o.s.b.f.s.DefaultListableBeanFactory     : Autowiring by type from bean name 'mvcUriComponentsContributor' via factory method to bean named 'mvcConversionService'
2025-07-02T23:03:04.038-03:00 DEBUG 9660 --- [Sistema de GestÃ£o AcadÃªmica] [           main] o.s.b.f.s.DefaultListableBeanFactory     : Autowiring by type from bean name 'mvcUriComponentsContributor' via factory method to bean named 'requestMappingHandlerAdapter'
2025-07-02T23:03:04.044-03:00 DEBUG 9660 --- [Sistema de GestÃ£o AcadÃªmica] [           main] o.s.b.f.s.DefaultListableBeanFactory     : Creating shared instance of singleton bean 'httpRequestHandlerAdapter'
2025-07-02T23:03:04.044-03:00 DEBUG 9660 --- [Sistema de GestÃ£o AcadÃªmica] [           main] o.s.b.f.s.DefaultListableBeanFactory     : Creating shared instance of singleton bean 'simpleControllerHandlerAdapter'
2025-07-02T23:03:04.044-03:00 DEBUG 9660 --- [Sistema de GestÃ£o AcadÃªmica] [           main] o.s.b.f.s.DefaultListableBeanFactory     : Creating shared instance of singleton bean 'handlerExceptionResolver'
2025-07-02T23:03:04.044-03:00 DEBUG 9660 --- [Sistema de GestÃ£o AcadÃªmica] [           main] o.s.b.f.s.DefaultListableBeanFactory     : Autowiring by type from bean name 'handlerExceptionResolver' via factory method to bean named 'mvcContentNegotiationManager'
2025-07-02T23:03:04.053-03:00 DEBUG 9660 --- [Sistema de GestÃ£o AcadÃªmica] [           main] .m.m.a.ExceptionHandlerExceptionResolver : ControllerAdvice beans: 0 @ExceptionHandler, 1 ResponseBodyAdvice
2025-07-02T23:03:04.056-03:00 DEBUG 9660 --- [Sistema de GestÃ£o AcadÃªmica] [           main] o.s.b.f.s.DefaultListableBeanFactory     : Creating shared instance of singleton bean 'mvcViewResolver'
2025-07-02T23:03:04.056-03:00 DEBUG 9660 --- [Sistema de GestÃ£o AcadÃªmica] [           main] o.s.b.f.s.DefaultListableBeanFactory     : Autowiring by type from bean name 'mvcViewResolver' via factory method to bean named 'mvcContentNegotiationManager'
2025-07-02T23:03:04.066-03:00 DEBUG 9660 --- [Sistema de GestÃ£o AcadÃªmica] [           main] o.s.b.f.s.DefaultListableBeanFactory     : Creating shared instance of singleton bean 'viewNameTranslator'
2025-07-02T23:03:04.069-03:00 DEBUG 9660 --- [Sistema de GestÃ£o AcadÃªmica] [           main] o.s.b.f.s.DefaultListableBeanFactory     : Creating shared instance of singleton bean 'defaultViewResolver'
2025-07-02T23:03:04.086-03:00 DEBUG 9660 --- [Sistema de GestÃ£o AcadÃªmica] [           main] o.s.b.f.s.DefaultListableBeanFactory     : Creating shared instance of singleton bean 'viewResolver'
2025-07-02T23:03:04.086-03:00 DEBUG 9660 --- [Sistema de GestÃ£o AcadÃªmica] [           main] o.s.b.f.s.DefaultListableBeanFactory     : Autowiring by type from bean name 'viewResolver' via factory method to bean named 'org.springframework.beans.factory.support.DefaultListableBeanFactory@44f9779c'
2025-07-02T23:03:04.091-03:00 DEBUG 9660 --- [Sistema de GestÃ£o AcadÃªmica] [           main] o.s.b.f.s.DefaultListableBeanFactory     : Creating shared instance of singleton bean 'viewResolver'
2025-07-02T23:03:04.095-03:00 DEBUG 9660 --- [Sistema de GestÃ£o AcadÃªmica] [           main] o.s.b.f.s.DefaultListableBeanFactory     : Creating shared instance of singleton bean 'thymeleafViewResolver'
2025-07-02T23:03:04.095-03:00 DEBUG 9660 --- [Sistema de GestÃ£o AcadÃªmica] [           main] o.s.b.f.s.DefaultListableBeanFactory     : Creating shared instance of singleton bean 'org.springframework.boot.autoconfigure.thymeleaf.ThymeleafAutoConfiguration$ThymeleafWebMvcConfiguration$ThymeleafViewResolverConfiguration'
2025-07-02T23:03:04.097-03:00 DEBUG 9660 --- [Sistema de GestÃ£o AcadÃªmica] [           main] o.s.b.f.s.DefaultListableBeanFactory     : Creating shared instance of singleton bean 'spring.thymeleaf-org.springframework.boot.autoconfigure.thymeleaf.ThymeleafProperties'
2025-07-02T23:03:04.102-03:00 DEBUG 9660 --- [Sistema de GestÃ£o AcadÃªmica] [           main] o.s.b.f.s.DefaultListableBeanFactory     : Creating shared instance of singleton bean 'templateEngine'
2025-07-02T23:03:04.102-03:00 DEBUG 9660 --- [Sistema de GestÃ£o AcadÃªmica] [           main] o.s.b.f.s.DefaultListableBeanFactory     : Creating shared instance of singleton bean 'org.springframework.boot.autoconfigure.thymeleaf.TemplateEngineConfigurations$DefaultTemplateEngineConfiguration'
2025-07-02T23:03:04.108-03:00 DEBUG 9660 --- [Sistema de GestÃ£o AcadÃªmica] [           main] o.s.b.f.s.DefaultListableBeanFactory     : Autowiring by type from bean name 'templateEngine' via factory method to bean named 'spring.thymeleaf-org.springframework.boot.autoconfigure.thymeleaf.ThymeleafProperties'
2025-07-02T23:03:04.150-03:00 DEBUG 9660 --- [Sistema de GestÃ£o AcadÃªmica] [           main] o.s.b.f.s.DefaultListableBeanFactory     : Creating shared instance of singleton bean 'defaultTemplateResolver'
2025-07-02T23:03:04.152-03:00 DEBUG 9660 --- [Sistema de GestÃ£o AcadÃªmica] [           main] o.s.b.f.s.DefaultListableBeanFactory     : Creating shared instance of singleton bean 'org.springframework.boot.autoconfigure.thymeleaf.ThymeleafAutoConfiguration$DefaultTemplateResolverConfiguration'
2025-07-02T23:03:04.152-03:00 DEBUG 9660 --- [Sistema de GestÃ£o AcadÃªmica] [           main] o.s.b.f.s.DefaultListableBeanFactory     : Autowiring by type from bean name 'org.springframework.boot.autoconfigure.thymeleaf.ThymeleafAutoConfiguration$DefaultTemplateResolverConfiguration' via constructor to bean named 'spring.thymeleaf-org.springframework.boot.autoconfigure.thymeleaf.ThymeleafProperties'
2025-07-02T23:03:04.152-03:00 DEBUG 9660 --- [Sistema de GestÃ£o AcadÃªmica] [           main] o.s.b.f.s.DefaultListableBeanFactory     : Autowiring by type from bean name 'org.springframework.boot.autoconfigure.thymeleaf.ThymeleafAutoConfiguration$DefaultTemplateResolverConfiguration' via constructor to bean named 'org.springframework.web.context.support.GenericWebApplicationContext@560513ce'
2025-07-02T23:03:04.161-03:00 DEBUG 9660 --- [Sistema de GestÃ£o AcadÃªmica] [           main] o.s.b.f.s.DefaultListableBeanFactory     : Autowiring by type from bean name 'thymeleafViewResolver' via factory method to bean named 'spring.thymeleaf-org.springframework.boot.autoconfigure.thymeleaf.ThymeleafProperties'
2025-07-02T23:03:04.161-03:00 DEBUG 9660 --- [Sistema de GestÃ£o AcadÃªmica] [           main] o.s.b.f.s.DefaultListableBeanFactory     : Autowiring by type from bean name 'thymeleafViewResolver' via factory method to bean named 'templateEngine'
2025-07-02T23:03:04.173-03:00 DEBUG 9660 --- [Sistema de GestÃ£o AcadÃªmica] [           main] o.s.b.f.s.DefaultListableBeanFactory     : Creating shared instance of singleton bean 'requestContextFilter'
2025-07-02T23:03:04.177-03:00 DEBUG 9660 --- [Sistema de GestÃ£o AcadÃªmica] [           main] o.s.b.f.s.DefaultListableBeanFactory     : Creating shared instance of singleton bean 'org.springframework.boot.autoconfigure.web.servlet.WebMvcAutoConfiguration'
2025-07-02T23:03:04.177-03:00 DEBUG 9660 --- [Sistema de GestÃ£o AcadÃªmica] [           main] o.s.b.f.s.DefaultListableBeanFactory     : Creating shared instance of singleton bean 'formContentFilter'
2025-07-02T23:03:04.182-03:00 DEBUG 9660 --- [Sistema de GestÃ£o AcadÃªmica] [           main] o.s.b.f.s.DefaultListableBeanFactory     : Creating shared instance of singleton bean 'org.springframework.boot.autoconfigure.aop.AopAutoConfiguration$AspectJAutoProxyingConfiguration$CglibAutoProxyConfiguration'
2025-07-02T23:03:04.184-03:00 DEBUG 9660 --- [Sistema de GestÃ£o AcadÃªmica] [           main] o.s.b.f.s.DefaultListableBeanFactory     : Creating shared instance of singleton bean 'org.springframework.boot.autoconfigure.aop.AopAutoConfiguration$AspectJAutoProxyingConfiguration'
2025-07-02T23:03:04.185-03:00 DEBUG 9660 --- [Sistema de GestÃ£o AcadÃªmica] [           main] o.s.b.f.s.DefaultListableBeanFactory     : Creating shared instance of singleton bean 'org.springframework.boot.autoconfigure.aop.AopAutoConfiguration'
2025-07-02T23:03:04.185-03:00 DEBUG 9660 --- [Sistema de GestÃ£o AcadÃªmica] [           main] o.s.b.f.s.DefaultListableBeanFactory     : Creating shared instance of singleton bean 'org.springframework.boot.autoconfigure.availability.ApplicationAvailabilityAutoConfiguration'
2025-07-02T23:03:04.187-03:00 DEBUG 9660 --- [Sistema de GestÃ£o AcadÃªmica] [           main] o.s.b.f.s.DefaultListableBeanFactory     : Creating shared instance of singleton bean 'applicationAvailability'
2025-07-02T23:03:04.189-03:00 DEBUG 9660 --- [Sistema de GestÃ£o AcadÃªmica] [           main] o.s.b.f.s.DefaultListableBeanFactory     : Creating shared instance of singleton bean 'org.springframework.boot.autoconfigure.transaction.jta.JtaAutoConfiguration'
2025-07-02T23:03:04.189-03:00 DEBUG 9660 --- [Sistema de GestÃ£o AcadÃªmica] [           main] o.s.b.f.s.DefaultListableBeanFactory     : Creating shared instance of singleton bean 'org.springframework.boot.autoconfigure.jdbc.metadata.DataSourcePoolMetadataProvidersConfiguration'
2025-07-02T23:03:04.193-03:00 DEBUG 9660 --- [Sistema de GestÃ£o AcadÃªmica] [           main] o.s.b.f.s.DefaultListableBeanFactory     : Creating shared instance of singleton bean 'org.springframework.boot.autoconfigure.jdbc.DataSourceAutoConfiguration'
2025-07-02T23:03:04.193-03:00 DEBUG 9660 --- [Sistema de GestÃ£o AcadÃªmica] [           main] o.s.b.f.s.DefaultListableBeanFactory     : Creating shared instance of singleton bean 'org.springframework.boot.autoconfigure.transaction.TransactionManagerCustomizationAutoConfiguration'
2025-07-02T23:03:04.196-03:00 DEBUG 9660 --- [Sistema de GestÃ£o AcadÃªmica] [           main] o.s.b.f.s.DefaultListableBeanFactory     : Creating shared instance of singleton bean 'platformTransactionManagerCustomizers'
2025-07-02T23:03:04.196-03:00 DEBUG 9660 --- [Sistema de GestÃ£o AcadÃªmica] [           main] o.s.b.f.s.DefaultListableBeanFactory     : Creating shared instance of singleton bean 'transactionExecutionListeners'
2025-07-02T23:03:04.196-03:00 DEBUG 9660 --- [Sistema de GestÃ£o AcadÃªmica] [           main] o.s.b.f.s.DefaultListableBeanFactory     : Creating shared instance of singleton bean 'spring.transaction-org.springframework.boot.autoconfigure.transaction.TransactionProperties'
2025-07-02T23:03:04.207-03:00 DEBUG 9660 --- [Sistema de GestÃ£o AcadÃªmica] [           main] o.s.b.f.s.DefaultListableBeanFactory     : Creating shared instance of singleton bean 'org.springframework.boot.autoconfigure.orm.jpa.JpaBaseConfiguration$PersistenceManagedTypesConfiguration'
2025-07-02T23:03:04.208-03:00 DEBUG 9660 --- [Sistema de GestÃ£o AcadÃªmica] [           main] o.s.b.f.s.DefaultListableBeanFactory     : Creating shared instance of singleton bean 'transactionManager'
2025-07-02T23:03:04.230-03:00 DEBUG 9660 --- [Sistema de GestÃ£o AcadÃªmica] [           main] o.s.b.f.s.DefaultListableBeanFactory     : Creating shared instance of singleton bean 'org.springframework.boot.autoconfigure.orm.jpa.HibernateJpaAutoConfiguration'
2025-07-02T23:03:04.230-03:00 DEBUG 9660 --- [Sistema de GestÃ£o AcadÃªmica] [           main] o.s.b.f.s.DefaultListableBeanFactory     : Creating shared instance of singleton bean 'org.springframework.boot.autoconfigure.context.ConfigurationPropertiesAutoConfiguration'
2025-07-02T23:03:04.230-03:00 DEBUG 9660 --- [Sistema de GestÃ£o AcadÃªmica] [           main] o.s.b.f.s.DefaultListableBeanFactory     : Creating shared instance of singleton bean 'org.springframework.boot.autoconfigure.context.LifecycleAutoConfiguration'
2025-07-02T23:03:04.233-03:00 DEBUG 9660 --- [Sistema de GestÃ£o AcadÃªmica] [           main] o.s.b.f.s.DefaultListableBeanFactory     : Creating shared instance of singleton bean 'lifecycleProcessor'
2025-07-02T23:03:04.233-03:00 DEBUG 9660 --- [Sistema de GestÃ£o AcadÃªmica] [           main] o.s.b.f.s.DefaultListableBeanFactory     : Creating shared instance of singleton bean 'spring.lifecycle-org.springframework.boot.autoconfigure.context.LifecycleProperties'
2025-07-02T23:03:04.236-03:00 DEBUG 9660 --- [Sistema de GestÃ£o AcadÃªmica] [           main] o.s.b.f.s.DefaultListableBeanFactory     : Autowiring by type from bean name 'lifecycleProcessor' via factory method to bean named 'spring.lifecycle-org.springframework.boot.autoconfigure.context.LifecycleProperties'
2025-07-02T23:03:04.239-03:00 DEBUG 9660 --- [Sistema de GestÃ£o AcadÃªmica] [           main] o.s.b.f.s.DefaultListableBeanFactory     : Creating shared instance of singleton bean 'org.springframework.boot.autoconfigure.dao.PersistenceExceptionTranslationAutoConfiguration'
2025-07-02T23:03:04.239-03:00 DEBUG 9660 --- [Sistema de GestÃ£o AcadÃªmica] [           main] o.s.b.f.s.DefaultListableBeanFactory     : Creating shared instance of singleton bean 'org.springframework.boot.autoconfigure.data.jpa.JpaRepositoriesAutoConfiguration'
2025-07-02T23:03:04.239-03:00 DEBUG 9660 --- [Sistema de GestÃ£o AcadÃªmica] [           main] o.s.b.f.s.DefaultListableBeanFactory     : Creating shared instance of singleton bean 'org.springframework.data.jpa.util.JpaMetamodelCacheCleanup'
2025-07-02T23:03:04.243-03:00 DEBUG 9660 --- [Sistema de GestÃ£o AcadÃªmica] [           main] o.s.b.f.s.DefaultListableBeanFactory     : Creating shared instance of singleton bean 'org.springframework.data.jpa.repository.support.JpaEvaluationContextExtension'
2025-07-02T23:03:04.246-03:00 DEBUG 9660 --- [Sistema de GestÃ£o AcadÃªmica] [           main] o.s.b.f.s.DefaultListableBeanFactory     : Creating shared instance of singleton bean 'data-jpa.repository-aot-processor#0'
2025-07-02T23:03:04.259-03:00 DEBUG 9660 --- [Sistema de GestÃ£o AcadÃªmica] [           main] o.s.b.f.s.DefaultListableBeanFactory     : Creating shared instance of singleton bean 'org.springframework.boot.autoconfigure.http.JacksonHttpMessageConvertersConfiguration'
2025-07-02T23:03:04.259-03:00 DEBUG 9660 --- [Sistema de GestÃ£o AcadÃªmica] [           main] o.s.b.f.s.DefaultListableBeanFactory     : Creating shared instance of singleton bean 'org.springframework.data.web.config.ProjectingArgumentResolverRegistrar'
2025-07-02T23:03:04.259-03:00 DEBUG 9660 --- [Sistema de GestÃ£o AcadÃªmica] [           main] o.s.b.f.s.DefaultListableBeanFactory     : Creating shared instance of singleton bean 'offsetResolver'
2025-07-02T23:03:04.267-03:00 DEBUG 9660 --- [Sistema de GestÃ£o AcadÃªmica] [           main] o.s.b.f.s.DefaultListableBeanFactory     : Creating shared instance of singleton bean 'org.springframework.boot.autoconfigure.h2.H2ConsoleAutoConfiguration'
2025-07-02T23:03:04.267-03:00 DEBUG 9660 --- [Sistema de GestÃ£o AcadÃªmica] [           main] o.s.b.f.s.DefaultListableBeanFactory     : Creating shared instance of singleton bean 'h2Console'
2025-07-02T23:03:04.267-03:00 DEBUG 9660 --- [Sistema de GestÃ£o AcadÃªmica] [           main] o.s.b.f.s.DefaultListableBeanFactory     : Creating shared instance of singleton bean 'spring.h2.console-org.springframework.boot.autoconfigure.h2.H2ConsoleProperties'
2025-07-02T23:03:04.276-03:00 DEBUG 9660 --- [Sistema de GestÃ£o AcadÃªmica] [           main] o.s.b.f.s.DefaultListableBeanFactory     : Autowiring by type from bean name 'h2Console' via factory method to bean named 'spring.h2.console-org.springframework.boot.autoconfigure.h2.H2ConsoleProperties'
2025-07-02T23:03:04.278-03:00  INFO 9660 --- [Sistema de GestÃ£o AcadÃªmica] [           main] o.s.b.a.h2.H2ConsoleAutoConfiguration    : H2 console available at '/h2-console'. Database available at 'jdbc:h2:mem:academicodb'
2025-07-02T23:03:04.283-03:00 DEBUG 9660 --- [Sistema de GestÃ£o AcadÃªmica] [           main] o.s.b.f.s.DefaultListableBeanFactory     : Creating shared instance of singleton bean 'org.springframework.boot.autoconfigure.info.ProjectInfoAutoConfiguration'
2025-07-02T23:03:04.286-03:00 DEBUG 9660 --- [Sistema de GestÃ£o AcadÃªmica] [           main] o.s.b.f.s.DefaultListableBeanFactory     : Creating shared instance of singleton bean 'spring.info-org.springframework.boot.autoconfigure.info.ProjectInfoProperties'
2025-07-02T23:03:04.289-03:00 DEBUG 9660 --- [Sistema de GestÃ£o AcadÃªmica] [           main] o.s.b.f.s.DefaultListableBeanFactory     : Autowiring by type from bean name 'org.springframework.boot.autoconfigure.info.ProjectInfoAutoConfiguration' via constructor to bean named 'spring.info-org.springframework.boot.autoconfigure.info.ProjectInfoProperties'
2025-07-02T23:03:04.291-03:00 DEBUG 9660 --- [Sistema de GestÃ£o AcadÃªmica] [           main] o.s.b.f.s.DefaultListableBeanFactory     : Creating shared instance of singleton bean 'org.springframework.boot.autoconfigure.jdbc.JdbcTemplateConfiguration'
2025-07-02T23:03:04.291-03:00 DEBUG 9660 --- [Sistema de GestÃ£o AcadÃªmica] [           main] o.s.b.f.s.DefaultListableBeanFactory     : Creating shared instance of singleton bean 'jdbcTemplate'
2025-07-02T23:03:04.292-03:00 DEBUG 9660 --- [Sistema de GestÃ£o AcadÃªmica] [           main] o.s.b.f.s.DefaultListableBeanFactory     : Creating shared instance of singleton bean 'spring.jdbc-org.springframework.boot.autoconfigure.jdbc.JdbcProperties'
2025-07-02T23:03:04.292-03:00 DEBUG 9660 --- [Sistema de GestÃ£o AcadÃªmica] [           main] o.s.b.f.s.DefaultListableBeanFactory     : Autowiring by type from bean name 'jdbcTemplate' via factory method to bean named 'dataSource'
2025-07-02T23:03:04.292-03:00 DEBUG 9660 --- [Sistema de GestÃ£o AcadÃªmica] [           main] o.s.b.f.s.DefaultListableBeanFactory     : Autowiring by type from bean name 'jdbcTemplate' via factory method to bean named 'spring.jdbc-org.springframework.boot.autoconfigure.jdbc.JdbcProperties'
2025-07-02T23:03:04.342-03:00 DEBUG 9660 --- [Sistema de GestÃ£o AcadÃªmica] [           main] o.s.b.f.s.DefaultListableBeanFactory     : Creating shared instance of singleton bean 'org.springframework.boot.autoconfigure.jdbc.NamedParameterJdbcTemplateConfiguration'
2025-07-02T23:03:04.342-03:00 DEBUG 9660 --- [Sistema de GestÃ£o AcadÃªmica] [           main] o.s.b.f.s.DefaultListableBeanFactory     : Creating shared instance of singleton bean 'namedParameterJdbcTemplate'
2025-07-02T23:03:04.342-03:00 DEBUG 9660 --- [Sistema de GestÃ£o AcadÃªmica] [           main] o.s.b.f.s.DefaultListableBeanFactory     : Autowiring by type from bean name 'namedParameterJdbcTemplate' via factory method to bean named 'jdbcTemplate'
2025-07-02T23:03:04.355-03:00 DEBUG 9660 --- [Sistema de GestÃ£o AcadÃªmica] [           main] o.s.b.f.s.DefaultListableBeanFactory     : Creating shared instance of singleton bean 'org.springframework.boot.autoconfigure.jdbc.JdbcTemplateAutoConfiguration'
2025-07-02T23:03:04.355-03:00 DEBUG 9660 --- [Sistema de GestÃ£o AcadÃªmica] [           main] o.s.b.f.s.DefaultListableBeanFactory     : Creating shared instance of singleton bean 'org.springframework.boot.autoconfigure.jdbc.JdbcClientAutoConfiguration'
2025-07-02T23:03:04.358-03:00 DEBUG 9660 --- [Sistema de GestÃ£o AcadÃªmica] [           main] o.s.b.f.s.DefaultListableBeanFactory     : Creating shared instance of singleton bean 'jdbcClient'
2025-07-02T23:03:04.358-03:00 DEBUG 9660 --- [Sistema de GestÃ£o AcadÃªmica] [           main] o.s.b.f.s.DefaultListableBeanFactory     : Autowiring by type from bean name 'jdbcClient' via factory method to bean named 'namedParameterJdbcTemplate'
2025-07-02T23:03:04.365-03:00 DEBUG 9660 --- [Sistema de GestÃ£o AcadÃªmica] [           main] o.s.b.f.s.DefaultListableBeanFactory     : Creating shared instance of singleton bean 'org.springframework.boot.autoconfigure.task.TaskSchedulingConfigurations$ThreadPoolTaskSchedulerBuilderConfiguration'
2025-07-02T23:03:04.366-03:00 DEBUG 9660 --- [Sistema de GestÃ£o AcadÃªmica] [           main] o.s.b.f.s.DefaultListableBeanFactory     : Creating shared instance of singleton bean 'threadPoolTaskSchedulerBuilder'
2025-07-02T23:03:04.367-03:00 DEBUG 9660 --- [Sistema de GestÃ£o AcadÃªmica] [           main] o.s.b.f.s.DefaultListableBeanFactory     : Creating shared instance of singleton bean 'spring.task.scheduling-org.springframework.boot.autoconfigure.task.TaskSchedulingProperties'
2025-07-02T23:03:04.371-03:00 DEBUG 9660 --- [Sistema de GestÃ£o AcadÃªmica] [           main] o.s.b.f.s.DefaultListableBeanFactory     : Autowiring by type from bean name 'threadPoolTaskSchedulerBuilder' via factory method to bean named 'spring.task.scheduling-org.springframework.boot.autoconfigure.task.TaskSchedulingProperties'
2025-07-02T23:03:04.377-03:00 DEBUG 9660 --- [Sistema de GestÃ£o AcadÃªmica] [           main] o.s.b.f.s.DefaultListableBeanFactory     : Creating shared instance of singleton bean 'org.springframework.boot.autoconfigure.task.TaskSchedulingConfigurations$TaskSchedulerBuilderConfiguration'
2025-07-02T23:03:04.379-03:00 DEBUG 9660 --- [Sistema de GestÃ£o AcadÃªmica] [           main] o.s.b.f.s.DefaultListableBeanFactory     : Creating shared instance of singleton bean 'taskSchedulerBuilder'
2025-07-02T23:03:04.379-03:00 DEBUG 9660 --- [Sistema de GestÃ£o AcadÃªmica] [           main] o.s.b.f.s.DefaultListableBeanFactory     : Autowiring by type from bean name 'taskSchedulerBuilder' via factory method to bean named 'spring.task.scheduling-org.springframework.boot.autoconfigure.task.TaskSchedulingProperties'
2025-07-02T23:03:04.382-03:00 DEBUG 9660 --- [Sistema de GestÃ£o AcadÃªmica] [           main] o.s.b.f.s.DefaultListableBeanFactory     : Creating shared instance of singleton bean 'org.springframework.boot.autoconfigure.task.TaskSchedulingConfigurations$SimpleAsyncTaskSchedulerBuilderConfiguration'
2025-07-02T23:03:04.382-03:00 DEBUG 9660 --- [Sistema de GestÃ£o AcadÃªmica] [           main] o.s.b.f.s.DefaultListableBeanFactory     : Autowiring by type from bean name 'org.springframework.boot.autoconfigure.task.TaskSchedulingConfigurations$SimpleAsyncTaskSchedulerBuilderConfiguration' via constructor to bean named 'spring.task.scheduling-org.springframework.boot.autoconfigure.task.TaskSchedulingProperties'
2025-07-02T23:03:04.385-03:00 DEBUG 9660 --- [Sistema de GestÃ£o AcadÃªmica] [           main] o.s.b.f.s.DefaultListableBeanFactory     : Creating shared instance of singleton bean 'simpleAsyncTaskSchedulerBuilder'
2025-07-02T23:03:04.385-03:00 DEBUG 9660 --- [Sistema de GestÃ£o AcadÃªmica] [           main] o.s.b.f.s.DefaultListableBeanFactory     : Creating shared instance of singleton bean 'org.springframework.boot.autoconfigure.task.TaskSchedulingAutoConfiguration'
2025-07-02T23:03:04.390-03:00 DEBUG 9660 --- [Sistema de GestÃ£o AcadÃªmica] [           main] o.s.b.f.s.DefaultListableBeanFactory     : Creating shared instance of singleton bean 'org.springframework.boot.autoconfigure.thymeleaf.ThymeleafAutoConfiguration$ThymeleafWebMvcConfiguration'
2025-07-02T23:03:04.395-03:00 DEBUG 9660 --- [Sistema de GestÃ£o AcadÃªmica] [           main] o.s.b.f.s.DefaultListableBeanFactory     : Creating shared instance of singleton bean 'org.springframework.boot.autoconfigure.thymeleaf.ThymeleafAutoConfiguration'
2025-07-02T23:03:04.396-03:00 DEBUG 9660 --- [Sistema de GestÃ£o AcadÃªmica] [           main] o.s.b.f.s.DefaultListableBeanFactory     : Creating shared instance of singleton bean 'org.springframework.boot.autoconfigure.jdbc.DataSourceTransactionManagerAutoConfiguration$JdbcTransactionManagerConfiguration'
2025-07-02T23:03:04.396-03:00 DEBUG 9660 --- [Sistema de GestÃ£o AcadÃªmica] [           main] o.s.b.f.s.DefaultListableBeanFactory     : Creating shared instance of singleton bean 'org.springframework.boot.autoconfigure.jdbc.DataSourceTransactionManagerAutoConfiguration'
2025-07-02T23:03:04.396-03:00 DEBUG 9660 --- [Sistema de GestÃ£o AcadÃªmica] [           main] o.s.b.f.s.DefaultListableBeanFactory     : Creating shared instance of singleton bean 'org.springframework.boot.autoconfigure.transaction.TransactionAutoConfiguration$EnableTransactionManagementConfiguration$CglibAutoProxyConfiguration'
2025-07-02T23:03:04.398-03:00 DEBUG 9660 --- [Sistema de GestÃ£o AcadÃªmica] [           main] o.s.b.f.s.DefaultListableBeanFactory     : Creating shared instance of singleton bean 'org.springframework.boot.autoconfigure.transaction.TransactionAutoConfiguration$EnableTransactionManagementConfiguration'
2025-07-02T23:03:04.398-03:00 DEBUG 9660 --- [Sistema de GestÃ£o AcadÃªmica] [           main] o.s.b.f.s.DefaultListableBeanFactory     : Creating shared instance of singleton bean 'org.springframework.boot.autoconfigure.transaction.TransactionAutoConfiguration$TransactionTemplateConfiguration'
2025-07-02T23:03:04.398-03:00 DEBUG 9660 --- [Sistema de GestÃ£o AcadÃªmica] [           main] o.s.b.f.s.DefaultListableBeanFactory     : Creating shared instance of singleton bean 'transactionTemplate'
2025-07-02T23:03:04.398-03:00 DEBUG 9660 --- [Sistema de GestÃ£o AcadÃªmica] [           main] o.s.b.f.s.DefaultListableBeanFactory     : Autowiring by type from bean name 'transactionTemplate' via factory method to bean named 'transactionManager'
2025-07-02T23:03:04.398-03:00 DEBUG 9660 --- [Sistema de GestÃ£o AcadÃªmica] [           main] o.s.b.f.s.DefaultListableBeanFactory     : Creating shared instance of singleton bean 'org.springframework.boot.autoconfigure.transaction.TransactionAutoConfiguration'
2025-07-02T23:03:04.406-03:00 DEBUG 9660 --- [Sistema de GestÃ£o AcadÃªmica] [           main] o.s.b.f.s.DefaultListableBeanFactory     : Creating shared instance of singleton bean 'org.springframework.boot.autoconfigure.web.client.RestClientAutoConfiguration'
2025-07-02T23:03:04.411-03:00 DEBUG 9660 --- [Sistema de GestÃ£o AcadÃªmica] [           main] o.s.b.f.s.DefaultListableBeanFactory     : Creating shared instance of singleton bean 'httpMessageConvertersRestClientCustomizer'
2025-07-02T23:03:04.411-03:00 DEBUG 9660 --- [Sistema de GestÃ£o AcadÃªmica] [           main] o.s.b.f.s.DefaultListableBeanFactory     : Creating shared instance of singleton bean 'restClientSsl'
2025-07-02T23:03:04.414-03:00 DEBUG 9660 --- [Sistema de GestÃ£o AcadÃªmica] [           main] o.s.b.f.s.DefaultListableBeanFactory     : Autowiring by type from bean name 'restClientSsl' via factory method to bean named 'sslBundleRegistry'
2025-07-02T23:03:04.414-03:00 DEBUG 9660 --- [Sistema de GestÃ£o AcadÃªmica] [           main] o.s.b.f.s.DefaultListableBeanFactory     : Creating shared instance of singleton bean 'restClientBuilderConfigurer'
2025-07-02T23:03:04.417-03:00 DEBUG 9660 --- [Sistema de GestÃ£o AcadÃªmica] [           main] o.s.b.f.s.DefaultListableBeanFactory     : Creating shared instance of singleton bean 'org.springframework.boot.autoconfigure.web.client.RestTemplateAutoConfiguration'
2025-07-02T23:03:04.417-03:00 DEBUG 9660 --- [Sistema de GestÃ£o AcadÃªmica] [           main] o.s.b.f.s.DefaultListableBeanFactory     : Creating shared instance of singleton bean 'characterEncodingFilter'
2025-07-02T23:03:04.417-03:00 DEBUG 9660 --- [Sistema de GestÃ£o AcadÃªmica] [           main] o.s.b.f.s.DefaultListableBeanFactory     : Creating shared instance of singleton bean 'multipartResolver'
2025-07-02T23:03:04.452-03:00 DEBUG 9660 --- [Sistema de GestÃ£o AcadÃªmica] [           main] o.s.c.support.DefaultLifecycleProcessor  : Starting beans in phase -2147483647
2025-07-02T23:03:04.452-03:00 DEBUG 9660 --- [Sistema de GestÃ£o AcadÃªmica] [           main] o.s.c.support.DefaultLifecycleProcessor  : Successfully started bean 'springBootLoggingLifecycle'
2025-07-02T23:03:04.452-03:00 DEBUG 9660 --- [Sistema de GestÃ£o AcadÃªmica] [           main] o.s.c.support.DefaultLifecycleProcessor  : Starting beans in phase 2147483647
2025-07-02T23:03:04.492-03:00 DEBUG 9660 --- [Sistema de GestÃ£o AcadÃªmica] [           main] .s.b.a.l.ConditionEvaluationReportLogger : 


============================
CONDITIONS EVALUATION REPORT
============================


Positive matches:
-----------------

   AopAutoConfiguration matched:
      - @ConditionalOnProperty (spring.aop.auto=true) matched (OnPropertyCondition)

   AopAutoConfiguration.AspectJAutoProxyingConfiguration matched:
      - @ConditionalOnClass found required class 'org.aspectj.weaver.Advice' (OnClassCondition)

   AopAutoConfiguration.AspectJAutoProxyingConfiguration.CglibAutoProxyConfiguration matched:
      - @ConditionalOnProperty (spring.aop.proxy-target-class=true) matched (OnPropertyCondition)

   ApplicationAvailabilityAutoConfiguration#applicationAvailability matched:
      - @ConditionalOnMissingBean (types: org.springframework.boot.availability.ApplicationAvailability; SearchStrategy: all) did not find any beans (OnBeanCondition)

   DataSourceAutoConfiguration matched:
      - @ConditionalOnClass found required classes 'javax.sql.DataSource', 'org.springframework.jdbc.datasource.embedded.EmbeddedDatabaseType' (OnClassCondition)
      - @ConditionalOnMissingBean (types: io.r2dbc.spi.ConnectionFactory; SearchStrategy: all) did not find any beans (OnBeanCondition)

   DataSourceAutoConfiguration.PooledDataSourceConfiguration matched:
      - AnyNestedCondition 1 matched 1 did not; NestedCondition on DataSourceAutoConfiguration.PooledDataSourceCondition.PooledDataSourceAvailable PooledDataSource found supported DataSource; NestedCondition on DataSourceAutoConfiguration.PooledDataSourceCondition.ExplicitType @ConditionalOnProperty (spring.datasource.type) did not find property 'type' (DataSourceAutoConfiguration.PooledDataSourceCondition)
      - @ConditionalOnMissingBean (types: javax.sql.DataSource,javax.sql.XADataSource; SearchStrategy: all) did not find any beans (OnBeanCondition)

   DataSourceAutoConfiguration.PooledDataSourceConfiguration#jdbcConnectionDetails matched:
      - @ConditionalOnMissingBean (types: org.springframework.boot.autoconfigure.jdbc.JdbcConnectionDetails; SearchStrategy: all) did not find any beans (OnBeanCondition)

   DataSourceConfiguration.Hikari matched:
      - @ConditionalOnClass found required class 'com.zaxxer.hikari.HikariDataSource' (OnClassCondition)
      - @ConditionalOnProperty (spring.datasource.type=com.zaxxer.hikari.HikariDataSource) matched (OnPropertyCondition)
      - @ConditionalOnMissingBean (types: javax.sql.DataSource; SearchStrategy: all) did not find any beans (OnBeanCondition)

   DataSourcePoolMetadataProvidersConfiguration.HikariPoolDataSourceMetadataProviderConfiguration matched:
      - @ConditionalOnClass found required class 'com.zaxxer.hikari.HikariDataSource' (OnClassCondition)

   DataSourceTransactionManagerAutoConfiguration matched:
      - @ConditionalOnClass found required classes 'org.springframework.jdbc.core.JdbcTemplate', 'org.springframework.transaction.TransactionManager' (OnClassCondition)

   DataSourceTransactionManagerAutoConfiguration.JdbcTransactionManagerConfiguration matched:
      - @ConditionalOnSingleCandidate (types: javax.sql.DataSource; SearchStrategy: all) found a single bean 'dataSource' (OnBeanCondition)

   DispatcherServletAutoConfiguration matched:
      - @ConditionalOnClass found required class 'org.springframework.web.servlet.DispatcherServlet' (OnClassCondition)
      - found 'session' scope (OnWebApplicationCondition)

   DispatcherServletAutoConfiguration.DispatcherServletConfiguration matched:
      - @ConditionalOnClass found required class 'jakarta.servlet.ServletRegistration' (OnClassCondition)
      - Default DispatcherServlet did not find dispatcher servlet beans (DispatcherServletAutoConfiguration.DefaultDispatcherServletCondition)

   DispatcherServletAutoConfiguration.DispatcherServletRegistrationConfiguration matched:
      - @ConditionalOnClass found required class 'jakarta.servlet.ServletRegistration' (OnClassCondition)
      - DispatcherServlet Registration did not find servlet registration bean (DispatcherServletAutoConfiguration.DispatcherServletRegistrationCondition)

   DispatcherServletAutoConfiguration.DispatcherServletRegistrationConfiguration#dispatcherServletRegistration matched:
      - @ConditionalOnBean (names: dispatcherServlet types: org.springframework.web.servlet.DispatcherServlet; SearchStrategy: all) found bean 'dispatcherServlet' (OnBeanCondition)

   ErrorMvcAutoConfiguration matched:
      - @ConditionalOnClass found required classes 'jakarta.servlet.Servlet', 'org.springframework.web.servlet.DispatcherServlet' (OnClassCondition)
      - found 'session' scope (OnWebApplicationCondition)

   ErrorMvcAutoConfiguration#basicErrorController matched:
      - @ConditionalOnMissingBean (types: org.springframework.boot.web.servlet.error.ErrorController; SearchStrategy: current) did not find any beans (OnBeanCondition)

   ErrorMvcAutoConfiguration#errorAttributes matched:
      - @ConditionalOnMissingBean (types: org.springframework.boot.web.servlet.error.ErrorAttributes; SearchStrategy: current) did not find any beans (OnBeanCondition)

   ErrorMvcAutoConfiguration.DefaultErrorViewResolverConfiguration#conventionErrorViewResolver matched:
      - @ConditionalOnBean (types: org.springframework.web.servlet.DispatcherServlet; SearchStrategy: all) found bean 'dispatcherServlet'; @ConditionalOnMissingBean (types: org.springframework.boot.autoconfigure.web.servlet.error.ErrorViewResolver; SearchStrategy: all) did not find any beans (OnBeanCondition)

   GenericCacheConfiguration matched:
      - Cache org.springframework.boot.autoconfigure.cache.GenericCacheConfiguration automatic cache type (CacheCondition)

   H2ConsoleAutoConfiguration matched:
      - @ConditionalOnClass found required class 'org.h2.server.web.JakartaWebServlet' (OnClassCondition)
      - found 'session' scope (OnWebApplicationCondition)
      - @ConditionalOnProperty (spring.h2.console.enabled=true) matched (OnPropertyCondition)

   HibernateJpaAutoConfiguration matched:
      - @ConditionalOnClass found required classes 'org.springframework.orm.jpa.LocalContainerEntityManagerFactoryBean', 'jakarta.persistence.EntityManager', 'org.hibernate.engine.spi.SessionImplementor' (OnClassCondition)

   HibernateJpaConfiguration matched:
      - @ConditionalOnSingleCandidate (types: javax.sql.DataSource; SearchStrategy: all) found a single bean 'dataSource' (OnBeanCondition)

   HttpEncodingAutoConfiguration matched:
      - @ConditionalOnClass found required class 'org.springframework.web.filter.CharacterEncodingFilter' (OnClassCondition)
      - found 'session' scope (OnWebApplicationCondition)
      - @ConditionalOnProperty (server.servlet.encoding.enabled) matched (OnPropertyCondition)

   HttpEncodingAutoConfiguration#characterEncodingFilter matched:
      - @ConditionalOnMissingBean (types: org.springframework.web.filter.CharacterEncodingFilter; SearchStrategy: all) did not find any beans (OnBeanCondition)

   HttpMessageConvertersAutoConfiguration matched:
      - @ConditionalOnClass found required class 'org.springframework.http.converter.HttpMessageConverter' (OnClassCondition)
      - NoneNestedConditions 0 matched 1 did not; NestedCondition on HttpMessageConvertersAutoConfiguration.NotReactiveWebApplicationCondition.ReactiveWebApplication did not find reactive web application classes (HttpMessageConvertersAutoConfiguration.NotReactiveWebApplicationCondition)

   HttpMessageConvertersAutoConfiguration#messageConverters matched:
      - @ConditionalOnMissingBean (types: org.springframework.boot.autoconfigure.http.HttpMessageConverters; SearchStrategy: all) did not find any beans (OnBeanCondition)

   HttpMessageConvertersAutoConfiguration.StringHttpMessageConverterConfiguration matched:
      - @ConditionalOnClass found required class 'org.springframework.http.converter.StringHttpMessageConverter' (OnClassCondition)

   HttpMessageConvertersAutoConfiguration.StringHttpMessageConverterConfiguration#stringHttpMessageConverter matched:
      - @ConditionalOnMissingBean (types: org.springframework.http.converter.StringHttpMessageConverter; SearchStrategy: all) did not find any beans (OnBeanCondition)

   JacksonAutoConfiguration matched:
      - @ConditionalOnClass found required class 'com.fasterxml.jackson.databind.ObjectMapper' (OnClassCondition)

   JacksonAutoConfiguration.Jackson2ObjectMapperBuilderCustomizerConfiguration matched:
      - @ConditionalOnClass found required class 'org.springframework.http.converter.json.Jackson2ObjectMapperBuilder' (OnClassCondition)

   JacksonAutoConfiguration.JacksonObjectMapperBuilderConfiguration matched:
      - @ConditionalOnClass found required class 'org.springframework.http.converter.json.Jackson2ObjectMapperBuilder' (OnClassCondition)

   JacksonAutoConfiguration.JacksonObjectMapperBuilderConfiguration#jacksonObjectMapperBuilder matched:
      - @ConditionalOnMissingBean (types: org.springframework.http.converter.json.Jackson2ObjectMapperBuilder; SearchStrategy: all) did not find any beans (OnBeanCondition)

   JacksonAutoConfiguration.JacksonObjectMapperConfiguration matched:
      - @ConditionalOnClass found required class 'org.springframework.http.converter.json.Jackson2ObjectMapperBuilder' (OnClassCondition)

   JacksonAutoConfiguration.JacksonObjectMapperConfiguration#jacksonObjectMapper matched:
      - @ConditionalOnMissingBean (types: com.fasterxml.jackson.databind.ObjectMapper; SearchStrategy: all) did not find any beans (OnBeanCondition)

   JacksonAutoConfiguration.ParameterNamesModuleConfiguration matched:
      - @ConditionalOnClass found required class 'com.fasterxml.jackson.module.paramnames.ParameterNamesModule' (OnClassCondition)

   JacksonAutoConfiguration.ParameterNamesModuleConfiguration#parameterNamesModule matched:
      - @ConditionalOnMissingBean (types: com.fasterxml.jackson.module.paramnames.ParameterNamesModule; SearchStrategy: all) did not find any beans (OnBeanCondition)

   JacksonHttpMessageConvertersConfiguration.MappingJackson2HttpMessageConverterConfiguration matched:
      - @ConditionalOnClass found required class 'com.fasterxml.jackson.databind.ObjectMapper' (OnClassCondition)
      - @ConditionalOnProperty (spring.mvc.converters.preferred-json-mapper=jackson) matched (OnPropertyCondition)
      - @ConditionalOnBean (types: com.fasterxml.jackson.databind.ObjectMapper; SearchStrategy: all) found bean 'jacksonObjectMapper' (OnBeanCondition)

   JacksonHttpMessageConvertersConfiguration.MappingJackson2HttpMessageConverterConfiguration#mappingJackson2HttpMessageConverter matched:
      - @ConditionalOnMissingBean (types: org.springframework.http.converter.json.MappingJackson2HttpMessageConverter ignored: org.springframework.hateoas.server.mvc.TypeConstrainedMappingJackson2HttpMessageConverter,org.springframework.data.rest.webmvc.alps.AlpsJsonHttpMessageConverter; SearchStrategy: all) did not find any beans (OnBeanCondition)

   JdbcClientAutoConfiguration matched:
      - @ConditionalOnSingleCandidate (types: org.springframework.jdbc.core.namedparam.NamedParameterJdbcTemplate; SearchStrategy: all) found a single bean 'namedParameterJdbcTemplate'; @ConditionalOnMissingBean (types: org.springframework.jdbc.core.simple.JdbcClient; SearchStrategy: all) did not find any beans (OnBeanCondition)

   JdbcTemplateAutoConfiguration matched:
      - @ConditionalOnClass found required classes 'javax.sql.DataSource', 'org.springframework.jdbc.core.JdbcTemplate' (OnClassCondition)
      - @ConditionalOnSingleCandidate (types: javax.sql.DataSource; SearchStrategy: all) found a single bean 'dataSource' (OnBeanCondition)

   JdbcTemplateConfiguration matched:
      - @ConditionalOnMissingBean (types: org.springframework.jdbc.core.JdbcOperations; SearchStrategy: all) did not find any beans (OnBeanCondition)

   JpaBaseConfiguration#entityManagerFactory matched:
      - @ConditionalOnMissingBean (types: org.springframework.orm.jpa.LocalContainerEntityManagerFactoryBean,jakarta.persistence.EntityManagerFactory; SearchStrategy: all) did not find any beans (OnBeanCondition)

   JpaBaseConfiguration#entityManagerFactoryBuilder matched:
      - @ConditionalOnMissingBean (types: org.springframework.boot.orm.jpa.EntityManagerFactoryBuilder; SearchStrategy: all) did not find any beans (OnBeanCondition)

   JpaBaseConfiguration#jpaVendorAdapter matched:
      - @ConditionalOnMissingBean (types: org.springframework.orm.jpa.JpaVendorAdapter; SearchStrategy: all) did not find any beans (OnBeanCondition)

   JpaBaseConfiguration#transactionManager matched:
      - @ConditionalOnMissingBean (types: org.springframework.transaction.TransactionManager; SearchStrategy: all) did not find any beans (OnBeanCondition)

   JpaBaseConfiguration.JpaWebConfiguration matched:
      - @ConditionalOnClass found required class 'org.springframework.web.servlet.config.annotation.WebMvcConfigurer' (OnClassCondition)
      - found 'session' scope (OnWebApplicationCondition)
      - @ConditionalOnProperty (spring.jpa.open-in-view=true) matched (OnPropertyCondition)
      - @ConditionalOnMissingBean (types: org.springframework.orm.jpa.support.OpenEntityManagerInViewInterceptor,org.springframework.orm.jpa.support.OpenEntityManagerInViewFilter; SearchStrategy: all) did not find any beans (OnBeanCondition)

   JpaBaseConfiguration.PersistenceManagedTypesConfiguration matched:
      - @ConditionalOnMissingBean (types: org.springframework.orm.jpa.LocalContainerEntityManagerFactoryBean,jakarta.persistence.EntityManagerFactory; SearchStrategy: all) did not find any beans (OnBeanCondition)

   JpaBaseConfiguration.PersistenceManagedTypesConfiguration#persistenceManagedTypes matched:
      - @ConditionalOnMissingBean (types: org.springframework.orm.jpa.persistenceunit.PersistenceManagedTypes; SearchStrategy: all) did not find any beans (OnBeanCondition)

   JpaRepositoriesAutoConfiguration matched:
      - @ConditionalOnClass found required class 'org.springframework.data.jpa.repository.JpaRepository' (OnClassCondition)
      - @ConditionalOnProperty (spring.data.jpa.repositories.enabled=true) matched (OnPropertyCondition)
      - @ConditionalOnBean (types: javax.sql.DataSource; SearchStrategy: all) found bean 'dataSource'; @ConditionalOnMissingBean (types: org.springframework.data.jpa.repository.support.JpaRepositoryFactoryBean,org.springframework.data.jpa.repository.config.JpaRepositoryConfigExtension; SearchStrategy: all) did not find any beans (OnBeanCondition)

   JtaAutoConfiguration matched:
      - @ConditionalOnClass found required class 'jakarta.transaction.Transaction' (OnClassCondition)
      - @ConditionalOnProperty (spring.jta.enabled) matched (OnPropertyCondition)

   LifecycleAutoConfiguration#defaultLifecycleProcessor matched:
      - @ConditionalOnMissingBean (names: lifecycleProcessor; SearchStrategy: current) did not find any beans (OnBeanCondition)

   MultipartAutoConfiguration matched:
      - @ConditionalOnClass found required classes 'jakarta.servlet.Servlet', 'org.springframework.web.multipart.support.StandardServletMultipartResolver', 'jakarta.servlet.MultipartConfigElement' (OnClassCondition)
      - found 'session' scope (OnWebApplicationCondition)
      - @ConditionalOnProperty (spring.servlet.multipart.enabled) matched (OnPropertyCondition)

   MultipartAutoConfiguration#multipartConfigElement matched:
      - @ConditionalOnMissingBean (types: jakarta.servlet.MultipartConfigElement; SearchStrategy: all) did not find any beans (OnBeanCondition)

   MultipartAutoConfiguration#multipartResolver matched:
      - @ConditionalOnMissingBean (types: org.springframework.web.multipart.MultipartResolver; SearchStrategy: all) did not find any beans (OnBeanCondition)

   NamedParameterJdbcTemplateConfiguration matched:
      - @ConditionalOnSingleCandidate (types: org.springframework.jdbc.core.JdbcTemplate; SearchStrategy: all) found a single bean 'jdbcTemplate'; @ConditionalOnMissingBean (types: org.springframework.jdbc.core.namedparam.NamedParameterJdbcOperations; SearchStrategy: all) did not find any beans (OnBeanCondition)

   NoOpCacheConfiguration matched:
      - Cache org.springframework.boot.autoconfigure.cache.NoOpCacheConfiguration automatic cache type (CacheCondition)

   PersistenceExceptionTranslationAutoConfiguration matched:
      - @ConditionalOnClass found required class 'org.springframework.dao.annotation.PersistenceExceptionTranslationPostProcessor' (OnClassCondition)

   PersistenceExceptionTranslationAutoConfiguration#persistenceExceptionTranslationPostProcessor matched:
      - @ConditionalOnProperty (spring.dao.exceptiontranslation.enabled) matched (OnPropertyCondition)
      - @ConditionalOnMissingBean (types: org.springframework.dao.annotation.PersistenceExceptionTranslationPostProcessor; SearchStrategy: all) did not find any beans (OnBeanCondition)

   PropertyPlaceholderAutoConfiguration#propertySourcesPlaceholderConfigurer matched:
      - @ConditionalOnMissingBean (types: org.springframework.context.support.PropertySourcesPlaceholderConfigurer; SearchStrategy: current) did not find any beans (OnBeanCondition)

   RestClientAutoConfiguration matched:
      - @ConditionalOnClass found required class 'org.springframework.web.client.RestClient' (OnClassCondition)
      - NoneNestedConditions 0 matched 1 did not; NestedCondition on NotReactiveWebApplicationCondition.ReactiveWebApplication did not find reactive web application classes (NotReactiveWebApplicationCondition)

   RestClientAutoConfiguration#httpMessageConvertersRestClientCustomizer matched:
      - @ConditionalOnMissingBean (types: org.springframework.boot.autoconfigure.web.client.HttpMessageConvertersRestClientCustomizer; SearchStrategy: all) did not find any beans (OnBeanCondition)

   RestClientAutoConfiguration#restClientBuilder matched:
      - @ConditionalOnMissingBean (types: org.springframework.web.client.RestClient$Builder; SearchStrategy: all) did not find any beans (OnBeanCondition)

   RestClientAutoConfiguration#restClientBuilderConfigurer matched:
      - @ConditionalOnMissingBean (types: org.springframework.boot.autoconfigure.web.client.RestClientBuilderConfigurer; SearchStrategy: all) did not find any beans (OnBeanCondition)

   RestClientAutoConfiguration#restClientSsl matched:
      - @ConditionalOnBean (types: org.springframework.boot.ssl.SslBundles; SearchStrategy: all) found bean 'sslBundleRegistry'; @ConditionalOnMissingBean (types: org.springframework.boot.autoconfigure.web.client.RestClientSsl; SearchStrategy: all) did not find any beans (OnBeanCondition)

   RestTemplateAutoConfiguration matched:
      - @ConditionalOnClass found required class 'org.springframework.web.client.RestTemplate' (OnClassCondition)
      - NoneNestedConditions 0 matched 1 did not; NestedCondition on NotReactiveWebApplicationCondition.ReactiveWebApplication did not find reactive web application classes (NotReactiveWebApplicationCondition)

   RestTemplateAutoConfiguration#restTemplateBuilder matched:
      - @ConditionalOnMissingBean (types: org.springframework.boot.web.client.RestTemplateBuilder; SearchStrategy: all) did not find any beans (OnBeanCondition)

   ServletWebServerFactoryAutoConfiguration matched:
      - @ConditionalOnClass found required class 'jakarta.servlet.ServletRequest' (OnClassCondition)
      - found 'session' scope (OnWebApplicationCondition)

   ServletWebServerFactoryAutoConfiguration#tomcatServletWebServerFactoryCustomizer matched:
      - @ConditionalOnClass found required class 'org.apache.catalina.startup.Tomcat' (OnClassCondition)

   ServletWebServerFactoryConfiguration.EmbeddedTomcat matched:
      - @ConditionalOnClass found required classes 'jakarta.servlet.Servlet', 'org.apache.catalina.startup.Tomcat', 'org.apache.coyote.UpgradeProtocol' (OnClassCondition)
      - @ConditionalOnMissingBean (types: org.springframework.boot.web.servlet.server.ServletWebServerFactory; SearchStrategy: current) did not find any beans (OnBeanCondition)

   SimpleCacheConfiguration matched:
      - Cache org.springframework.boot.autoconfigure.cache.SimpleCacheConfiguration automatic cache type (CacheCondition)

   SpringDataWebAutoConfiguration matched:
      - @ConditionalOnClass found required classes 'org.springframework.data.web.PageableHandlerMethodArgumentResolver', 'org.springframework.web.servlet.config.annotation.WebMvcConfigurer' (OnClassCondition)
      - found 'session' scope (OnWebApplicationCondition)
      - @ConditionalOnMissingBean (types: org.springframework.data.web.PageableHandlerMethodArgumentResolver; SearchStrategy: all) did not find any beans (OnBeanCondition)

   SpringDataWebAutoConfiguration#pageableCustomizer matched:
      - @ConditionalOnMissingBean (types: org.springframework.data.web.config.PageableHandlerMethodArgumentResolverCustomizer; SearchStrategy: all) did not find any beans (OnBeanCondition)

   SpringDataWebAutoConfiguration#sortCustomizer matched:
      - @ConditionalOnMissingBean (types: org.springframework.data.web.config.SortHandlerMethodArgumentResolverCustomizer; SearchStrategy: all) did not find any beans (OnBeanCondition)

   SslAutoConfiguration#sslBundleRegistry matched:
      - @ConditionalOnMissingBean (types: org.springframework.boot.ssl.SslBundleRegistry,org.springframework.boot.ssl.SslBundles; SearchStrategy: all) did not find any beans (OnBeanCondition)

   TaskExecutionAutoConfiguration matched:
      - @ConditionalOnClass found required class 'org.springframework.scheduling.concurrent.ThreadPoolTaskExecutor' (OnClassCondition)

   TaskExecutorConfigurations.SimpleAsyncTaskExecutorBuilderConfiguration#simpleAsyncTaskExecutorBuilder matched:
      - @ConditionalOnMissingBean (types: org.springframework.boot.task.SimpleAsyncTaskExecutorBuilder; SearchStrategy: all) did not find any beans (OnBeanCondition)
      - @ConditionalOnThreading found PLATFORM (OnThreadingCondition)

   TaskExecutorConfigurations.TaskExecutorBuilderConfiguration#taskExecutorBuilder matched:
      - @ConditionalOnMissingBean (types: org.springframework.boot.task.TaskExecutorBuilder; SearchStrategy: all) did not find any beans (OnBeanCondition)

   TaskExecutorConfigurations.TaskExecutorConfiguration matched:
      - @ConditionalOnMissingBean (types: java.util.concurrent.Executor; SearchStrategy: all) did not find any beans (OnBeanCondition)

   TaskExecutorConfigurations.TaskExecutorConfiguration#applicationTaskExecutor matched:
      - @ConditionalOnThreading found PLATFORM (OnThreadingCondition)

   TaskExecutorConfigurations.ThreadPoolTaskExecutorBuilderConfiguration#threadPoolTaskExecutorBuilder matched:
      - @ConditionalOnMissingBean (types: org.springframework.boot.task.TaskExecutorBuilder,org.springframework.boot.task.ThreadPoolTaskExecutorBuilder; SearchStrategy: all) did not find any beans (OnBeanCondition)

   TaskSchedulingAutoConfiguration matched:
      - @ConditionalOnClass found required class 'org.springframework.scheduling.concurrent.ThreadPoolTaskScheduler' (OnClassCondition)

   TaskSchedulingConfigurations.SimpleAsyncTaskSchedulerBuilderConfiguration#simpleAsyncTaskSchedulerBuilder matched:
      - @ConditionalOnMissingBean (types: org.springframework.boot.task.SimpleAsyncTaskSchedulerBuilder; SearchStrategy: all) did not find any beans (OnBeanCondition)
      - @ConditionalOnThreading found PLATFORM (OnThreadingCondition)

   TaskSchedulingConfigurations.TaskSchedulerBuilderConfiguration#taskSchedulerBuilder matched:
      - @ConditionalOnMissingBean (types: org.springframework.boot.task.TaskSchedulerBuilder; SearchStrategy: all) did not find any beans (OnBeanCondition)

   TaskSchedulingConfigurations.ThreadPoolTaskSchedulerBuilderConfiguration#threadPoolTaskSchedulerBuilder matched:
      - @ConditionalOnMissingBean (types: org.springframework.boot.task.TaskSchedulerBuilder,org.springframework.boot.task.ThreadPoolTaskSchedulerBuilder; SearchStrategy: all) did not find any beans (OnBeanCondition)

   TemplateEngineConfigurations.DefaultTemplateEngineConfiguration#templateEngine matched:
      - @ConditionalOnMissingBean (types: org.thymeleaf.spring6.ISpringTemplateEngine; SearchStrategy: all) did not find any beans (OnBeanCondition)

   ThymeleafAutoConfiguration matched:
      - @ConditionalOnClass found required classes 'org.thymeleaf.templatemode.TemplateMode', 'org.thymeleaf.spring6.SpringTemplateEngine' (OnClassCondition)

   ThymeleafAutoConfiguration.DefaultTemplateResolverConfiguration matched:
      - @ConditionalOnMissingBean (names: defaultTemplateResolver; SearchStrategy: all) did not find any beans (OnBeanCondition)

   ThymeleafAutoConfiguration.ThymeleafWebMvcConfiguration matched:
      - found 'session' scope (OnWebApplicationCondition)
      - @ConditionalOnProperty (spring.thymeleaf.enabled) matched (OnPropertyCondition)

   ThymeleafAutoConfiguration.ThymeleafWebMvcConfiguration.ThymeleafViewResolverConfiguration#thymeleafViewResolver matched:
      - @ConditionalOnMissingBean (names: thymeleafViewResolver; SearchStrategy: all) did not find any beans (OnBeanCondition)

   TransactionAutoConfiguration matched:
      - @ConditionalOnClass found required class 'org.springframework.transaction.PlatformTransactionManager' (OnClassCondition)

   TransactionAutoConfiguration.EnableTransactionManagementConfiguration matched:
      - @ConditionalOnBean (types: org.springframework.transaction.TransactionManager; SearchStrategy: all) found bean 'transactionManager'; @ConditionalOnMissingBean (types: org.springframework.transaction.annotation.AbstractTransactionManagementConfiguration; SearchStrategy: all) did not find any beans (OnBeanCondition)

   TransactionAutoConfiguration.EnableTransactionManagementConfiguration.CglibAutoProxyConfiguration matched:
      - @ConditionalOnProperty (spring.aop.proxy-target-class=true) matched (OnPropertyCondition)

   TransactionAutoConfiguration.TransactionTemplateConfiguration matched:
      - @ConditionalOnSingleCandidate (types: org.springframework.transaction.PlatformTransactionManager; SearchStrategy: all) found a single bean 'transactionManager' (OnBeanCondition)

   TransactionAutoConfiguration.TransactionTemplateConfiguration#transactionTemplate matched:
      - @ConditionalOnMissingBean (types: org.springframework.transaction.support.TransactionOperations; SearchStrategy: all) did not find any beans (OnBeanCondition)

   TransactionManagerCustomizationAutoConfiguration matched:
      - @ConditionalOnClass found required class 'org.springframework.transaction.PlatformTransactionManager' (OnClassCondition)

   TransactionManagerCustomizationAutoConfiguration#platformTransactionManagerCustomizers matched:
      - @ConditionalOnMissingBean (types: org.springframework.boot.autoconfigure.transaction.TransactionManagerCustomizers; SearchStrategy: all) did not find any beans (OnBeanCondition)

   ValidationAutoConfiguration matched:
      - @ConditionalOnClass found required class 'jakarta.validation.executable.ExecutableValidator' (OnClassCondition)
      - @ConditionalOnResource found location classpath:META-INF/services/jakarta.validation.spi.ValidationProvider (OnResourceCondition)

   ValidationAutoConfiguration#defaultValidator matched:
      - @ConditionalOnMissingBean (types: jakarta.validation.Validator; SearchStrategy: all) did not find any beans (OnBeanCondition)

   ValidationAutoConfiguration#methodValidationPostProcessor matched:
      - @ConditionalOnMissingBean (types: org.springframework.validation.beanvalidation.MethodValidationPostProcessor; SearchStrategy: current) did not find any beans (OnBeanCondition)

   WebMvcAutoConfiguration matched:
      - @ConditionalOnClass found required classes 'jakarta.servlet.Servlet', 'org.springframework.web.servlet.DispatcherServlet', 'org.springframework.web.servlet.config.annotation.WebMvcConfigurer' (OnClassCondition)
      - found 'session' scope (OnWebApplicationCondition)
      - @ConditionalOnMissingBean (types: org.springframework.web.servlet.config.annotation.WebMvcConfigurationSupport; SearchStrategy: all) did not find any beans (OnBeanCondition)

   WebMvcAutoConfiguration#formContentFilter matched:
      - @ConditionalOnProperty (spring.mvc.formcontent.filter.enabled) matched (OnPropertyCondition)
      - @ConditionalOnMissingBean (types: org.springframework.web.filter.FormContentFilter; SearchStrategy: all) did not find any beans (OnBeanCondition)

   WebMvcAutoConfiguration.EnableWebMvcConfiguration#flashMapManager matched:
      - @ConditionalOnMissingBean (names: flashMapManager; SearchStrategy: all) did not find any beans (OnBeanCondition)

   WebMvcAutoConfiguration.EnableWebMvcConfiguration#localeResolver matched:
      - @ConditionalOnMissingBean (names: localeResolver; SearchStrategy: all) did not find any beans (OnBeanCondition)

   WebMvcAutoConfiguration.EnableWebMvcConfiguration#themeResolver matched:
      - @ConditionalOnMissingBean (names: themeResolver; SearchStrategy: all) did not find any beans (OnBeanCondition)

   WebMvcAutoConfiguration.WebMvcAutoConfigurationAdapter#defaultViewResolver matched:
      - @ConditionalOnMissingBean (types: org.springframework.web.servlet.view.InternalResourceViewResolver; SearchStrategy: all) did not find any beans (OnBeanCondition)

   WebMvcAutoConfiguration.WebMvcAutoConfigurationAdapter#requestContextFilter matched:
      - @ConditionalOnMissingBean (types: org.springframework.web.context.request.RequestContextListener,org.springframework.web.filter.RequestContextFilter; SearchStrategy: all) did not find any beans (OnBeanCondition)

   WebMvcAutoConfiguration.WebMvcAutoConfigurationAdapter#viewResolver matched:
      - @ConditionalOnBean (types: org.springframework.web.servlet.ViewResolver; SearchStrategy: all) found beans 'defaultViewResolver', 'mvcViewResolver'; @ConditionalOnMissingBean (names: viewResolver types: org.springframework.web.servlet.view.ContentNegotiatingViewResolver; SearchStrategy: all) did not find any beans (OnBeanCondition)

   WebSocketServletAutoConfiguration matched:
      - @ConditionalOnClass found required classes 'jakarta.servlet.Servlet', 'jakarta.websocket.server.ServerContainer' (OnClassCondition)
      - found 'session' scope (OnWebApplicationCondition)

   WebSocketServletAutoConfiguration.TomcatWebSocketConfiguration matched:
      - @ConditionalOnClass found required classes 'org.apache.catalina.startup.Tomcat', 'org.apache.tomcat.websocket.server.WsSci' (OnClassCondition)

   WebSocketServletAutoConfiguration.TomcatWebSocketConfiguration#websocketServletWebServerCustomizer matched:
      - @ConditionalOnMissingBean (names: websocketServletWebServerCustomizer; SearchStrategy: all) did not find any beans (OnBeanCondition)


Negative matches:
-----------------

   ActiveMQAutoConfiguration:
      Did not match:
         - @ConditionalOnClass did not find required class 'jakarta.jms.ConnectionFactory' (OnClassCondition)

   AopAutoConfiguration.AspectJAutoProxyingConfiguration.JdkDynamicAutoProxyConfiguration:
      Did not match:
         - @ConditionalOnProperty (spring.aop.proxy-target-class=false) did not find property 'proxy-target-class' (OnPropertyCondition)

   AopAutoConfiguration.ClassProxyingConfiguration:
      Did not match:
         - @ConditionalOnMissingClass found unwanted class 'org.aspectj.weaver.Advice' (OnClassCondition)

   ArtemisAutoConfiguration:
      Did not match:
         - @ConditionalOnClass did not find required class 'jakarta.jms.ConnectionFactory' (OnClassCondition)

   BatchAutoConfiguration:
      Did not match:
         - @ConditionalOnClass did not find required class 'org.springframework.batch.core.launch.JobLauncher' (OnClassCondition)

   Cache2kCacheConfiguration:
      Did not match:
         - @ConditionalOnClass did not find required class 'org.cache2k.Cache2kBuilder' (OnClassCondition)

   CacheAutoConfiguration:
      Did not match:
         - @ConditionalOnBean (types: org.springframework.cache.interceptor.CacheAspectSupport; SearchStrategy: all) did not find any beans of type org.springframework.cache.interceptor.CacheAspectSupport (OnBeanCondition)
      Matched:
         - @ConditionalOnClass found required class 'org.springframework.cache.CacheManager' (OnClassCondition)

   CacheAutoConfiguration.CacheManagerEntityManagerFactoryDependsOnPostProcessor:
      Did not match:
         - Ancestor org.springframework.boot.autoconfigure.cache.CacheAutoConfiguration did not match (ConditionEvaluationReport.AncestorsMatchedCondition)
      Matched:
         - @ConditionalOnClass found required class 'org.springframework.orm.jpa.LocalContainerEntityManagerFactoryBean' (OnClassCondition)

   CaffeineCacheConfiguration:
      Did not match:
         - @ConditionalOnClass did not find required class 'com.github.benmanes.caffeine.cache.Caffeine' (OnClassCondition)

   CassandraAutoConfiguration:
      Did not match:
         - @ConditionalOnClass did not find required class 'com.datastax.oss.driver.api.core.CqlSession' (OnClassCondition)

   CassandraDataAutoConfiguration:
      Did not match:
         - @ConditionalOnClass did not find required class 'com.datastax.oss.driver.api.core.CqlSession' (OnClassCondition)

   CassandraReactiveDataAutoConfiguration:
      Did not match:
         - @ConditionalOnClass did not find required class 'com.datastax.oss.driver.api.core.CqlSession' (OnClassCondition)

   CassandraReactiveRepositoriesAutoConfiguration:
      Did not match:
         - @ConditionalOnClass did not find required class 'org.springframework.data.cassandra.ReactiveSession' (OnClassCondition)

   CassandraRepositoriesAutoConfiguration:
      Did not match:
         - @ConditionalOnClass did not find required class 'com.datastax.oss.driver.api.core.CqlSession' (OnClassCondition)

   ClientHttpConnectorAutoConfiguration:
      Did not match:
         - @ConditionalOnClass did not find required class 'org.springframework.web.reactive.function.client.WebClient' (OnClassCondition)

   CodecsAutoConfiguration:
      Did not match:
         - @ConditionalOnClass did not find required class 'org.springframework.web.reactive.function.client.WebClient' (OnClassCondition)

   CouchbaseAutoConfiguration:
      Did not match:
         - @ConditionalOnClass did not find required class 'com.couchbase.client.java.Cluster' (OnClassCondition)

   CouchbaseCacheConfiguration:
      Did not match:
         - @ConditionalOnClass did not find required class 'com.couchbase.client.java.Cluster' (OnClassCondition)

   CouchbaseDataAutoConfiguration:
      Did not match:
         - @ConditionalOnClass did not find required class 'com.couchbase.client.java.Bucket' (OnClassCondition)

   CouchbaseReactiveDataAutoConfiguration:
      Did not match:
         - @ConditionalOnClass did not find required class 'com.couchbase.client.java.Cluster' (OnClassCondition)

   CouchbaseReactiveRepositoriesAutoConfiguration:
      Did not match:
         - @ConditionalOnClass did not find required class 'com.couchbase.client.java.Cluster' (OnClassCondition)

   CouchbaseRepositoriesAutoConfiguration:
      Did not match:
         - @ConditionalOnClass did not find required class 'com.couchbase.client.java.Bucket' (OnClassCondition)

   DataSourceAutoConfiguration.EmbeddedDatabaseConfiguration:
      Did not match:
         - EmbeddedDataSource spring.datasource.url is set (DataSourceAutoConfiguration.EmbeddedDatabaseCondition)

   DataSourceCheckpointRestoreConfiguration:
      Did not match:
         - @ConditionalOnClass did not find required class 'org.crac.Resource' (OnClassCondition)

   DataSourceConfiguration.Dbcp2:
      Did not match:
         - @ConditionalOnClass did not find required class 'org.apache.commons.dbcp2.BasicDataSource' (OnClassCondition)

   DataSourceConfiguration.Generic:
      Did not match:
         - @ConditionalOnProperty (spring.datasource.type) did not find property 'spring.datasource.type' (OnPropertyCondition)

   DataSourceConfiguration.OracleUcp:
      Did not match:
         - @ConditionalOnClass did not find required classes 'oracle.ucp.jdbc.PoolDataSourceImpl', 'oracle.jdbc.OracleConnection' (OnClassCondition)

   DataSourceConfiguration.Tomcat:
      Did not match:
         - @ConditionalOnClass did not find required class 'org.apache.tomcat.jdbc.pool.DataSource' (OnClassCondition)

   DataSourceJmxConfiguration:
      Did not match:
         - @ConditionalOnProperty (spring.jmx.enabled=true) found different value in property 'enabled' (OnPropertyCondition)

   DataSourcePoolMetadataProvidersConfiguration.CommonsDbcp2PoolDataSourceMetadataProviderConfiguration:
      Did not match:
         - @ConditionalOnClass did not find required class 'org.apache.commons.dbcp2.BasicDataSource' (OnClassCondition)

   DataSourcePoolMetadataProvidersConfiguration.OracleUcpPoolDataSourceMetadataProviderConfiguration:
      Did not match:
         - @ConditionalOnClass did not find required classes 'oracle.ucp.jdbc.PoolDataSource', 'oracle.jdbc.OracleConnection' (OnClassCondition)

   DataSourcePoolMetadataProvidersConfiguration.TomcatDataSourcePoolMetadataProviderConfiguration:
      Did not match:
         - @ConditionalOnClass did not find required class 'org.apache.tomcat.jdbc.pool.DataSource' (OnClassCondition)

   DataSourceTransactionManagerAutoConfiguration.JdbcTransactionManagerConfiguration#transactionManager:
      Did not match:
         - @ConditionalOnMissingBean (types: org.springframework.transaction.TransactionManager; SearchStrategy: all) found beans of type 'org.springframework.transaction.TransactionManager' transactionManager (OnBeanCondition)

   DispatcherServletAutoConfiguration.DispatcherServletConfiguration#multipartResolver:
      Did not match:
         - @ConditionalOnBean (types: org.springframework.web.multipart.MultipartResolver; SearchStrategy: all) did not find any beans of type org.springframework.web.multipart.MultipartResolver (OnBeanCondition)

   ElasticsearchClientAutoConfiguration:
      Did not match:
         - @ConditionalOnClass did not find required class 'co.elastic.clients.elasticsearch.ElasticsearchClient' (OnClassCondition)

   ElasticsearchDataAutoConfiguration:
      Did not match:
         - @ConditionalOnClass did not find required class 'org.springframework.data.elasticsearch.client.elc.ElasticsearchTemplate' (OnClassCondition)

   ElasticsearchRepositoriesAutoConfiguration:
      Did not match:
         - @ConditionalOnClass did not find required class 'org.springframework.data.elasticsearch.repository.ElasticsearchRepository' (OnClassCondition)

   ElasticsearchRestClientAutoConfiguration:
      Did not match:
         - @ConditionalOnClass did not find required class 'org.elasticsearch.client.RestClientBuilder' (OnClassCondition)

   EmbeddedLdapAutoConfiguration:
      Did not match:
         - @ConditionalOnClass did not find required class 'com.unboundid.ldap.listener.InMemoryDirectoryServer' (OnClassCondition)

   EmbeddedWebServerFactoryCustomizerAutoConfiguration:
      Did not match:
         - Application is deployed as a WAR file. (OnWarDeploymentCondition)
      Matched:
         - @ConditionalOnWebApplication (required) found 'session' scope (OnWebApplicationCondition)

   ErrorMvcAutoConfiguration.WhitelabelErrorViewConfiguration:
      Did not match:
         - ErrorTemplate Missing found template from org.springframework.boot.autoconfigure.thymeleaf.ThymeleafTemplateAvailabilityProvider@3b0ee03a (ErrorMvcAutoConfiguration.ErrorTemplateMissingCondition)
      Matched:
         - @ConditionalOnProperty (server.error.whitelabel.enabled) matched (OnPropertyCondition)

   ErrorWebFluxAutoConfiguration:
      Did not match:
         - @ConditionalOnClass did not find required class 'org.springframework.web.reactive.config.WebFluxConfigurer' (OnClassCondition)

   FlywayAutoConfiguration:
      Did not match:
         - @ConditionalOnClass did not find required class 'org.flywaydb.core.Flyway' (OnClassCondition)

   FreeMarkerAutoConfiguration:
      Did not match:
         - @ConditionalOnClass did not find required class 'freemarker.template.Configuration' (OnClassCondition)

   GraphQlAutoConfiguration:
      Did not match:
         - @ConditionalOnClass did not find required class 'graphql.GraphQL' (OnClassCondition)

   GraphQlQueryByExampleAutoConfiguration:
      Did not match:
         - @ConditionalOnClass did not find required class 'graphql.GraphQL' (OnClassCondition)

   GraphQlQuerydslAutoConfiguration:
      Did not match:
         - @ConditionalOnClass did not find required class 'com.querydsl.core.Query' (OnClassCondition)

   GraphQlRSocketAutoConfiguration:
      Did not match:
         - @ConditionalOnClass did not find required class 'graphql.GraphQL' (OnClassCondition)

   GraphQlReactiveQueryByExampleAutoConfiguration:
      Did not match:
         - @ConditionalOnClass did not find required class 'graphql.GraphQL' (OnClassCondition)

   GraphQlReactiveQuerydslAutoConfiguration:
      Did not match:
         - @ConditionalOnClass did not find required class 'com.querydsl.core.Query' (OnClassCondition)

   GraphQlWebFluxAutoConfiguration:
      Did not match:
         - @ConditionalOnClass did not find required class 'graphql.GraphQL' (OnClassCondition)

   GraphQlWebFluxSecurityAutoConfiguration:
      Did not match:
         - @ConditionalOnClass did not find required class 'graphql.GraphQL' (OnClassCondition)

   GraphQlWebMvcAutoConfiguration:
      Did not match:
         - @ConditionalOnClass did not find required class 'graphql.GraphQL' (OnClassCondition)

   GraphQlWebMvcSecurityAutoConfiguration:
      Did not match:
         - @ConditionalOnClass did not find required class 'graphql.GraphQL' (OnClassCondition)

   GroovyTemplateAutoConfiguration:
      Did not match:
         - @ConditionalOnClass did not find required class 'groovy.text.markup.MarkupTemplateEngine' (OnClassCondition)

   GsonAutoConfiguration:
      Did not match:
         - @ConditionalOnClass did not find required class 'com.google.gson.Gson' (OnClassCondition)

   GsonHttpMessageConvertersConfiguration:
      Did not match:
         - @ConditionalOnClass did not find required class 'com.google.gson.Gson' (OnClassCondition)

   HazelcastAutoConfiguration:
      Did not match:
         - @ConditionalOnClass did not find required class 'com.hazelcast.core.HazelcastInstance' (OnClassCondition)

   HazelcastCacheConfiguration:
      Did not match:
         - @ConditionalOnClass did not find required class 'com.hazelcast.core.HazelcastInstance' (OnClassCondition)

   HazelcastJpaDependencyAutoConfiguration:
      Did not match:
         - @ConditionalOnClass did not find required class 'com.hazelcast.core.HazelcastInstance' (OnClassCondition)

   HttpHandlerAutoConfiguration:
      Did not match:
         - @ConditionalOnClass did not find required class 'org.springframework.web.reactive.DispatcherHandler' (OnClassCondition)

   HypermediaAutoConfiguration:
      Did not match:
         - @ConditionalOnClass did not find required class 'org.springframework.hateoas.EntityModel' (OnClassCondition)

   InfinispanCacheConfiguration:
      Did not match:
         - @ConditionalOnClass did not find required class 'org.infinispan.spring.embedded.provider.SpringEmbeddedCacheManager' (OnClassCondition)

   InfluxDbAutoConfiguration:
      Did not match:
         - @ConditionalOnClass did not find required class 'org.influxdb.InfluxDB' (OnClassCondition)

   IntegrationAutoConfiguration:
      Did not match:
         - @ConditionalOnClass did not find required class 'org.springframework.integration.config.EnableIntegration' (OnClassCondition)

   JCacheCacheConfiguration:
      Did not match:
         - @ConditionalOnClass did not find required class 'javax.cache.Caching' (OnClassCondition)

   JacksonHttpMessageConvertersConfiguration.MappingJackson2XmlHttpMessageConverterConfiguration:
      Did not match:
         - @ConditionalOnClass did not find required class 'com.fasterxml.jackson.dataformat.xml.XmlMapper' (OnClassCondition)

   JdbcRepositoriesAutoConfiguration:
      Did not match:
         - @ConditionalOnClass did not find required class 'org.springframework.data.jdbc.repository.config.AbstractJdbcConfiguration' (OnClassCondition)

   JerseyAutoConfiguration:
      Did not match:
         - @ConditionalOnClass did not find required class 'org.glassfish.jersey.server.spring.SpringComponentProvider' (OnClassCondition)

   JmsAutoConfiguration:
      Did not match:
         - @ConditionalOnClass did not find required class 'jakarta.jms.Message' (OnClassCondition)

   JmxAutoConfiguration:
      Did not match:
         - @ConditionalOnProperty (spring.jmx.enabled=true) found different value in property 'enabled' (OnPropertyCondition)
      Matched:
         - @ConditionalOnClass found required class 'org.springframework.jmx.export.MBeanExporter' (OnClassCondition)

   JndiConnectionFactoryAutoConfiguration:
      Did not match:
         - @ConditionalOnClass did not find required class 'org.springframework.jms.core.JmsTemplate' (OnClassCondition)

   JndiDataSourceAutoConfiguration:
      Did not match:
         - @ConditionalOnProperty (spring.datasource.jndi-name) did not find property 'jndi-name' (OnPropertyCondition)
      Matched:
         - @ConditionalOnClass found required classes 'javax.sql.DataSource', 'org.springframework.jdbc.datasource.embedded.EmbeddedDatabaseType' (OnClassCondition)

   JndiJtaConfiguration:
      Did not match:
         - @ConditionalOnJndi JNDI environment is not available (OnJndiCondition)
      Matched:
         - @ConditionalOnClass found required class 'org.springframework.transaction.jta.JtaTransactionManager' (OnClassCondition)

   JooqAutoConfiguration:
      Did not match:
         - @ConditionalOnClass did not find required class 'org.jooq.DSLContext' (OnClassCondition)

   JpaRepositoriesAutoConfiguration#entityManagerFactoryBootstrapExecutorCustomizer:
      Did not match:
         - AnyNestedCondition 0 matched 2 did not; NestedCondition on JpaRepositoriesAutoConfiguration.BootstrapExecutorCondition.LazyBootstrapMode @ConditionalOnProperty (spring.data.jpa.repositories.bootstrap-mode=lazy) did not find property 'bootstrap-mode'; NestedCondition on JpaRepositoriesAutoConfiguration.BootstrapExecutorCondition.DeferredBootstrapMode @ConditionalOnProperty (spring.data.jpa.repositories.bootstrap-mode=deferred) did not find property 'bootstrap-mode' (JpaRepositoriesAutoConfiguration.BootstrapExecutorCondition)

   JsonbAutoConfiguration:
      Did not match:
         - @ConditionalOnClass did not find required class 'jakarta.json.bind.Jsonb' (OnClassCondition)

   JsonbHttpMessageConvertersConfiguration:
      Did not match:
         - @ConditionalOnClass did not find required class 'jakarta.json.bind.Jsonb' (OnClassCondition)

   KafkaAutoConfiguration:
      Did not match:
         - @ConditionalOnClass did not find required class 'org.springframework.kafka.core.KafkaTemplate' (OnClassCondition)

   LdapAutoConfiguration:
      Did not match:
         - @ConditionalOnClass did not find required class 'org.springframework.ldap.core.ContextSource' (OnClassCondition)

   LdapRepositoriesAutoConfiguration:
      Did not match:
         - @ConditionalOnClass did not find required class 'org.springframework.data.ldap.repository.LdapRepository' (OnClassCondition)

   LiquibaseAutoConfiguration:
      Did not match:
         - @ConditionalOnClass did not find required class 'liquibase.change.DatabaseChange' (OnClassCondition)

   MailSenderAutoConfiguration:
      Did not match:
         - @ConditionalOnClass did not find required class 'jakarta.mail.internet.MimeMessage' (OnClassCondition)

   MailSenderValidatorAutoConfiguration:
      Did not match:
         - @ConditionalOnSingleCandidate did not find required type 'org.springframework.mail.javamail.JavaMailSenderImpl' (OnBeanCondition)

   MessageSourceAutoConfiguration:
      Did not match:
         - ResourceBundle did not find bundle with basename messages (MessageSourceAutoConfiguration.ResourceBundleCondition)

   MongoAutoConfiguration:
      Did not match:
         - @ConditionalOnClass did not find required class 'com.mongodb.client.MongoClient' (OnClassCondition)

   MongoDataAutoConfiguration:
      Did not match:
         - @ConditionalOnClass did not find required class 'com.mongodb.client.MongoClient' (OnClassCondition)

   MongoReactiveAutoConfiguration:
      Did not match:
         - @ConditionalOnClass did not find required class 'com.mongodb.reactivestreams.client.MongoClient' (OnClassCondition)

   MongoReactiveDataAutoConfiguration:
      Did not match:
         - @ConditionalOnClass did not find required class 'com.mongodb.reactivestreams.client.MongoClient' (OnClassCondition)

   MongoReactiveRepositoriesAutoConfiguration:
      Did not match:
         - @ConditionalOnClass did not find required class 'com.mongodb.reactivestreams.client.MongoClient' (OnClassCondition)

   MongoRepositoriesAutoConfiguration:
      Did not match:
         - @ConditionalOnClass did not find required class 'com.mongodb.client.MongoClient' (OnClassCondition)

   MustacheAutoConfiguration:
      Did not match:
         - @ConditionalOnClass did not find required class 'com.samskivert.mustache.Mustache' (OnClassCondition)

   Neo4jAutoConfiguration:
      Did not match:
         - @ConditionalOnClass did not find required class 'org.neo4j.driver.Driver' (OnClassCondition)

   Neo4jDataAutoConfiguration:
      Did not match:
         - @ConditionalOnClass did not find required class 'org.neo4j.driver.Driver' (OnClassCondition)

   Neo4jReactiveDataAutoConfiguration:
      Did not match:
         - @ConditionalOnClass did not find required class 'org.neo4j.driver.Driver' (OnClassCondition)

   Neo4jReactiveRepositoriesAutoConfiguration:
      Did not match:
         - @ConditionalOnClass did not find required class 'org.neo4j.driver.Driver' (OnClassCondition)

   Neo4jRepositoriesAutoConfiguration:
      Did not match:
         - @ConditionalOnClass did not find required class 'org.neo4j.driver.Driver' (OnClassCondition)

   NettyAutoConfiguration:
      Did not match:
         - @ConditionalOnClass did not find required class 'io.netty.util.NettyRuntime' (OnClassCondition)

   OAuth2AuthorizationServerAutoConfiguration:
      Did not match:
         - @ConditionalOnClass did not find required class 'org.springframework.security.oauth2.server.authorization.OAuth2Authorization' (OnClassCondition)

   OAuth2AuthorizationServerJwtAutoConfiguration:
      Did not match:
         - @ConditionalOnClass did not find required class 'org.springframework.security.oauth2.server.authorization.OAuth2Authorization' (OnClassCondition)

   OAuth2ClientAutoConfiguration:
      Did not match:
         - @ConditionalOnClass did not find required class 'org.springframework.security.config.annotation.web.configuration.EnableWebSecurity' (OnClassCondition)

   OAuth2ResourceServerAutoConfiguration:
      Did not match:
         - @ConditionalOnClass did not find required class 'org.springframework.security.oauth2.server.resource.authentication.BearerTokenAuthenticationToken' (OnClassCondition)

   ProjectInfoAutoConfiguration#buildProperties:
      Did not match:
         - @ConditionalOnResource did not find resource '${spring.info.build.location:classpath:META-INF/build-info.properties}' (OnResourceCondition)

   ProjectInfoAutoConfiguration#gitProperties:
      Did not match:
         - GitResource did not find git info at classpath:git.properties (ProjectInfoAutoConfiguration.GitResourceAvailableCondition)

   PulsarAutoConfiguration:
      Did not match:
         - @ConditionalOnClass did not find required class 'org.apache.pulsar.client.api.PulsarClient' (OnClassCondition)

   PulsarReactiveAutoConfiguration:
      Did not match:
         - @ConditionalOnClass did not find required class 'org.apache.pulsar.client.api.PulsarClient' (OnClassCondition)

   QuartzAutoConfiguration:
      Did not match:
         - @ConditionalOnClass did not find required class 'org.quartz.Scheduler' (OnClassCondition)

   R2dbcAutoConfiguration:
      Did not match:
         - @ConditionalOnClass did not find required class 'io.r2dbc.spi.ConnectionFactory' (OnClassCondition)

   R2dbcDataAutoConfiguration:
      Did not match:
         - @ConditionalOnClass did not find required class 'org.springframework.data.r2dbc.core.R2dbcEntityTemplate' (OnClassCondition)

   R2dbcRepositoriesAutoConfiguration:
      Did not match:
         - @ConditionalOnClass did not find required class 'io.r2dbc.spi.ConnectionFactory' (OnClassCondition)

   R2dbcTransactionManagerAutoConfiguration:
      Did not match:
         - @ConditionalOnClass did not find required class 'org.springframework.r2dbc.connection.R2dbcTransactionManager' (OnClassCondition)

   RSocketGraphQlClientAutoConfiguration:
      Did not match:
         - @ConditionalOnClass did not find required class 'graphql.GraphQL' (OnClassCondition)

   RSocketMessagingAutoConfiguration:
      Did not match:
         - @ConditionalOnClass did not find required class 'io.rsocket.RSocket' (OnClassCondition)

   RSocketRequesterAutoConfiguration:
      Did not match:
         - @ConditionalOnClass did not find required class 'io.rsocket.RSocket' (OnClassCondition)

   RSocketSecurityAutoConfiguration:
      Did not match:
         - @ConditionalOnClass did not find required class 'org.springframework.security.rsocket.core.SecuritySocketAcceptorInterceptor' (OnClassCondition)

   RSocketServerAutoConfiguration:
      Did not match:
         - @ConditionalOnClass did not find required class 'io.rsocket.core.RSocketServer' (OnClassCondition)

   RSocketStrategiesAutoConfiguration:
      Did not match:
         - @ConditionalOnClass did not find required class 'io.netty.buffer.PooledByteBufAllocator' (OnClassCondition)

   RabbitAutoConfiguration:
      Did not match:
         - @ConditionalOnClass did not find required class 'com.rabbitmq.client.Channel' (OnClassCondition)

   ReactiveElasticsearchClientAutoConfiguration:
      Did not match:
         - @ConditionalOnClass did not find required class 'co.elastic.clients.transport.ElasticsearchTransport' (OnClassCondition)

   ReactiveElasticsearchRepositoriesAutoConfiguration:
      Did not match:
         - @ConditionalOnClass did not find required class 'org.springframework.data.elasticsearch.client.elc.ReactiveElasticsearchClient' (OnClassCondition)

   ReactiveMultipartAutoConfiguration:
      Did not match:
         - @ConditionalOnClass did not find required class 'org.springframework.web.reactive.config.WebFluxConfigurer' (OnClassCondition)

   ReactiveOAuth2ClientAutoConfiguration:
      Did not match:
         - @ConditionalOnClass did not find required class 'reactor.core.publisher.Flux' (OnClassCondition)

   ReactiveOAuth2ResourceServerAutoConfiguration:
      Did not match:
         - @ConditionalOnClass did not find required class 'org.springframework.security.config.annotation.web.reactive.EnableWebFluxSecurity' (OnClassCondition)

   ReactiveSecurityAutoConfiguration:
      Did not match:
         - @ConditionalOnClass did not find required class 'reactor.core.publisher.Flux' (OnClassCondition)

   ReactiveUserDetailsServiceAutoConfiguration:
      Did not match:
         - @ConditionalOnClass did not find required class 'org.springframework.security.authentication.ReactiveAuthenticationManager' (OnClassCondition)

   ReactiveWebServerFactoryAutoConfiguration:
      Did not match:
         - @ConditionalOnWebApplication did not find reactive web application classes (OnWebApplicationCondition)

   ReactorAutoConfiguration:
      Did not match:
         - @ConditionalOnClass did not find required class 'reactor.core.publisher.Hooks' (OnClassCondition)

   RedisAutoConfiguration:
      Did not match:
         - @ConditionalOnClass did not find required class 'org.springframework.data.redis.core.RedisOperations' (OnClassCondition)

   RedisCacheConfiguration:
      Did not match:
         - @ConditionalOnClass did not find required class 'org.springframework.data.redis.connection.RedisConnectionFactory' (OnClassCondition)

   RedisReactiveAutoConfiguration:
      Did not match:
         - @ConditionalOnClass did not find required class 'reactor.core.publisher.Flux' (OnClassCondition)

   RedisRepositoriesAutoConfiguration:
      Did not match:
         - @ConditionalOnClass did not find required class 'org.springframework.data.redis.repository.configuration.EnableRedisRepositories' (OnClassCondition)

   RepositoryRestMvcAutoConfiguration:
      Did not match:
         - @ConditionalOnClass did not find required class 'org.springframework.data.rest.webmvc.config.RepositoryRestMvcConfiguration' (OnClassCondition)

   Saml2RelyingPartyAutoConfiguration:
      Did not match:
         - @ConditionalOnClass did not find required class 'org.springframework.security.saml2.provider.service.registration.RelyingPartyRegistrationRepository' (OnClassCondition)

   SecurityAutoConfiguration:
      Did not match:
         - @ConditionalOnClass did not find required class 'org.springframework.security.authentication.DefaultAuthenticationEventPublisher' (OnClassCondition)

   SecurityFilterAutoConfiguration:
      Did not match:
         - @ConditionalOnClass did not find required class 'org.springframework.security.config.http.SessionCreationPolicy' (OnClassCondition)

   SendGridAutoConfiguration:
      Did not match:
         - @ConditionalOnClass did not find required class 'com.sendgrid.SendGrid' (OnClassCondition)

   ServletWebServerFactoryAutoConfiguration.ForwardedHeaderFilterConfiguration:
      Did not match:
         - @ConditionalOnProperty (server.forward-headers-strategy=framework) did not find property 'server.forward-headers-strategy' (OnPropertyCondition)

   ServletWebServerFactoryConfiguration.EmbeddedJetty:
      Did not match:
         - @ConditionalOnClass did not find required classes 'org.eclipse.jetty.server.Server', 'org.eclipse.jetty.util.Loader', 'org.eclipse.jetty.ee10.webapp.WebAppContext' (OnClassCondition)

   ServletWebServerFactoryConfiguration.EmbeddedUndertow:
      Did not match:
         - @ConditionalOnClass did not find required classes 'io.undertow.Undertow', 'org.xnio.SslClientAuthMode' (OnClassCondition)

   SessionAutoConfiguration:
      Did not match:
         - @ConditionalOnClass did not find required class 'org.springframework.session.Session' (OnClassCondition)

   SpringApplicationAdminJmxAutoConfiguration:
      Did not match:
         - @ConditionalOnProperty (spring.application.admin.enabled=true) did not find property 'enabled' (OnPropertyCondition)

   SqlInitializationAutoConfiguration:
      Did not match:
         - NoneNestedConditions 1 matched 0 did not; NestedCondition on SqlInitializationAutoConfiguration.SqlInitializationModeCondition.ModeIsNever @ConditionalOnProperty (spring.sql.init.mode=never) matched (SqlInitializationAutoConfiguration.SqlInitializationModeCondition)
      Matched:
         - @ConditionalOnProperty (spring.sql.init.enabled) matched (OnPropertyCondition)

   TaskExecutorConfigurations.SimpleAsyncTaskExecutorBuilderConfiguration#simpleAsyncTaskExecutorBuilderVirtualThreads:
      Did not match:
         - @ConditionalOnMissingBean (types: org.springframework.boot.task.SimpleAsyncTaskExecutorBuilder; SearchStrategy: all) found beans of type 'org.springframework.boot.task.SimpleAsyncTaskExecutorBuilder' simpleAsyncTaskExecutorBuilder (OnBeanCondition)

   TaskExecutorConfigurations.TaskExecutorConfiguration#applicationTaskExecutorVirtualThreads:
      Did not match:
         - @ConditionalOnThreading did not find VIRTUAL (OnThreadingCondition)

   TaskSchedulingAutoConfiguration#scheduledBeanLazyInitializationExcludeFilter:
      Did not match:
         - @ConditionalOnBean (names: org.springframework.context.annotation.internalScheduledAnnotationProcessor; SearchStrategy: all) did not find any beans named org.springframework.context.annotation.internalScheduledAnnotationProcessor (OnBeanCondition)

   TaskSchedulingConfigurations.SimpleAsyncTaskSchedulerBuilderConfiguration#simpleAsyncTaskSchedulerBuilderVirtualThreads:
      Did not match:
         - @ConditionalOnMissingBean (types: org.springframework.boot.task.SimpleAsyncTaskSchedulerBuilder; SearchStrategy: all) found beans of type 'org.springframework.boot.task.SimpleAsyncTaskSchedulerBuilder' simpleAsyncTaskSchedulerBuilder (OnBeanCondition)

   TaskSchedulingConfigurations.TaskSchedulerConfiguration:
      Did not match:
         - @ConditionalOnBean (names: org.springframework.context.annotation.internalScheduledAnnotationProcessor; SearchStrategy: all) did not find any beans named org.springframework.context.annotation.internalScheduledAnnotationProcessor (OnBeanCondition)

   TemplateEngineConfigurations.ReactiveTemplateEngineConfiguration:
      Did not match:
         - did not find reactive web application classes (OnWebApplicationCondition)

   ThymeleafAutoConfiguration.DataAttributeDialectConfiguration:
      Did not match:
         - @ConditionalOnClass did not find required class 'com.github.mxab.thymeleaf.extras.dataattribute.dialect.DataAttributeDialect' (OnClassCondition)

   ThymeleafAutoConfiguration.ThymeleafSecurityDialectConfiguration:
      Did not match:
         - @ConditionalOnClass did not find required classes 'org.thymeleaf.extras.springsecurity6.dialect.SpringSecurityDialect', 'org.springframework.security.web.server.csrf.CsrfToken' (OnClassCondition)

   ThymeleafAutoConfiguration.ThymeleafWebFluxConfiguration:
      Did not match:
         - did not find reactive web application classes (OnWebApplicationCondition)

   ThymeleafAutoConfiguration.ThymeleafWebLayoutConfiguration:
      Did not match:
         - @ConditionalOnClass did not find required class 'nz.net.ultraq.thymeleaf.layoutdialect.LayoutDialect' (OnClassCondition)

   ThymeleafAutoConfiguration.ThymeleafWebMvcConfiguration#resourceUrlEncodingFilter:
      Did not match:
         - @ConditionalOnEnabledResourceChain did not find class org.webjars.WebJarAssetLocator (OnEnabledResourceChainCondition)

   TransactionAutoConfiguration#transactionalOperator:
      Did not match:
         - @ConditionalOnSingleCandidate (types: org.springframework.transaction.ReactiveTransactionManager; SearchStrategy: all) did not find any beans (OnBeanCondition)

   TransactionAutoConfiguration.AspectJTransactionManagementConfiguration:
      Did not match:
         - @ConditionalOnBean (types: org.springframework.transaction.aspectj.AbstractTransactionAspect; SearchStrategy: all) did not find any beans of type org.springframework.transaction.aspectj.AbstractTransactionAspect (OnBeanCondition)

   TransactionAutoConfiguration.EnableTransactionManagementConfiguration.JdkDynamicAutoProxyConfiguration:
      Did not match:
         - @ConditionalOnProperty (spring.aop.proxy-target-class=false) did not find property 'proxy-target-class' (OnPropertyCondition)

   UserDetailsServiceAutoConfiguration:
      Did not match:
         - @ConditionalOnClass did not find required class 'org.springframework.security.authentication.AuthenticationManager' (OnClassCondition)

   WebClientAutoConfiguration:
      Did not match:
         - @ConditionalOnClass did not find required class 'org.springframework.web.reactive.function.client.WebClient' (OnClassCondition)

   WebFluxAutoConfiguration:
      Did not match:
         - @ConditionalOnClass did not find required class 'org.springframework.web.reactive.config.WebFluxConfigurer' (OnClassCondition)

   WebMvcAutoConfiguration#hiddenHttpMethodFilter:
      Did not match:
         - @ConditionalOnProperty (spring.mvc.hiddenmethod.filter.enabled) did not find property 'enabled' (OnPropertyCondition)

   WebMvcAutoConfiguration.ProblemDetailsErrorHandlingConfiguration:
      Did not match:
         - @ConditionalOnProperty (spring.mvc.problemdetails.enabled=true) did not find property 'enabled' (OnPropertyCondition)

   WebMvcAutoConfiguration.ResourceChainCustomizerConfiguration:
      Did not match:
         - @ConditionalOnEnabledResourceChain did not find class org.webjars.WebJarAssetLocator (OnEnabledResourceChainCondition)

   WebMvcAutoConfiguration.WebMvcAutoConfigurationAdapter#beanNameViewResolver:
      Did not match:
         - @ConditionalOnBean (types: org.springframework.web.servlet.View; SearchStrategy: all) did not find any beans of type org.springframework.web.servlet.View (OnBeanCondition)

   WebServiceTemplateAutoConfiguration:
      Did not match:
         - @ConditionalOnClass did not find required class 'org.springframework.oxm.Marshaller' (OnClassCondition)

   WebServicesAutoConfiguration:
      Did not match:
         - @ConditionalOnClass did not find required class 'org.springframework.ws.transport.http.MessageDispatcherServlet' (OnClassCondition)

   WebSessionIdResolverAutoConfiguration:
      Did not match:
         - @ConditionalOnClass did not find required class 'reactor.core.publisher.Mono' (OnClassCondition)

   WebSocketMessagingAutoConfiguration:
      Did not match:
         - @ConditionalOnClass did not find required class 'org.springframework.web.socket.config.annotation.WebSocketMessageBrokerConfigurer' (OnClassCondition)

   WebSocketReactiveAutoConfiguration:
      Did not match:
         - @ConditionalOnWebApplication did not find reactive web application classes (OnWebApplicationCondition)

   WebSocketServletAutoConfiguration.JettyWebSocketConfiguration:
      Did not match:
         - @ConditionalOnClass did not find required class 'org.eclipse.jetty.ee10.websocket.jakarta.server.config.JakartaWebSocketServletContainerInitializer' (OnClassCondition)

   WebSocketServletAutoConfiguration.UndertowWebSocketConfiguration:
      Did not match:
         - @ConditionalOnClass did not find required class 'io.undertow.websockets.jsr.Bootstrap' (OnClassCondition)

   XADataSourceAutoConfiguration:
      Did not match:
         - @ConditionalOnBean (types: org.springframework.boot.jdbc.XADataSourceWrapper; SearchStrategy: all) did not find any beans of type org.springframework.boot.jdbc.XADataSourceWrapper (OnBeanCondition)
      Matched:
         - @ConditionalOnClass found required classes 'javax.sql.DataSource', 'jakarta.transaction.TransactionManager', 'org.springframework.jdbc.datasource.embedded.EmbeddedDatabaseType' (OnClassCondition)


Exclusions:
-----------

    None


Unconditional classes:
----------------------

    org.springframework.boot.autoconfigure.context.ConfigurationPropertiesAutoConfiguration

    org.springframework.boot.autoconfigure.ssl.SslAutoConfiguration

    org.springframework.boot.autoconfigure.context.LifecycleAutoConfiguration

    org.springframework.boot.autoconfigure.context.PropertyPlaceholderAutoConfiguration

    org.springframework.boot.autoconfigure.availability.ApplicationAvailabilityAutoConfiguration

    org.springframework.boot.autoconfigure.info.ProjectInfoAutoConfiguration



2025-07-02T23:03:04.502-03:00  INFO 9660 --- [Sistema de GestÃ£o AcadÃªmica] [           main] .m.MeuprimeirospringbootApplicationTests : Started MeuprimeirospringbootApplicationTests in 12.923 seconds (process running for 15.232)
2025-07-02T23:03:04.505-03:00 DEBUG 9660 --- [Sistema de GestÃ£o AcadÃªmica] [           main] o.s.b.a.ApplicationAvailabilityBean      : Application availability state LivenessState changed to CORRECT
2025-07-02T23:03:04.524-03:00 DEBUG 9660 --- [Sistema de GestÃ£o AcadÃªmica] [           main] o.s.b.a.ApplicationAvailabilityBean      : Application availability state ReadinessState changed to ACCEPTING_TRAFFIC
2025-07-02T23:03:04.537-03:00 DEBUG 9660 --- [Sistema de GestÃ£o AcadÃªmica] [           main] org.springframework.test.context.cache   : Spring test ApplicationContext cache statistics: [DefaultContextCache@35c344ce size = 1, maxSize = 32, parentContextCount = 0, hitCount = 0, missCount = 1, failureCount = 0]
2025-07-02T23:03:04.537-03:00 DEBUG 9660 --- [Sistema de GestÃ£o AcadÃªmica] [           main] o.s.t.c.w.ServletTestExecutionListener   : Setting up MockHttpServletRequest, MockHttpServletResponse, ServletWebRequest, and RequestContextHolder for test class br.edu.ifce.meuprimeirospringboot.MeuprimeirospringbootApplicationTests
2025-07-02T23:03:04.587-03:00 DEBUG 9660 --- [Sistema de GestÃ£o AcadÃªmica] [           main] DependencyInjectionTestExecutionListener : Performing dependency injection for test class br.edu.ifce.meuprimeirospringboot.MeuprimeirospringbootApplicationTests
2025-07-02T23:03:04.587-03:00 DEBUG 9660 --- [Sistema de GestÃ£o AcadÃªmica] [           main] org.springframework.test.context.cache   : Spring test ApplicationContext cache statistics: [DefaultContextCache@35c344ce size = 1, maxSize = 32, parentContextCount = 0, hitCount = 1, missCount = 1, failureCount = 0]
2025-07-02T23:03:04.594-03:00 DEBUG 9660 --- [Sistema de GestÃ£o AcadÃªmica] [           main] org.springframework.test.context.cache   : Spring test ApplicationContext cache statistics: [DefaultContextCache@35c344ce size = 1, maxSize = 32, parentContextCount = 0, hitCount = 2, missCount = 1, failureCount = 0]
2025-07-02T23:03:04.625-03:00 DEBUG 9660 --- [Sistema de GestÃ£o AcadÃªmica] [           main] sContextBeforeModesTestExecutionListener : Before test method: class [MeuprimeirospringbootApplicationTests], method [contextLoads], class annotated with @DirtiesContext [false] with mode [null], method annotated with @DirtiesContext [false] with mode [null]
2025-07-02T23:03:04.633-03:00 DEBUG 9660 --- [Sistema de GestÃ£o AcadÃªmica] [           main] org.springframework.test.context.cache   : Spring test ApplicationContext cache statistics: [DefaultContextCache@35c344ce size = 1, maxSize = 32, parentContextCount = 0, hitCount = 3, missCount = 1, failureCount = 0]
2025-07-02T23:03:04.633-03:00 DEBUG 9660 --- [Sistema de GestÃ£o AcadÃªmica] [           main] org.springframework.test.context.cache   : Spring test ApplicationContext cache statistics: [DefaultContextCache@35c344ce size = 1, maxSize = 32, parentContextCount = 0, hitCount = 4, missCount = 1, failureCount = 0]
2025-07-02T23:03:05.830-03:00 DEBUG 9660 --- [Sistema de GestÃ£o AcadÃªmica] [           main] org.springframework.test.context.cache   : Spring test ApplicationContext cache statistics: [DefaultContextCache@35c344ce size = 1, maxSize = 32, parentContextCount = 0, hitCount = 5, missCount = 1, failureCount = 0]
2025-07-02T23:03:05.842-03:00 DEBUG 9660 --- [Sistema de GestÃ£o AcadÃªmica] [           main] org.springframework.test.context.cache   : Spring test ApplicationContext cache statistics: [DefaultContextCache@35c344ce size = 1, maxSize = 32, parentContextCount = 0, hitCount = 6, missCount = 1, failureCount = 0]
2025-07-02T23:03:05.848-03:00 DEBUG 9660 --- [Sistema de GestÃ£o AcadÃªmica] [           main] org.springframework.test.context.cache   : Spring test ApplicationContext cache statistics: [DefaultContextCache@35c344ce size = 1, maxSize = 32, parentContextCount = 0, hitCount = 7, missCount = 1, failureCount = 0]
2025-07-02T23:03:05.848-03:00 DEBUG 9660 --- [Sistema de GestÃ£o AcadÃªmica] [           main] org.springframework.test.context.cache   : Spring test ApplicationContext cache statistics: [DefaultContextCache@35c344ce size = 1, maxSize = 32, parentContextCount = 0, hitCount = 8, missCount = 1, failureCount = 0]
2025-07-02T23:03:05.848-03:00 DEBUG 9660 --- [Sistema de GestÃ£o AcadÃªmica] [           main] org.springframework.test.context.cache   : Spring test ApplicationContext cache statistics: [DefaultContextCache@35c344ce size = 1, maxSize = 32, parentContextCount = 0, hitCount = 9, missCount = 1, failureCount = 0]
2025-07-02T23:03:05.848-03:00 DEBUG 9660 --- [Sistema de GestÃ£o AcadÃªmica] [           main] org.springframework.test.context.cache   : Spring test ApplicationContext cache statistics: [DefaultContextCache@35c344ce size = 1, maxSize = 32, parentContextCount = 0, hitCount = 10, missCount = 1, failureCount = 0]
2025-07-02T23:03:05.855-03:00 DEBUG 9660 --- [Sistema de GestÃ£o AcadÃªmica] [           main] org.springframework.test.context.cache   : Spring test ApplicationContext cache statistics: [DefaultContextCache@35c344ce size = 1, maxSize = 32, parentContextCount = 0, hitCount = 11, missCount = 1, failureCount = 0]
2025-07-02T23:03:05.855-03:00 DEBUG 9660 --- [Sistema de GestÃ£o AcadÃªmica] [           main] .c.s.DirtiesContextTestExecutionListener : After test method: class [MeuprimeirospringbootApplicationTests], method [contextLoads], class annotated with @DirtiesContext [false] with mode [null], method annotated with @DirtiesContext [false] with mode [null]
2025-07-02T23:03:05.855-03:00 DEBUG 9660 --- [Sistema de GestÃ£o AcadÃªmica] [           main] o.s.t.c.w.ServletTestExecutionListener   : Resetting RequestContextHolder for test class br.edu.ifce.meuprimeirospringboot.MeuprimeirospringbootApplicationTests
]]></system-out>
  </testcase>
</testsuite>